09:22:09.205 [main                     ] DEBUG Logger               - Configured Logger
09:22:09.252 [main                     ] DEBUG GameApplication      - Logging settings
Title: Basic Game App
Version: 0.0
Width: 600
Height: 600
Fullscreen: false
Intro: false
Profiling: false
Single step:false
App Mode: DEVELOPER
Menu Key: ESCAPE
Stage Style: DECORATED
Scene Factory: class com.almasb.fxgl.app.scene.SceneFactory

09:22:09.718 [JavaFX Application Thread] DEBUG FXGLApplication      - Initializing FXGL
09:22:09.728 [JavaFX Application Thread] INFO  Engine               - FXGL-17.2 (20.08.2022 16.50) on LINUX (J:17.0.12 FX:18)
09:22:09.728 [JavaFX Application Thread] DEBUG Engine               - JRE Vendor Name: JetBrains s.r.o.
09:22:09.729 [JavaFX Application Thread] DEBUG Engine               - Running on OS: Linux version 6.11.7-300.fc41.x86_64
09:22:09.729 [JavaFX Application Thread] DEBUG Engine               - Architecture: amd64
09:22:09.730 [JavaFX Application Thread] INFO  Engine               - Source code and latest versions at: https://github.com/AlmasB/FXGL
09:22:09.730 [JavaFX Application Thread] INFO  Engine               -       Ask questions and discuss at: https://github.com/AlmasB/FXGL/discussions
09:22:09.730 [JavaFX Application Thread] INFO  Engine               -              Join the FXGL chat at: https://gitter.im/AlmasB/FXGL
09:22:09.888 [JavaFX Application Thread] DEBUG PrimaryStageWindow   - Creating a JavaFX scene
09:22:09.991 [JavaFX Application Thread] DEBUG PrimaryStageWindow   - Target settings size: 600.0 x 600.0
09:22:09.991 [JavaFX Application Thread] DEBUG PrimaryStageWindow   - Scaled scene size:    600.0 x 600.0
09:22:09.992 [JavaFX Application Thread] DEBUG PrimaryStageWindow   - Scaled ratio: (1.0, 1.0)
09:22:09.993 [JavaFX Application Thread] DEBUG PrimaryStageWindow   - Set initial scene to FXGLStartupScene
09:22:10.004 [JavaFX Application Thread] DEBUG PrimaryStageWindow   - Opening main window
09:22:10.068 [JavaFX Application Thread] DEBUG PrimaryStageWindow   - Window border size: (2.0, 29.0)
09:22:10.069 [JavaFX Application Thread] DEBUG PrimaryStageWindow   - Scaled size: 600.0 x 600.0
09:22:10.069 [JavaFX Application Thread] DEBUG PrimaryStageWindow   - Scaled ratio: (1.0, 1.0)
09:22:10.070 [JavaFX Application Thread] DEBUG PrimaryStageWindow   - Scene size: 600.0 x 600.0
09:22:10.070 [JavaFX Application Thread] DEBUG PrimaryStageWindow   - Stage size: 602.0 x 629.0
09:22:10.080 [FXGL Background Thread 1 ] DEBUG Engine               - Initializing environment variables
09:22:10.131 [FXGL Background Thread 1 ] DEBUG FXGLAssetLoaderServi - User app class for loading assets: class org.example.Main
09:22:10.132 [FXGL Background Thread 1 ] DEBUG GameApplicationServi - Applying CSS: fxgl_dark.css
09:22:10.134 [FXGL Background Thread 1 ] DEBUG FXGLAssetLoaderServi - Loading from file system: jar:file:/home/rodrigo/.m2/repository/com/github/almasb/fxgl/17.2/fxgl-17.2.jar!/fxglassets/ui/css/fxgl_dark.css
09:22:10.200 [FXGL Background Thread 1 ] DEBUG GameApplicationServi - Initializing application scenes
09:22:10.298 [FXGL Background Thread 1 ] DEBUG GameWorld            - Game world initialized
09:22:10.355 [FXGL Background Thread 1 ] DEBUG PhysicsWorld         - Physics world initialized: appHeight=600, physics.ppm=50.0
09:22:10.355 [FXGL Background Thread 1 ] DEBUG PhysicsWorld         - Using strategy: BRUTE_FORCE
09:22:10.361 [FXGL Background Thread 1 ] DEBUG GameScene            - Game scene initialized: 600x600
09:22:10.377 [FXGL Background Thread 1 ] WARN  FXGL.DefaultMenu     - FXGLDefaultMenu is not designed for resolutions < 800x600
09:22:10.378 [FXGL Background Thread 1 ] DEBUG FXGL.DefaultMenu     - createMenuBodyGameMenu()
09:22:10.399 [FXGL Background Thread 1 ] DEBUG FXGL.DefaultMenu     - createOptionsMenu()
09:22:10.415 [FXGL Background Thread 1 ] DEBUG FXGLAssetLoaderServi - Loading from file system: jar:file:/home/rodrigo/.m2/repository/com/github/almasb/fxgl/17.2/fxgl-17.2.jar!/fxglassets/textures/particles/smoke.png
09:22:10.541 [FXGL Background Thread 1 ] DEBUG FXGLAssetLoaderServi - Loading from file system: jar:file:/home/rodrigo/.m2/repository/com/github/almasb/fxgl/17.2/fxgl-17.2.jar!/fxglassets/textures/particles/trace_horizontal.png
09:22:10.594 [FXGL Background Thread 1 ] DEBUG GameApplicationServi - Application scenes initialized
09:22:10.613 [FXGL Background Thread 1 ] DEBUG SystemBundleService  - Loading FXGL system data
09:22:10.620 [FXGL Background Thread 1 ] DEBUG FileSystemAccess     - Reading from: /home/rodrigo/Documentos/UP/concurrentes/RestaurantSim/RestaurantSim/system/fxgl.bundle
09:22:10.634 [FXGL Background Thread 1 ] DEBUG SystemBundleService  - Bundle FXGL: {}
09:22:10.634 [FXGL Background Thread 1 ] DEBUG UpdaterService       - Checking for updates
09:22:10.641 [FXGL Background Thread 4 ] DEBUG FXGLApplication      - Loading fonts
09:22:10.641 [FXGL Background Thread 1 ] DEBUG FXGLApplication      - Loading default localization
09:22:10.642 [FXGL Background Thread 4 ] DEBUG FXGLAssetLoaderServi - Loading from file system: jar:file:/home/rodrigo/.m2/repository/com/github/almasb/fxgl/17.2/fxgl-17.2.jar!/fxglassets/ui/fonts/VarelaRound-Regular.ttf
09:22:10.642 [FXGL Background Thread 1 ] DEBUG FXGLAssetLoaderServi - Loading from file system: jar:file:/home/rodrigo/.m2/repository/com/github/almasb/fxgl/17.2/fxgl-17.2.jar!/fxglassets/languages/english.lang
09:22:10.654 [FXGL Background Thread 4 ] DEBUG FXGLAssetLoaderServi - Loading from file system: jar:file:/home/rodrigo/.m2/repository/com/github/almasb/fxgl/17.2/fxgl-17.2.jar!/fxglassets/ui/fonts/Abel-Regular.ttf
09:22:10.656 [FXGL Background Thread 4 ] DEBUG FXGLAssetLoaderServi - Loading from file system: jar:file:/home/rodrigo/.m2/repository/com/github/almasb/fxgl/17.2/fxgl-17.2.jar!/fxglassets/ui/fonts/TerminalLandMono-Regular.otf
09:22:10.659 [FXGL Background Thread 4 ] DEBUG FXGLAssetLoaderServi - Loading from file system: jar:file:/home/rodrigo/.m2/repository/com/github/almasb/fxgl/17.2/fxgl-17.2.jar!/fxglassets/ui/fonts/Courier-Prime.ttf
09:22:10.663 [FXGL Background Thread 1 ] INFO  FXGLApplication      - FXGL initialization took: 0.583 sec
09:22:10.663 [JavaFX Application Thread] DEBUG FXGLApplication      - Registering font factories with UI factory
09:22:10.677 [JavaFX Application Thread] DEBUG Input                - Registered new binding: action0 - D
09:22:10.678 [JavaFX Application Thread] DEBUG Input                - Registered new binding: action1 - A
09:22:10.678 [JavaFX Application Thread] DEBUG Input                - Registered new binding: action2 - W
09:22:10.678 [JavaFX Application Thread] DEBUG Input                - Registered new binding: action3 - S
09:22:10.679 [JavaFX Application Thread] DEBUG FXGLAssetLoaderServi - Loading from file system: jar:file:/home/rodrigo/.m2/repository/com/github/almasb/fxgl/17.2/fxgl-17.2.jar!/fxglassets/textures/fxgl_icon.png
09:22:10.720 [JavaFX Application Thread] DEBUG FXGLAssetLoaderServi - Loading from file system: jar:file:/home/rodrigo/.m2/repository/com/github/almasb/fxgl/17.2/fxgl-17.2.jar!/fxglassets/textures/fxgl_default_cursor.png
09:22:10.723 [JavaFX Application Thread] DEBUG Input                - Registered new binding: Screenshot - CTRL+8
09:22:10.724 [JavaFX Application Thread] DEBUG Input                - Registered new binding: System info dump - CTRL+9
09:22:10.725 [JavaFX Application Thread] DEBUG Input                - Registered new binding: Restart - CTRL+R
09:22:10.726 [JavaFX Application Thread] DEBUG Input                - Registered new binding: Toggle Debug Camera - CTRL+7
09:22:10.728 [JavaFX Application Thread] DEBUG LoopRunner           - Starting loop
09:22:10.728 [JavaFX Application Thread] DEBUG LoopRunner           - Initializing JavaFX AnimationTimerLoop
09:22:10.730 [JavaFX Application Thread] DEBUG GameApplicationServi - Starting new game
09:22:10.731 [JavaFX Application Thread] DEBUG Input                - Clearing active input actions
09:22:10.745 [JavaFX Application Thread] DEBUG GameApplicationServi - Removing overlay from FXGLStartupScene and adding to FXGLLoadingScene
09:22:10.746 [JavaFX Application Thread] DEBUG PrimaryStageWindow   - FXGLStartupScene -> FXGLLoadingScene
09:22:10.747 [JavaFX Application Thread] DEBUG GameApplicationServi - Clearing previous game
09:22:10.747 [JavaFX Application Thread] DEBUG GameScene            - Clearing game scene
09:22:10.747 [JavaFX Application Thread] DEBUG GameWorld            - Clearing game world
09:22:10.747 [JavaFX Application Thread] DEBUG PhysicsWorld         - Clearing physics world
09:22:10.749 [FXGL Background Thread 1 ] DEBUG FXGLApplication      - Initializing game
09:22:10.754 [FXGL Background Thread 1 ] DEBUG FXGLAssetLoaderServi - Loading from file system: file:/home/rodrigo/Documentos/UP/concurrentes/RestaurantSim/RestaurantSim/target/classes/assets/textures/jean.png
09:22:10.796 [FXGL Background Thread 1 ] INFO  FXGLApplication      - Game initialization took: 0.046 sec
09:22:10.830 [JavaFX Application Thread] DEBUG Input                - Clearing active input actions
09:22:10.843 [JavaFX Application Thread] DEBUG GameApplicationServi - Removing overlay from FXGLLoadingScene and adding to GameScene
09:22:10.844 [JavaFX Application Thread] DEBUG PrimaryStageWindow   - FXGLLoadingScene -> GameScene
09:22:12.521 [JavaFX Application Thread] DEBUG FXGLApplication      - Exiting FXGL
09:22:12.521 [JavaFX Application Thread] DEBUG LoopRunner           - Stopping loop
09:22:12.522 [JavaFX Application Thread] DEBUG SystemBundleService  - Saving FXGL system data
09:22:12.525 [JavaFX Application Thread] DEBUG FileSystemAccess     - Writing to: /home/rodrigo/Documentos/UP/concurrentes/RestaurantSim/RestaurantSim/system/fxgl.bundle
09:22:12.527 [JavaFX Application Thread] DEBUG Async                - Shutting down background threads
09:22:12.527 [JavaFX Application Thread] DEBUG PrimaryStageWindow   - Closing main window
09:22:12.530 [JavaFX Application Thread] DEBUG Logger               - Closing Logger
