13:44:44.295 [main                     ] DEBUG Logger               - Configured Logger
13:44:44.363 [main                     ] DEBUG GameApplication      - Logging settings
Title: Basic Game App
Version: 0.0
Width: 1280
Height: 720
Fullscreen: false
Intro: false
Profiling: false
Single step:false
App Mode: DEVELOPER
Menu Key: ESCAPE
Stage Style: DECORATED
Scene Factory: class com.almasb.fxgl.app.scene.SceneFactory

13:44:45.251 [JavaFX Application Thread] DEBUG FXGLApplication      - Initializing FXGL
13:44:45.266 [JavaFX Application Thread] INFO  Engine               - FXGL-17.2 (20.08.2022 16.50) on WINDOWS (J:17.0.12 FX:18)
13:44:45.266 [JavaFX Application Thread] DEBUG Engine               - JRE Vendor Name: Oracle Corporation
13:44:45.267 [JavaFX Application Thread] DEBUG Engine               - Running on OS: Windows 11 version 10.0
13:44:45.267 [JavaFX Application Thread] DEBUG Engine               - Architecture: amd64
13:44:45.268 [JavaFX Application Thread] INFO  Engine               - Source code and latest versions at: https://github.com/AlmasB/FXGL
13:44:45.268 [JavaFX Application Thread] INFO  Engine               -       Ask questions and discuss at: https://github.com/AlmasB/FXGL/discussions
13:44:45.268 [JavaFX Application Thread] INFO  Engine               -              Join the FXGL chat at: https://gitter.im/AlmasB/FXGL
13:44:45.608 [JavaFX Application Thread] DEBUG PrimaryStageWindow   - Creating a JavaFX scene
13:44:45.710 [JavaFX Application Thread] DEBUG PrimaryStageWindow   - Target settings size: 1280.0 x 720.0
13:44:45.710 [JavaFX Application Thread] DEBUG PrimaryStageWindow   - Scaled scene size:    1280.0 x 720.0
13:44:45.711 [JavaFX Application Thread] DEBUG PrimaryStageWindow   - Scaled ratio: (1.0, 1.0)
13:44:45.713 [JavaFX Application Thread] DEBUG PrimaryStageWindow   - Set initial scene to FXGLStartupScene
13:44:45.733 [JavaFX Application Thread] DEBUG PrimaryStageWindow   - Opening main window
13:44:45.911 [JavaFX Application Thread] DEBUG PrimaryStageWindow   - Window border size: (16.0, 39.0)
13:44:45.912 [JavaFX Application Thread] DEBUG PrimaryStageWindow   - Scaled size: 1280.0 x 720.0
13:44:45.913 [JavaFX Application Thread] DEBUG PrimaryStageWindow   - Scaled ratio: (1.0, 1.0)
13:44:45.913 [JavaFX Application Thread] DEBUG PrimaryStageWindow   - Scene size: 1280.0 x 720.0
13:44:45.914 [JavaFX Application Thread] DEBUG PrimaryStageWindow   - Stage size: 1296.0 x 759.0
13:44:45.936 [FXGL Background Thread 1 ] DEBUG Engine               - Initializing environment variables
13:44:46.014 [FXGL Background Thread 1 ] DEBUG FXGLAssetLoaderServi - User app class for loading assets: class org.example.Main
13:44:46.015 [FXGL Background Thread 1 ] DEBUG GameApplicationServi - Applying CSS: fxgl_dark.css
13:44:46.017 [FXGL Background Thread 1 ] DEBUG FXGLAssetLoaderServi - Loading from file system: jar:file:/C:/Users/elsal/.m2/repository/com/github/almasb/fxgl/17.2/fxgl-17.2.jar!/fxglassets/ui/css/fxgl_dark.css
13:44:46.108 [FXGL Background Thread 1 ] DEBUG GameApplicationServi - Initializing application scenes
13:44:46.265 [FXGL Background Thread 1 ] DEBUG GameWorld            - Game world initialized
13:44:46.379 [FXGL Background Thread 1 ] DEBUG PhysicsWorld         - Physics world initialized: appHeight=720, physics.ppm=50.0
13:44:46.380 [FXGL Background Thread 1 ] DEBUG PhysicsWorld         - Using strategy: BRUTE_FORCE
13:44:46.390 [FXGL Background Thread 1 ] DEBUG GameScene            - Game scene initialized: 1280x720
13:44:46.421 [FXGL Background Thread 1 ] DEBUG FXGL.DefaultMenu     - createMenuBodyGameMenu()
13:44:46.464 [FXGL Background Thread 1 ] DEBUG FXGL.DefaultMenu     - createOptionsMenu()
13:44:46.497 [FXGL Background Thread 1 ] DEBUG FXGLAssetLoaderServi - Loading from file system: jar:file:/C:/Users/elsal/.m2/repository/com/github/almasb/fxgl/17.2/fxgl-17.2.jar!/fxglassets/textures/particles/smoke.png
13:44:46.700 [FXGL Background Thread 1 ] DEBUG FXGLAssetLoaderServi - Loading from file system: jar:file:/C:/Users/elsal/.m2/repository/com/github/almasb/fxgl/17.2/fxgl-17.2.jar!/fxglassets/textures/particles/trace_horizontal.png
13:44:46.754 [FXGL Background Thread 1 ] DEBUG GameApplicationServi - Application scenes initialized
13:44:46.784 [FXGL Background Thread 1 ] DEBUG SystemBundleService  - Loading FXGL system data
13:44:46.795 [FXGL Background Thread 1 ] DEBUG FileSystemAccess     - Reading from: C:\Users\elsal\OneDrive\Escritorio\restaurantSim\system\fxgl.bundle
13:44:46.813 [FXGL Background Thread 1 ] DEBUG SystemBundleService  - Bundle FXGL: {}
13:44:46.813 [FXGL Background Thread 1 ] DEBUG UpdaterService       - Checking for updates
13:44:46.827 [FXGL Background Thread 1 ] DEBUG FXGLApplication      - Loading default localization
13:44:46.829 [FXGL Background Thread 1 ] DEBUG FXGLAssetLoaderServi - Loading from file system: jar:file:/C:/Users/elsal/.m2/repository/com/github/almasb/fxgl/17.2/fxgl-17.2.jar!/fxglassets/languages/english.lang
13:44:46.836 [FXGL Background Thread 4 ] DEBUG FXGLApplication      - Loading fonts
13:44:46.855 [FXGL Background Thread 4 ] DEBUG FXGLAssetLoaderServi - Loading from file system: jar:file:/C:/Users/elsal/.m2/repository/com/github/almasb/fxgl/17.2/fxgl-17.2.jar!/fxglassets/ui/fonts/VarelaRound-Regular.ttf
13:44:46.894 [JavaFX Application Thread] DEBUG FXGLApplication      - Exiting FXGL
13:44:46.895 [JavaFX Application Thread] DEBUG LoopRunner           - Stopping loop
13:44:46.895 [JavaFX Application Thread] DEBUG LoopRunner           - Initializing JavaFX AnimationTimerLoop
13:44:46.898 [FXGL Background Thread 1 ] INFO  FXGLApplication      - FXGL initialization took: 0.960 sec
13:44:46.898 [JavaFX Application Thread] DEBUG SystemBundleService  - Saving FXGL system data
13:44:46.901 [JavaFX Application Thread] DEBUG FileSystemAccess     - Writing to: C:\Users\elsal\OneDrive\Escritorio\restaurantSim\system\fxgl.bundle
13:44:46.912 [JavaFX Application Thread] DEBUG Async                - Shutting down background threads
13:44:46.913 [JavaFX Application Thread] DEBUG PrimaryStageWindow   - Closing main window
13:44:46.971 [JavaFX Application Thread] DEBUG Logger               - Closing Logger
