13:46:06.845 [main                     ] DEBUG Logger               - Configured Logger
13:46:06.926 [main                     ] DEBUG GameApplication      - Logging settings
Title: Basic Game App
Version: 0.0
Width: 1280
Height: 720
Fullscreen: false
Intro: false
Profiling: false
Single step:false
App Mode: DEVELOPER
Menu Key: ESCAPE
Stage Style: DECORATED
Scene Factory: class com.almasb.fxgl.app.scene.SceneFactory

13:46:07.646 [JavaFX Application Thread] DEBUG FXGLApplication      - Initializing FXGL
13:46:07.659 [JavaFX Application Thread] INFO  Engine               - FXGL-17.2 (20.08.2022 16.50) on WINDOWS (J:17.0.12 FX:18)
13:46:07.659 [JavaFX Application Thread] DEBUG Engine               - JRE Vendor Name: Oracle Corporation
13:46:07.660 [JavaFX Application Thread] DEBUG Engine               - Running on OS: Windows 11 version 10.0
13:46:07.660 [JavaFX Application Thread] DEBUG Engine               - Architecture: amd64
13:46:07.660 [JavaFX Application Thread] INFO  Engine               - Source code and latest versions at: https://github.com/AlmasB/FXGL
13:46:07.661 [JavaFX Application Thread] INFO  Engine               -       Ask questions and discuss at: https://github.com/AlmasB/FXGL/discussions
13:46:07.661 [JavaFX Application Thread] INFO  Engine               -              Join the FXGL chat at: https://gitter.im/AlmasB/FXGL
13:46:07.923 [JavaFX Application Thread] DEBUG PrimaryStageWindow   - Creating a JavaFX scene
13:46:08.024 [JavaFX Application Thread] DEBUG PrimaryStageWindow   - Target settings size: 1280.0 x 720.0
13:46:08.025 [JavaFX Application Thread] DEBUG PrimaryStageWindow   - Scaled scene size:    1280.0 x 720.0
13:46:08.025 [JavaFX Application Thread] DEBUG PrimaryStageWindow   - Scaled ratio: (1.0, 1.0)
13:46:08.027 [JavaFX Application Thread] DEBUG PrimaryStageWindow   - Set initial scene to FXGLStartupScene
13:46:08.046 [JavaFX Application Thread] DEBUG PrimaryStageWindow   - Opening main window
13:46:08.228 [JavaFX Application Thread] DEBUG PrimaryStageWindow   - Window border size: (16.0, 39.0)
13:46:08.228 [JavaFX Application Thread] DEBUG PrimaryStageWindow   - Scaled size: 1280.0 x 720.0
13:46:08.229 [JavaFX Application Thread] DEBUG PrimaryStageWindow   - Scaled ratio: (1.0, 1.0)
13:46:08.230 [JavaFX Application Thread] DEBUG PrimaryStageWindow   - Scene size: 1280.0 x 720.0
13:46:08.230 [JavaFX Application Thread] DEBUG PrimaryStageWindow   - Stage size: 1296.0 x 759.0
13:46:08.253 [FXGL Background Thread 1 ] DEBUG Engine               - Initializing environment variables
13:46:08.343 [FXGL Background Thread 1 ] DEBUG FXGLAssetLoaderServi - User app class for loading assets: class org.example.Main
13:46:08.343 [FXGL Background Thread 1 ] DEBUG GameApplicationServi - Applying CSS: fxgl_dark.css
13:46:08.345 [FXGL Background Thread 1 ] DEBUG FXGLAssetLoaderServi - Loading from file system: jar:file:/C:/Users/elsal/.m2/repository/com/github/almasb/fxgl/17.2/fxgl-17.2.jar!/fxglassets/ui/css/fxgl_dark.css
13:46:08.435 [FXGL Background Thread 1 ] DEBUG GameApplicationServi - Initializing application scenes
13:46:08.565 [FXGL Background Thread 1 ] DEBUG GameWorld            - Game world initialized
13:46:08.684 [FXGL Background Thread 1 ] DEBUG PhysicsWorld         - Physics world initialized: appHeight=720, physics.ppm=50.0
13:46:08.685 [FXGL Background Thread 1 ] DEBUG PhysicsWorld         - Using strategy: BRUTE_FORCE
13:46:08.697 [FXGL Background Thread 1 ] DEBUG GameScene            - Game scene initialized: 1280x720
13:46:08.725 [FXGL Background Thread 1 ] DEBUG FXGL.DefaultMenu     - createMenuBodyGameMenu()
13:46:08.760 [FXGL Background Thread 1 ] DEBUG FXGL.DefaultMenu     - createOptionsMenu()
13:46:08.785 [FXGL Background Thread 1 ] DEBUG FXGLAssetLoaderServi - Loading from file system: jar:file:/C:/Users/elsal/.m2/repository/com/github/almasb/fxgl/17.2/fxgl-17.2.jar!/fxglassets/textures/particles/smoke.png
13:46:08.983 [FXGL Background Thread 1 ] DEBUG FXGLAssetLoaderServi - Loading from file system: jar:file:/C:/Users/elsal/.m2/repository/com/github/almasb/fxgl/17.2/fxgl-17.2.jar!/fxglassets/textures/particles/trace_horizontal.png
13:46:09.033 [FXGL Background Thread 1 ] DEBUG GameApplicationServi - Application scenes initialized
13:46:09.062 [FXGL Background Thread 1 ] DEBUG SystemBundleService  - Loading FXGL system data
13:46:09.074 [FXGL Background Thread 1 ] DEBUG FileSystemAccess     - Reading from: C:\Users\elsal\OneDrive\Escritorio\restaurantSim\system\fxgl.bundle
13:46:09.088 [FXGL Background Thread 1 ] DEBUG SystemBundleService  - Bundle FXGL: {}
13:46:09.089 [FXGL Background Thread 1 ] DEBUG UpdaterService       - Checking for updates
13:46:09.101 [FXGL Background Thread 1 ] DEBUG FXGLApplication      - Loading default localization
13:46:09.105 [FXGL Background Thread 1 ] DEBUG FXGLAssetLoaderServi - Loading from file system: jar:file:/C:/Users/elsal/.m2/repository/com/github/almasb/fxgl/17.2/fxgl-17.2.jar!/fxglassets/languages/english.lang
13:46:09.159 [FXGL Background Thread 1 ] INFO  FXGLApplication      - FXGL initialization took: 0.906 sec
13:46:09.183 [JavaFX Application Thread] DEBUG Input                - Registered new binding: action0 - D
13:46:09.184 [JavaFX Application Thread] DEBUG Input                - Registered new binding: action1 - A
13:46:09.184 [JavaFX Application Thread] DEBUG Input                - Registered new binding: action2 - W
13:46:09.186 [JavaFX Application Thread] DEBUG Input                - Registered new binding: action3 - S
13:46:09.187 [JavaFX Application Thread] DEBUG FXGLAssetLoaderServi - Loading from file system: jar:file:/C:/Users/elsal/.m2/repository/com/github/almasb/fxgl/17.2/fxgl-17.2.jar!/fxglassets/textures/fxgl_icon.png
13:46:09.211 [FXGL Background Thread 4 ] DEBUG FXGLApplication      - Loading fonts
13:46:09.219 [FXGL Background Thread 4 ] DEBUG FXGLAssetLoaderServi - Loading from file system: jar:file:/C:/Users/elsal/.m2/repository/com/github/almasb/fxgl/17.2/fxgl-17.2.jar!/fxglassets/ui/fonts/VarelaRound-Regular.ttf
13:46:09.241 [JavaFX Application Thread] DEBUG FXGLAssetLoaderServi - Loading from file system: jar:file:/C:/Users/elsal/.m2/repository/com/github/almasb/fxgl/17.2/fxgl-17.2.jar!/fxglassets/textures/fxgl_default_cursor.png
13:46:09.249 [JavaFX Application Thread] DEBUG Input                - Registered new binding: Screenshot - CTRL+8
13:46:09.250 [JavaFX Application Thread] DEBUG Input                - Registered new binding: System info dump - CTRL+9
13:46:09.252 [JavaFX Application Thread] DEBUG Input                - Registered new binding: Restart - CTRL+R
13:46:09.253 [JavaFX Application Thread] DEBUG Input                - Registered new binding: Toggle Debug Camera - CTRL+7
13:46:09.265 [JavaFX Application Thread] DEBUG LoopRunner           - Starting loop
13:46:09.265 [JavaFX Application Thread] DEBUG LoopRunner           - Initializing JavaFX AnimationTimerLoop
13:46:09.268 [JavaFX Application Thread] DEBUG GameApplicationServi - Starting new game
13:46:09.270 [JavaFX Application Thread] DEBUG Input                - Clearing active input actions
13:46:09.308 [JavaFX Application Thread] DEBUG GameApplicationServi - Removing overlay from FXGLStartupScene and adding to FXGLLoadingScene
13:46:09.309 [JavaFX Application Thread] DEBUG PrimaryStageWindow   - FXGLStartupScene -> FXGLLoadingScene
13:46:09.310 [JavaFX Application Thread] DEBUG GameApplicationServi - Clearing previous game
13:46:09.310 [JavaFX Application Thread] DEBUG GameScene            - Clearing game scene
13:46:09.310 [JavaFX Application Thread] DEBUG GameWorld            - Clearing game world
13:46:09.310 [JavaFX Application Thread] DEBUG PhysicsWorld         - Clearing physics world
13:46:09.314 [FXGL Background Thread 1 ] DEBUG FXGLApplication      - Initializing game
13:46:09.326 [FXGL Background Thread 1 ] INFO  FXGLApplication      - Game initialization took: 0.012 sec
13:46:09.424 [JavaFX Application Thread] DEBUG Input                - Clearing active input actions
13:46:09.439 [JavaFX Application Thread] DEBUG GameApplicationServi - Removing overlay from FXGLLoadingScene and adding to GameScene
13:46:09.440 [JavaFX Application Thread] DEBUG PrimaryStageWindow   - FXGLLoadingScene -> GameScene
13:46:09.653 [FXGL Background Thread 4 ] DEBUG FXGLAssetLoaderServi - Loading from file system: jar:file:/C:/Users/elsal/.m2/repository/com/github/almasb/fxgl/17.2/fxgl-17.2.jar!/fxglassets/ui/fonts/Abel-Regular.ttf
13:46:09.661 [FXGL Background Thread 4 ] DEBUG FXGLAssetLoaderServi - Loading from file system: jar:file:/C:/Users/elsal/.m2/repository/com/github/almasb/fxgl/17.2/fxgl-17.2.jar!/fxglassets/ui/fonts/TerminalLandMono-Regular.otf
13:46:09.671 [FXGL Background Thread 4 ] DEBUG FXGLAssetLoaderServi - Loading from file system: jar:file:/C:/Users/elsal/.m2/repository/com/github/almasb/fxgl/17.2/fxgl-17.2.jar!/fxglassets/ui/fonts/Courier-Prime.ttf
13:46:09.687 [JavaFX Application Thread] DEBUG FXGLApplication      - Registering font factories with UI factory
13:46:10.892 [FXGL Background Thread 2 ] INFO  UpdaterService       - Your current version:  17.2
13:46:10.892 [FXGL Background Thread 2 ] INFO  UpdaterService       - Latest stable version: 21.1
13:46:12.098 [FXGL Background Thread 3 ] DEBUG Engine               - Logging environment variables
13:46:12.099 [FXGL Background Thread 3 ] DEBUG Engine               - achievements: []
13:46:12.099 [FXGL Background Thread 3 ] DEBUG Engine               - actualHeight: 720.0
13:46:12.099 [FXGL Background Thread 3 ] DEBUG Engine               - actualHeightProperty: ReadOnlyDoubleProperty [value: 720.0]
13:46:12.099 [FXGL Background Thread 3 ] DEBUG Engine               - actualWidth: 1280.0
13:46:12.099 [FXGL Background Thread 3 ] DEBUG Engine               - actualWidthProperty: ReadOnlyDoubleProperty [value: 1280.0]
13:46:12.099 [FXGL Background Thread 3 ] DEBUG Engine               - appIcon: fxgl_icon.png
13:46:12.099 [FXGL Background Thread 3 ] DEBUG Engine               - applicationMode: DEVELOPER
13:46:12.101 [FXGL Background Thread 3 ] DEBUG Engine               - cSSList: [fxgl_dark.css]
13:46:12.101 [FXGL Background Thread 3 ] DEBUG Engine               - collisionDetectionStrategy: BRUTE_FORCE
13:46:12.101 [FXGL Background Thread 3 ] DEBUG Engine               - configClass: Optional.empty
13:46:12.101 [FXGL Background Thread 3 ] DEBUG Engine               - credits: []
13:46:12.102 [FXGL Background Thread 3 ] DEBUG Engine               - defaultCursor: CursorInfo(imageName=fxgl_default_cursor.png, hotspotX=7.0, hotspotY=6.0)
13:46:12.102 [FXGL Background Thread 3 ] DEBUG Engine               - devBBoxColorProperty: ObjectProperty [value: 0xff0000ff]
13:46:12.102 [FXGL Background Thread 3 ] DEBUG Engine               - devEnableDebugCameraProperty: BooleanProperty [value: false]
13:46:12.103 [FXGL Background Thread 3 ] DEBUG Engine               - devSensorColorProperty: ObjectProperty [value: 0xffff00ff]
13:46:12.103 [FXGL Background Thread 3 ] DEBUG Engine               - devShowBBoxProperty: BooleanProperty [value: false]
13:46:12.103 [FXGL Background Thread 3 ] DEBUG Engine               - devShowPositionProperty: BooleanProperty [value: false]
13:46:12.103 [FXGL Background Thread 3 ] DEBUG Engine               - enabledMenuItems: []
13:46:12.103 [FXGL Background Thread 3 ] DEBUG Engine               - engineServices: [class com.almasb.fxgl.app.services.FXGLAssetLoaderService, class com.almasb.fxgl.app.FXGLApplication$GameApplicationService, class com.almasb.fxgl.app.services.FXGLDialogService, class com.almasb.fxgl.app.services.IOTaskExecutorService, class com.almasb.fxgl.io.FileSystemService, class com.almasb.fxgl.localization.LocalizationService, class com.almasb.fxgl.app.services.SystemBundleService, class com.almasb.fxgl.profile.SaveLoadService, class com.almasb.fxgl.ui.FXGLUIFactoryServiceProvider, class com.almasb.fxgl.ui.FXGLDialogFactoryServiceProvider, class com.almasb.fxgl.audio.AudioPlayer, class com.almasb.fxgl.notification.impl.NotificationServiceProvider, class com.almasb.fxgl.achievement.AchievementService, class com.almasb.fxgl.cutscene.CutsceneService, class com.almasb.fxgl.minigames.MiniGameService, class com.almasb.fxgl.net.NetService, class com.almasb.fxgl.app.services.UpdaterService, class com.almasb.fxgl.dev.DevService]
13:46:12.103 [FXGL Background Thread 3 ] DEBUG Engine               - fontGame: Abel-Regular.ttf
13:46:12.104 [FXGL Background Thread 3 ] DEBUG Engine               - fontMono: TerminalLandMono-Regular.otf
13:46:12.104 [FXGL Background Thread 3 ] DEBUG Engine               - fontText: Courier-Prime.ttf
13:46:12.104 [FXGL Background Thread 3 ] DEBUG Engine               - fontUI: VarelaRound-Regular.ttf
13:46:12.104 [FXGL Background Thread 3 ] DEBUG Engine               - fullScreen: BooleanProperty [value: false]
13:46:12.104 [FXGL Background Thread 3 ] DEBUG Engine               - gameDifficulty: MEDIUM
13:46:12.104 [FXGL Background Thread 3 ] DEBUG Engine               - gameDifficultyProperty: ObjectProperty [value: MEDIUM]
13:46:12.107 [FXGL Background Thread 3 ] DEBUG Engine               - globalMusicVolume: 0.5
13:46:12.107 [FXGL Background Thread 3 ] DEBUG Engine               - globalMusicVolumeProperty: DoubleProperty [value: 0.5]
13:46:12.107 [FXGL Background Thread 3 ] DEBUG Engine               - globalSoundVolume: 0.5
13:46:12.107 [FXGL Background Thread 3 ] DEBUG Engine               - globalSoundVolumeProperty: DoubleProperty [value: 0.5]
13:46:12.107 [FXGL Background Thread 3 ] DEBUG Engine               - height: 720
13:46:12.108 [FXGL Background Thread 3 ] DEBUG Engine               - is3D: false
13:46:12.108 [FXGL Background Thread 3 ] DEBUG Engine               - isAndroid: false
13:46:12.108 [FXGL Background Thread 3 ] DEBUG Engine               - isBrowser: false
13:46:12.108 [FXGL Background Thread 3 ] DEBUG Engine               - isClickFeedbackEnabled: false
13:46:12.108 [FXGL Background Thread 3 ] DEBUG Engine               - isCloseConfirmation: false
13:46:12.109 [FXGL Background Thread 3 ] DEBUG Engine               - isDesktop: true
13:46:12.109 [FXGL Background Thread 3 ] DEBUG Engine               - isDeveloperMenuEnabled: false
13:46:12.109 [FXGL Background Thread 3 ] DEBUG Engine               - isEmbedded: false
13:46:12.109 [FXGL Background Thread 3 ] DEBUG Engine               - isEntityPreloadEnabled: true
13:46:12.109 [FXGL Background Thread 3 ] DEBUG Engine               - isExperimentalTiledLargeMap: false
13:46:12.109 [FXGL Background Thread 3 ] DEBUG Engine               - isFileSystemWriteAllowed: true
13:46:12.109 [FXGL Background Thread 3 ] DEBUG Engine               - isFullScreenAllowed: false
13:46:12.109 [FXGL Background Thread 3 ] DEBUG Engine               - isFullScreenFromStart: false
13:46:12.109 [FXGL Background Thread 3 ] DEBUG Engine               - isGameMenuEnabled: true
13:46:12.110 [FXGL Background Thread 3 ] DEBUG Engine               - isIOS: false
13:46:12.110 [FXGL Background Thread 3 ] DEBUG Engine               - isIntroEnabled: false
13:46:12.110 [FXGL Background Thread 3 ] DEBUG Engine               - isLinux: false
13:46:12.110 [FXGL Background Thread 3 ] DEBUG Engine               - isMac: false
13:46:12.110 [FXGL Background Thread 3 ] DEBUG Engine               - isMainMenuEnabled: false
13:46:12.110 [FXGL Background Thread 3 ] DEBUG Engine               - isManualResizeEnabled: false
13:46:12.110 [FXGL Background Thread 3 ] DEBUG Engine               - isMobile: false
13:46:12.111 [FXGL Background Thread 3 ] DEBUG Engine               - isNative: false
13:46:12.111 [FXGL Background Thread 3 ] DEBUG Engine               - isPauseMusicWhenMinimized: true
13:46:12.111 [FXGL Background Thread 3 ] DEBUG Engine               - isPreserveResizeRatio: false
13:46:12.111 [FXGL Background Thread 3 ] DEBUG Engine               - isProfilingEnabled: false
13:46:12.111 [FXGL Background Thread 3 ] DEBUG Engine               - isScaleAffectedOnResize: true
13:46:12.111 [FXGL Background Thread 3 ] DEBUG Engine               - isSingleStep: false
13:46:12.111 [FXGL Background Thread 3 ] DEBUG Engine               - isUserProfileEnabled: false
13:46:12.111 [FXGL Background Thread 3 ] DEBUG Engine               - isWindows: true
13:46:12.112 [FXGL Background Thread 3 ] DEBUG Engine               - language: ObjectProperty [value: ENGLISH]
13:46:12.112 [FXGL Background Thread 3 ] DEBUG Engine               - menuKey: ESCAPE
13:46:12.112 [FXGL Background Thread 3 ] DEBUG Engine               - mouseSensitivity: 0.2
13:46:12.112 [FXGL Background Thread 3 ] DEBUG Engine               - notificationViewClass: class com.almasb.fxgl.notification.view.XboxNotificationView
13:46:12.112 [FXGL Background Thread 3 ] DEBUG Engine               - pixelsPerMeter: 50.0
13:46:12.112 [FXGL Background Thread 3 ] DEBUG Engine               - platform: WINDOWS
13:46:12.112 [FXGL Background Thread 3 ] DEBUG Engine               - prefHeightProperty: ReadOnlyDoubleProperty [value: 720.0]
13:46:12.112 [FXGL Background Thread 3 ] DEBUG Engine               - prefWidthProperty: ReadOnlyDoubleProperty [value: 1280.0]
13:46:12.113 [FXGL Background Thread 3 ] DEBUG Engine               - profileDir: profiles/
13:46:12.113 [FXGL Background Thread 3 ] DEBUG Engine               - profileName: StringProperty [value: DEFAULT]
13:46:12.113 [FXGL Background Thread 3 ] DEBUG Engine               - randomSeed: -1
13:46:12.114 [FXGL Background Thread 3 ] DEBUG Engine               - runtimeInfo: RuntimeInfo(platform=WINDOWS, version=17.2, build=20.08.2022 16.50)
13:46:12.114 [FXGL Background Thread 3 ] DEBUG Engine               - saveFileExt: sav
13:46:12.114 [FXGL Background Thread 3 ] DEBUG Engine               - scaledHeightProp$fxgl: DoubleProperty [bound, value: 720.0]
13:46:12.114 [FXGL Background Thread 3 ] DEBUG Engine               - scaledWidthProp$fxgl: DoubleProperty [bound, value: 1280.0]
13:46:12.114 [FXGL Background Thread 3 ] DEBUG Engine               - sceneFactory: com.almasb.fxgl.app.scene.SceneFactory@25cf275a
13:46:12.114 [FXGL Background Thread 3 ] DEBUG Engine               - secondsIn24h: 60
13:46:12.115 [FXGL Background Thread 3 ] DEBUG Engine               - soundMenuBack: menu/back.wav
13:46:12.115 [FXGL Background Thread 3 ] DEBUG Engine               - soundMenuPress: menu/press.wav
13:46:12.115 [FXGL Background Thread 3 ] DEBUG Engine               - soundMenuSelect: menu/select.wav
13:46:12.115 [FXGL Background Thread 3 ] DEBUG Engine               - soundNotification: core/notification.wav
13:46:12.115 [FXGL Background Thread 3 ] DEBUG Engine               - stageStyle: DECORATED
13:46:12.115 [FXGL Background Thread 3 ] DEBUG Engine               - supportedLanguages: [ENGLISH, FRENCH, GERMAN, HUNGARIAN, RUSSIAN]
13:46:12.115 [FXGL Background Thread 3 ] DEBUG Engine               - ticksPerSecond: -1
13:46:12.115 [FXGL Background Thread 3 ] DEBUG Engine               - title: Basic Game App
13:46:12.115 [FXGL Background Thread 3 ] DEBUG Engine               - urlGithub: https://github.com/AlmasB/FXGL
13:46:12.116 [FXGL Background Thread 3 ] DEBUG Engine               - urlLeaderboard: http://fxgl-top.herokuapp.com/
13:46:12.116 [FXGL Background Thread 3 ] DEBUG Engine               - urlPOM: https://raw.githubusercontent.com/AlmasB/FXGL/release/README.md
13:46:12.116 [FXGL Background Thread 3 ] DEBUG Engine               - userAppClass: class org.example.Main
13:46:12.116 [FXGL Background Thread 3 ] DEBUG Engine               - version: 0.0
13:46:12.116 [FXGL Background Thread 3 ] DEBUG Engine               - versionCheckDays: 7
13:46:12.116 [FXGL Background Thread 3 ] DEBUG Engine               - width: 1280
13:46:12.116 [FXGL Background Thread 3 ] DEBUG Engine               - Logging services
13:46:12.116 [FXGL Background Thread 3 ] DEBUG Engine               - class com.almasb.fxgl.app.services.FXGLAssetLoaderService
13:46:12.116 [FXGL Background Thread 3 ] DEBUG Engine               - class com.almasb.fxgl.app.FXGLApplication$GameApplicationService
13:46:12.117 [FXGL Background Thread 3 ] DEBUG Engine               - class com.almasb.fxgl.app.services.FXGLDialogService
13:46:12.117 [FXGL Background Thread 3 ] DEBUG Engine               - class com.almasb.fxgl.app.services.IOTaskExecutorService
13:46:12.117 [FXGL Background Thread 3 ] DEBUG Engine               - class com.almasb.fxgl.io.FileSystemService
13:46:12.117 [FXGL Background Thread 3 ] DEBUG Engine               - class com.almasb.fxgl.localization.LocalizationService
13:46:12.117 [FXGL Background Thread 3 ] DEBUG Engine               - class com.almasb.fxgl.app.services.SystemBundleService
13:46:12.117 [FXGL Background Thread 3 ] DEBUG Engine               - class com.almasb.fxgl.profile.SaveLoadService
13:46:12.117 [FXGL Background Thread 3 ] DEBUG Engine               - class com.almasb.fxgl.ui.FXGLUIFactoryServiceProvider
13:46:12.117 [FXGL Background Thread 3 ] DEBUG Engine               - class com.almasb.fxgl.ui.FXGLDialogFactoryServiceProvider
13:46:12.117 [FXGL Background Thread 3 ] DEBUG Engine               - class com.almasb.fxgl.audio.AudioPlayer
13:46:12.118 [FXGL Background Thread 3 ] DEBUG Engine               - class com.almasb.fxgl.notification.impl.NotificationServiceProvider
13:46:12.118 [FXGL Background Thread 3 ] DEBUG Engine               - class com.almasb.fxgl.achievement.AchievementService
13:46:12.118 [FXGL Background Thread 3 ] DEBUG Engine               - class com.almasb.fxgl.cutscene.CutsceneService
13:46:12.118 [FXGL Background Thread 3 ] DEBUG Engine               - class com.almasb.fxgl.minigames.MiniGameService
13:46:12.118 [FXGL Background Thread 3 ] DEBUG Engine               - class com.almasb.fxgl.net.NetService
13:46:12.118 [FXGL Background Thread 3 ] DEBUG Engine               - class com.almasb.fxgl.app.services.UpdaterService
13:46:12.118 [FXGL Background Thread 3 ] DEBUG Engine               - class com.almasb.fxgl.dev.DevService
13:46:12.934 [JavaFX Application Thread] DEBUG FXGLApplication      - Exiting FXGL
13:46:12.935 [JavaFX Application Thread] DEBUG LoopRunner           - Stopping loop
13:46:12.935 [JavaFX Application Thread] DEBUG SystemBundleService  - Saving FXGL system data
13:46:12.940 [JavaFX Application Thread] DEBUG FileSystemAccess     - Writing to: C:\Users\elsal\OneDrive\Escritorio\restaurantSim\system\fxgl.bundle
13:46:12.943 [JavaFX Application Thread] DEBUG Async                - Shutting down background threads
13:46:12.944 [JavaFX Application Thread] DEBUG PrimaryStageWindow   - Closing main window
13:46:12.995 [JavaFX Application Thread] DEBUG Logger               - Closing Logger
