13:40:27.299 [main                     ] DEBUG Logger               - Configured Logger
13:40:27.364 [main                     ] DEBUG GameApplication      - Logging settings
Title: Basic Game App
Version: 0.0
Width: 1280
Height: 720
Fullscreen: false
Intro: false
Profiling: false
Single step:false
App Mode: DEVELOPER
Menu Key: ESCAPE
Stage Style: DECORATED
Scene Factory: class com.almasb.fxgl.app.scene.SceneFactory

13:40:28.108 [JavaFX Application Thread] DEBUG FXGLApplication      - Initializing FXGL
13:40:28.121 [JavaFX Application Thread] INFO  Engine               - FXGL-17.2 (20.08.2022 16.50) on WINDOWS (J:17.0.12 FX:18)
13:40:28.122 [JavaFX Application Thread] DEBUG Engine               - JRE Vendor Name: Oracle Corporation
13:40:28.122 [JavaFX Application Thread] DEBUG Engine               - Running on OS: Windows 11 version 10.0
13:40:28.123 [JavaFX Application Thread] DEBUG Engine               - Architecture: amd64
13:40:28.123 [JavaFX Application Thread] INFO  Engine               - Source code and latest versions at: https://github.com/AlmasB/FXGL
13:40:28.123 [JavaFX Application Thread] INFO  Engine               -       Ask questions and discuss at: https://github.com/AlmasB/FXGL/discussions
13:40:28.123 [JavaFX Application Thread] INFO  Engine               -              Join the FXGL chat at: https://gitter.im/AlmasB/FXGL
13:40:28.401 [JavaFX Application Thread] DEBUG PrimaryStageWindow   - Creating a JavaFX scene
13:40:28.509 [JavaFX Application Thread] DEBUG PrimaryStageWindow   - Target settings size: 1280.0 x 720.0
13:40:28.509 [JavaFX Application Thread] DEBUG PrimaryStageWindow   - Scaled scene size:    1280.0 x 720.0
13:40:28.510 [JavaFX Application Thread] DEBUG PrimaryStageWindow   - Scaled ratio: (1.0, 1.0)
13:40:28.512 [JavaFX Application Thread] DEBUG PrimaryStageWindow   - Set initial scene to FXGLStartupScene
13:40:28.531 [JavaFX Application Thread] DEBUG PrimaryStageWindow   - Opening main window
13:40:28.714 [JavaFX Application Thread] DEBUG PrimaryStageWindow   - Window border size: (16.0, 39.0)
13:40:28.715 [JavaFX Application Thread] DEBUG PrimaryStageWindow   - Scaled size: 1280.0 x 720.0
13:40:28.715 [JavaFX Application Thread] DEBUG PrimaryStageWindow   - Scaled ratio: (1.0, 1.0)
13:40:28.716 [JavaFX Application Thread] DEBUG PrimaryStageWindow   - Scene size: 1280.0 x 720.0
13:40:28.716 [JavaFX Application Thread] DEBUG PrimaryStageWindow   - Stage size: 1296.0 x 759.0
13:40:28.806 [FXGL Background Thread 1 ] DEBUG Engine               - Initializing environment variables
13:40:28.881 [FXGL Background Thread 1 ] DEBUG FXGLAssetLoaderServi - User app class for loading assets: class org.example.Main
13:40:28.882 [FXGL Background Thread 1 ] DEBUG GameApplicationServi - Applying CSS: fxgl_dark.css
13:40:28.884 [FXGL Background Thread 1 ] DEBUG FXGLAssetLoaderServi - Loading from file system: jar:file:/C:/Users/elsal/.m2/repository/com/github/almasb/fxgl/17.2/fxgl-17.2.jar!/fxglassets/ui/css/fxgl_dark.css
13:40:28.971 [FXGL Background Thread 1 ] DEBUG GameApplicationServi - Initializing application scenes
13:40:29.170 [FXGL Background Thread 1 ] DEBUG GameWorld            - Game world initialized
13:40:29.292 [FXGL Background Thread 1 ] DEBUG PhysicsWorld         - Physics world initialized: appHeight=720, physics.ppm=50.0
13:40:29.293 [FXGL Background Thread 1 ] DEBUG PhysicsWorld         - Using strategy: BRUTE_FORCE
13:40:29.304 [FXGL Background Thread 1 ] DEBUG GameScene            - Game scene initialized: 1280x720
13:40:29.339 [FXGL Background Thread 1 ] DEBUG FXGL.DefaultMenu     - createMenuBodyGameMenu()
13:40:29.379 [FXGL Background Thread 1 ] DEBUG FXGL.DefaultMenu     - createOptionsMenu()
13:40:29.407 [FXGL Background Thread 1 ] DEBUG FXGLAssetLoaderServi - Loading from file system: jar:file:/C:/Users/elsal/.m2/repository/com/github/almasb/fxgl/17.2/fxgl-17.2.jar!/fxglassets/textures/particles/smoke.png
13:40:29.604 [FXGL Background Thread 1 ] DEBUG FXGLAssetLoaderServi - Loading from file system: jar:file:/C:/Users/elsal/.m2/repository/com/github/almasb/fxgl/17.2/fxgl-17.2.jar!/fxglassets/textures/particles/trace_horizontal.png
13:40:29.666 [FXGL Background Thread 1 ] DEBUG GameApplicationServi - Application scenes initialized
13:40:29.701 [FXGL Background Thread 1 ] DEBUG SystemBundleService  - Loading FXGL system data
13:40:29.712 [FXGL Background Thread 1 ] DEBUG FileSystemAccess     - Reading from: C:\Users\elsal\OneDrive\Escritorio\restaurantSim\system\fxgl.bundle
13:40:29.728 [FXGL Background Thread 1 ] DEBUG SystemBundleService  - Bundle FXGL: {}
13:40:29.728 [FXGL Background Thread 1 ] DEBUG UpdaterService       - Checking for updates
13:40:29.744 [FXGL Background Thread 1 ] DEBUG FXGLApplication      - Loading default localization
13:40:29.746 [FXGL Background Thread 1 ] DEBUG FXGLAssetLoaderServi - Loading from file system: jar:file:/C:/Users/elsal/.m2/repository/com/github/almasb/fxgl/17.2/fxgl-17.2.jar!/fxglassets/languages/english.lang
13:40:29.753 [FXGL Background Thread 4 ] DEBUG FXGLApplication      - Loading fonts
13:40:29.754 [FXGL Background Thread 4 ] DEBUG FXGLAssetLoaderServi - Loading from file system: jar:file:/C:/Users/elsal/.m2/repository/com/github/almasb/fxgl/17.2/fxgl-17.2.jar!/fxglassets/ui/fonts/VarelaRound-Regular.ttf
13:40:29.822 [FXGL Background Thread 1 ] INFO  FXGLApplication      - FXGL initialization took: 1.016 sec
13:40:29.853 [JavaFX Application Thread] DEBUG Input                - Registered new binding: action0 - D
13:40:29.854 [JavaFX Application Thread] DEBUG Input                - Registered new binding: action1 - A
13:40:29.855 [JavaFX Application Thread] DEBUG Input                - Registered new binding: action2 - W
13:40:29.864 [JavaFX Application Thread] DEBUG Input                - Registered new binding: action3 - S
13:40:29.865 [JavaFX Application Thread] DEBUG FXGLAssetLoaderServi - Loading from file system: jar:file:/C:/Users/elsal/.m2/repository/com/github/almasb/fxgl/17.2/fxgl-17.2.jar!/fxglassets/textures/fxgl_icon.png
13:40:29.914 [JavaFX Application Thread] DEBUG FXGLAssetLoaderServi - Loading from file system: jar:file:/C:/Users/elsal/.m2/repository/com/github/almasb/fxgl/17.2/fxgl-17.2.jar!/fxglassets/textures/fxgl_default_cursor.png
13:40:29.919 [JavaFX Application Thread] DEBUG Input                - Registered new binding: Screenshot - CTRL+8
13:40:29.920 [JavaFX Application Thread] DEBUG Input                - Registered new binding: System info dump - CTRL+9
13:40:29.921 [JavaFX Application Thread] DEBUG Input                - Registered new binding: Restart - CTRL+R
13:40:29.923 [JavaFX Application Thread] DEBUG Input                - Registered new binding: Toggle Debug Camera - CTRL+7
13:40:29.929 [JavaFX Application Thread] DEBUG LoopRunner           - Starting loop
13:40:29.929 [JavaFX Application Thread] DEBUG LoopRunner           - Initializing JavaFX AnimationTimerLoop
13:40:29.932 [JavaFX Application Thread] DEBUG GameApplicationServi - Starting new game
13:40:29.933 [JavaFX Application Thread] DEBUG Input                - Clearing active input actions
13:40:29.973 [JavaFX Application Thread] DEBUG GameApplicationServi - Removing overlay from FXGLStartupScene and adding to FXGLLoadingScene
13:40:29.974 [JavaFX Application Thread] DEBUG PrimaryStageWindow   - FXGLStartupScene -> FXGLLoadingScene
13:40:29.975 [JavaFX Application Thread] DEBUG GameApplicationServi - Clearing previous game
13:40:29.976 [JavaFX Application Thread] DEBUG GameScene            - Clearing game scene
13:40:29.977 [JavaFX Application Thread] DEBUG GameWorld            - Clearing game world
13:40:29.977 [JavaFX Application Thread] DEBUG PhysicsWorld         - Clearing physics world
13:40:29.982 [FXGL Background Thread 1 ] DEBUG FXGLApplication      - Initializing game
13:40:30.015 [FXGL Background Thread 1 ] INFO  FXGLApplication      - Game initialization took: 0.033 sec
13:40:30.169 [JavaFX Application Thread] DEBUG FXGLApplication      - Exiting FXGL
13:40:30.169 [JavaFX Application Thread] DEBUG LoopRunner           - Stopping loop
13:40:30.169 [JavaFX Application Thread] DEBUG SystemBundleService  - Saving FXGL system data
13:40:30.173 [JavaFX Application Thread] DEBUG FileSystemAccess     - Writing to: C:\Users\elsal\OneDrive\Escritorio\restaurantSim\system\fxgl.bundle
13:40:30.177 [JavaFX Application Thread] DEBUG Async                - Shutting down background threads
13:40:30.178 [JavaFX Application Thread] DEBUG PrimaryStageWindow   - Closing main window
13:40:30.230 [FXGL Background Thread 4 ] DEBUG FXGLAssetLoaderServi - Loading from file system: jar:file:/C:/Users/elsal/.m2/repository/com/github/almasb/fxgl/17.2/fxgl-17.2.jar!/fxglassets/ui/fonts/Abel-Regular.ttf
13:40:30.247 [JavaFX Application Thread] DEBUG Logger               - Closing Logger
