21:04:33.382 [main                     ] DEBUG Logger               - Configured Logger
21:04:33.415 [main                     ] DEBUG GameApplication      - Logging settings
Title: Basic Game App
Version: 0.0
Width: 1280
Height: 720
Fullscreen: false
Intro: false
Profiling: false
Single step:false
App Mode: DEVELOPER
Menu Key: ESCAPE
Stage Style: DECORATED
Scene Factory: class com.almasb.fxgl.app.scene.SceneFactory

21:04:33.906 [JavaFX Application Thread] DEBUG FXGLApplication      - Initializing FXGL
21:04:33.913 [JavaFX Application Thread] INFO  Engine               - FXGL-17.2 (20.08.2022 16.50) on WINDOWS (J:17.0.12 FX:18)
21:04:33.914 [JavaFX Application Thread] DEBUG Engine               - JRE Vendor Name: Oracle Corporation
21:04:33.914 [JavaFX Application Thread] DEBUG Engine               - Running on OS: Windows 11 version 10.0
21:04:33.914 [JavaFX Application Thread] DEBUG Engine               - Architecture: amd64
21:04:33.914 [JavaFX Application Thread] INFO  Engine               - Source code and latest versions at: https://github.com/AlmasB/FXGL
21:04:33.915 [JavaFX Application Thread] INFO  Engine               -       Ask questions and discuss at: https://github.com/AlmasB/FXGL/discussions
21:04:33.915 [JavaFX Application Thread] INFO  Engine               -              Join the FXGL chat at: https://gitter.im/AlmasB/FXGL
21:04:34.079 [JavaFX Application Thread] DEBUG PrimaryStageWindow   - Creating a JavaFX scene
21:04:34.153 [JavaFX Application Thread] DEBUG PrimaryStageWindow   - Target settings size: 1280.0 x 720.0
21:04:34.154 [JavaFX Application Thread] DEBUG PrimaryStageWindow   - Scaled scene size:    1280.0 x 720.0
21:04:34.154 [JavaFX Application Thread] DEBUG PrimaryStageWindow   - Scaled ratio: (1.0, 1.0)
21:04:34.155 [JavaFX Application Thread] DEBUG PrimaryStageWindow   - Set initial scene to FXGLStartupScene
21:04:34.169 [JavaFX Application Thread] DEBUG PrimaryStageWindow   - Opening main window
21:04:34.291 [JavaFX Application Thread] DEBUG PrimaryStageWindow   - Window border size: (16.0, 39.0)
21:04:34.291 [JavaFX Application Thread] DEBUG PrimaryStageWindow   - Scaled size: 1280.0 x 720.0
21:04:34.292 [JavaFX Application Thread] DEBUG PrimaryStageWindow   - Scaled ratio: (1.0, 1.0)
21:04:34.292 [JavaFX Application Thread] DEBUG PrimaryStageWindow   - Scene size: 1280.0 x 720.0
21:04:34.292 [JavaFX Application Thread] DEBUG PrimaryStageWindow   - Stage size: 1296.0 x 759.0
21:04:34.309 [FXGL Background Thread 1 ] DEBUG Engine               - Initializing environment variables
21:04:34.377 [FXGL Background Thread 1 ] DEBUG FXGLAssetLoaderServi - User app class for loading assets: class org.example.Main
21:04:34.378 [FXGL Background Thread 1 ] DEBUG GameApplicationServi - Applying CSS: fxgl_dark.css
21:04:34.379 [FXGL Background Thread 1 ] DEBUG FXGLAssetLoaderServi - Loading from file system: jar:file:/C:/Users/elsal/.m2/repository/com/github/almasb/fxgl/17.2/fxgl-17.2.jar!/fxglassets/ui/css/fxgl_dark.css
21:04:34.434 [FXGL Background Thread 1 ] DEBUG GameApplicationServi - Initializing application scenes
21:04:34.519 [FXGL Background Thread 1 ] DEBUG GameWorld            - Game world initialized
21:04:34.589 [FXGL Background Thread 1 ] DEBUG PhysicsWorld         - Physics world initialized: appHeight=720, physics.ppm=50.0
21:04:34.589 [FXGL Background Thread 1 ] DEBUG PhysicsWorld         - Using strategy: BRUTE_FORCE
21:04:34.597 [FXGL Background Thread 1 ] DEBUG GameScene            - Game scene initialized: 1280x720
21:04:34.616 [FXGL Background Thread 1 ] DEBUG FXGL.DefaultMenu     - createMenuBodyGameMenu()
21:04:34.642 [FXGL Background Thread 1 ] DEBUG FXGL.DefaultMenu     - createOptionsMenu()
21:04:34.657 [FXGL Background Thread 1 ] DEBUG FXGLAssetLoaderServi - Loading from file system: jar:file:/C:/Users/elsal/.m2/repository/com/github/almasb/fxgl/17.2/fxgl-17.2.jar!/fxglassets/textures/particles/smoke.png
21:04:34.771 [FXGL Background Thread 1 ] DEBUG FXGLAssetLoaderServi - Loading from file system: jar:file:/C:/Users/elsal/.m2/repository/com/github/almasb/fxgl/17.2/fxgl-17.2.jar!/fxglassets/textures/particles/trace_horizontal.png
21:04:34.803 [FXGL Background Thread 1 ] DEBUG GameApplicationServi - Application scenes initialized
21:04:34.821 [FXGL Background Thread 1 ] DEBUG SystemBundleService  - Loading FXGL system data
21:04:34.828 [FXGL Background Thread 1 ] DEBUG FileSystemAccess     - Reading from: C:\Users\elsal\OneDrive\Escritorio\restaurantSim\system\fxgl.bundle
21:04:34.838 [FXGL Background Thread 1 ] DEBUG SystemBundleService  - Bundle FXGL: {}
21:04:34.838 [FXGL Background Thread 1 ] DEBUG UpdaterService       - Checking for updates
21:04:34.846 [FXGL Background Thread 1 ] DEBUG FXGLApplication      - Loading default localization
21:04:34.847 [FXGL Background Thread 1 ] DEBUG FXGLAssetLoaderServi - Loading from file system: jar:file:/C:/Users/elsal/.m2/repository/com/github/almasb/fxgl/17.2/fxgl-17.2.jar!/fxglassets/languages/english.lang
21:04:34.872 [FXGL Background Thread 1 ] INFO  FXGLApplication      - FXGL initialization took: 0.564 sec
21:04:34.874 [JavaFX Application Thread] DEBUG FXGLAssetLoaderServi - Loading from file system: jar:file:/C:/Users/elsal/.m2/repository/com/github/almasb/fxgl/17.2/fxgl-17.2.jar!/fxglassets/textures/fxgl_icon.png
21:04:34.880 [FXGL Background Thread 4 ] DEBUG FXGLApplication      - Loading fonts
21:04:34.889 [FXGL Background Thread 4 ] DEBUG FXGLAssetLoaderServi - Loading from file system: jar:file:/C:/Users/elsal/.m2/repository/com/github/almasb/fxgl/17.2/fxgl-17.2.jar!/fxglassets/ui/fonts/VarelaRound-Regular.ttf
21:04:34.895 [JavaFX Application Thread] DEBUG FXGLAssetLoaderServi - Loading from file system: jar:file:/C:/Users/elsal/.m2/repository/com/github/almasb/fxgl/17.2/fxgl-17.2.jar!/fxglassets/textures/fxgl_default_cursor.png
21:04:34.912 [JavaFX Application Thread] DEBUG Input                - Registered new binding: Screenshot - CTRL+8
21:04:34.913 [JavaFX Application Thread] DEBUG Input                - Registered new binding: System info dump - CTRL+9
21:04:34.913 [JavaFX Application Thread] DEBUG Input                - Registered new binding: Restart - CTRL+R
21:04:34.914 [JavaFX Application Thread] DEBUG Input                - Registered new binding: Toggle Debug Camera - CTRL+7
21:04:34.918 [JavaFX Application Thread] DEBUG LoopRunner           - Starting loop
21:04:34.919 [JavaFX Application Thread] DEBUG LoopRunner           - Initializing JavaFX AnimationTimerLoop
21:04:34.923 [JavaFX Application Thread] DEBUG GameApplicationServi - Starting new game
21:04:34.923 [JavaFX Application Thread] DEBUG Input                - Clearing active input actions
21:04:34.936 [JavaFX Application Thread] DEBUG GameApplicationServi - Removing overlay from FXGLStartupScene and adding to FXGLLoadingScene
21:04:34.937 [JavaFX Application Thread] DEBUG PrimaryStageWindow   - FXGLStartupScene -> FXGLLoadingScene
21:04:34.937 [JavaFX Application Thread] DEBUG GameApplicationServi - Clearing previous game
21:04:34.937 [JavaFX Application Thread] DEBUG GameScene            - Clearing game scene
21:04:34.937 [JavaFX Application Thread] DEBUG GameWorld            - Clearing game world
21:04:34.937 [JavaFX Application Thread] DEBUG PhysicsWorld         - Clearing physics world
21:04:34.940 [FXGL Background Thread 1 ] DEBUG FXGLApplication      - Initializing game
21:04:34.955 [FXGL Background Thread 1 ] DEBUG FXGLAssetLoaderServi - Loading from file system: file:/C:/Users/elsal/OneDrive/Escritorio/restaurantSim/target/classes/assets/textures/background.png
21:04:35.025 [FXGL Background Thread 1 ] INFO  FXGLApplication      - Game initialization took: 0.084 sec
21:04:35.141 [JavaFX Application Thread] DEBUG Input                - Clearing active input actions
21:04:35.150 [JavaFX Application Thread] DEBUG GameApplicationServi - Removing overlay from FXGLLoadingScene and adding to GameScene
21:04:35.150 [JavaFX Application Thread] DEBUG PrimaryStageWindow   - FXGLLoadingScene -> GameScene
21:04:35.154 [JavaFX Application Thread] DEBUG FXGLAssetLoaderServi - Loading from file system: file:/C:/Users/elsal/OneDrive/Escritorio/restaurantSim/target/classes/assets/textures/table.png
21:04:35.222 [JavaFX Application Thread] DEBUG FXGLAssetLoaderServi - Loading from file system: file:/C:/Users/elsal/OneDrive/Escritorio/restaurantSim/target/classes/assets/textures/commensal.png
21:04:35.280 [FXGL Background Thread 4 ] DEBUG FXGLAssetLoaderServi - Loading from file system: jar:file:/C:/Users/elsal/.m2/repository/com/github/almasb/fxgl/17.2/fxgl-17.2.jar!/fxglassets/ui/fonts/Abel-Regular.ttf
21:04:35.284 [FXGL Background Thread 4 ] DEBUG FXGLAssetLoaderServi - Loading from file system: jar:file:/C:/Users/elsal/.m2/repository/com/github/almasb/fxgl/17.2/fxgl-17.2.jar!/fxglassets/ui/fonts/TerminalLandMono-Regular.otf
21:04:35.300 [FXGL Background Thread 4 ] DEBUG FXGLAssetLoaderServi - Loading from file system: jar:file:/C:/Users/elsal/.m2/repository/com/github/almasb/fxgl/17.2/fxgl-17.2.jar!/fxglassets/ui/fonts/Courier-Prime.ttf
21:04:35.313 [JavaFX Application Thread] DEBUG FXGLApplication      - Registering font factories with UI factory
21:04:35.788 [FXGL Background Thread 2 ] INFO  UpdaterService       - Your current version:  17.2
21:04:35.788 [FXGL Background Thread 2 ] INFO  UpdaterService       - Latest stable version: 21.1
21:04:37.844 [FXGL Background Thread 3 ] DEBUG Engine               - Logging environment variables
21:04:37.845 [FXGL Background Thread 3 ] DEBUG Engine               - achievements: []
21:04:37.845 [FXGL Background Thread 3 ] DEBUG Engine               - actualHeight: 720.0
21:04:37.845 [FXGL Background Thread 3 ] DEBUG Engine               - actualHeightProperty: ReadOnlyDoubleProperty [value: 720.0]
21:04:37.845 [FXGL Background Thread 3 ] DEBUG Engine               - actualWidth: 1280.0
21:04:37.845 [FXGL Background Thread 3 ] DEBUG Engine               - actualWidthProperty: ReadOnlyDoubleProperty [value: 1280.0]
21:04:37.845 [FXGL Background Thread 3 ] DEBUG Engine               - appIcon: fxgl_icon.png
21:04:37.845 [FXGL Background Thread 3 ] DEBUG Engine               - applicationMode: DEVELOPER
21:04:37.845 [FXGL Background Thread 3 ] DEBUG Engine               - cSSList: [fxgl_dark.css]
21:04:37.845 [FXGL Background Thread 3 ] DEBUG Engine               - collisionDetectionStrategy: BRUTE_FORCE
21:04:37.845 [FXGL Background Thread 3 ] DEBUG Engine               - configClass: Optional.empty
21:04:37.845 [FXGL Background Thread 3 ] DEBUG Engine               - credits: []
21:04:37.846 [FXGL Background Thread 3 ] DEBUG Engine               - defaultCursor: CursorInfo(imageName=fxgl_default_cursor.png, hotspotX=7.0, hotspotY=6.0)
21:04:37.846 [FXGL Background Thread 3 ] DEBUG Engine               - devBBoxColorProperty: ObjectProperty [value: 0xff0000ff]
21:04:37.846 [FXGL Background Thread 3 ] DEBUG Engine               - devEnableDebugCameraProperty: BooleanProperty [value: false]
21:04:37.846 [FXGL Background Thread 3 ] DEBUG Engine               - devSensorColorProperty: ObjectProperty [value: 0xffff00ff]
21:04:37.846 [FXGL Background Thread 3 ] DEBUG Engine               - devShowBBoxProperty: BooleanProperty [value: false]
21:04:37.846 [FXGL Background Thread 3 ] DEBUG Engine               - devShowPositionProperty: BooleanProperty [value: false]
21:04:37.846 [FXGL Background Thread 3 ] DEBUG Engine               - enabledMenuItems: []
21:04:37.846 [FXGL Background Thread 3 ] DEBUG Engine               - engineServices: [class com.almasb.fxgl.app.services.FXGLAssetLoaderService, class com.almasb.fxgl.app.FXGLApplication$GameApplicationService, class com.almasb.fxgl.app.services.FXGLDialogService, class com.almasb.fxgl.app.services.IOTaskExecutorService, class com.almasb.fxgl.io.FileSystemService, class com.almasb.fxgl.localization.LocalizationService, class com.almasb.fxgl.app.services.SystemBundleService, class com.almasb.fxgl.profile.SaveLoadService, class com.almasb.fxgl.ui.FXGLUIFactoryServiceProvider, class com.almasb.fxgl.ui.FXGLDialogFactoryServiceProvider, class com.almasb.fxgl.audio.AudioPlayer, class com.almasb.fxgl.notification.impl.NotificationServiceProvider, class com.almasb.fxgl.achievement.AchievementService, class com.almasb.fxgl.cutscene.CutsceneService, class com.almasb.fxgl.minigames.MiniGameService, class com.almasb.fxgl.net.NetService, class com.almasb.fxgl.app.services.UpdaterService, class com.almasb.fxgl.dev.DevService]
21:04:37.846 [FXGL Background Thread 3 ] DEBUG Engine               - fontGame: Abel-Regular.ttf
21:04:37.847 [FXGL Background Thread 3 ] DEBUG Engine               - fontMono: TerminalLandMono-Regular.otf
21:04:37.847 [FXGL Background Thread 3 ] DEBUG Engine               - fontText: Courier-Prime.ttf
21:04:37.847 [FXGL Background Thread 3 ] DEBUG Engine               - fontUI: VarelaRound-Regular.ttf
21:04:37.847 [FXGL Background Thread 3 ] DEBUG Engine               - fullScreen: BooleanProperty [value: false]
21:04:37.847 [FXGL Background Thread 3 ] DEBUG Engine               - gameDifficulty: MEDIUM
21:04:37.847 [FXGL Background Thread 3 ] DEBUG Engine               - gameDifficultyProperty: ObjectProperty [value: MEDIUM]
21:04:37.847 [FXGL Background Thread 3 ] DEBUG Engine               - globalMusicVolume: 0.5
21:04:37.847 [FXGL Background Thread 3 ] DEBUG Engine               - globalMusicVolumeProperty: DoubleProperty [value: 0.5]
21:04:37.847 [FXGL Background Thread 3 ] DEBUG Engine               - globalSoundVolume: 0.5
21:04:37.847 [FXGL Background Thread 3 ] DEBUG Engine               - globalSoundVolumeProperty: DoubleProperty [value: 0.5]
21:04:37.847 [FXGL Background Thread 3 ] DEBUG Engine               - height: 720
21:04:37.847 [FXGL Background Thread 3 ] DEBUG Engine               - is3D: false
21:04:37.847 [FXGL Background Thread 3 ] DEBUG Engine               - isAndroid: false
21:04:37.847 [FXGL Background Thread 3 ] DEBUG Engine               - isBrowser: false
21:04:37.847 [FXGL Background Thread 3 ] DEBUG Engine               - isClickFeedbackEnabled: false
21:04:37.847 [FXGL Background Thread 3 ] DEBUG Engine               - isCloseConfirmation: false
21:04:37.847 [FXGL Background Thread 3 ] DEBUG Engine               - isDesktop: true
21:04:37.847 [FXGL Background Thread 3 ] DEBUG Engine               - isDeveloperMenuEnabled: false
21:04:37.847 [FXGL Background Thread 3 ] DEBUG Engine               - isEmbedded: false
21:04:37.847 [FXGL Background Thread 3 ] DEBUG Engine               - isEntityPreloadEnabled: true
21:04:37.848 [FXGL Background Thread 3 ] DEBUG Engine               - isExperimentalTiledLargeMap: false
21:04:37.848 [FXGL Background Thread 3 ] DEBUG Engine               - isFileSystemWriteAllowed: true
21:04:37.848 [FXGL Background Thread 3 ] DEBUG Engine               - isFullScreenAllowed: false
21:04:37.848 [FXGL Background Thread 3 ] DEBUG Engine               - isFullScreenFromStart: false
21:04:37.848 [FXGL Background Thread 3 ] DEBUG Engine               - isGameMenuEnabled: true
21:04:37.848 [FXGL Background Thread 3 ] DEBUG Engine               - isIOS: false
21:04:37.848 [FXGL Background Thread 3 ] DEBUG Engine               - isIntroEnabled: false
21:04:37.848 [FXGL Background Thread 3 ] DEBUG Engine               - isLinux: false
21:04:37.848 [FXGL Background Thread 3 ] DEBUG Engine               - isMac: false
21:04:37.848 [FXGL Background Thread 3 ] DEBUG Engine               - isMainMenuEnabled: false
21:04:37.848 [FXGL Background Thread 3 ] DEBUG Engine               - isManualResizeEnabled: false
21:04:37.848 [FXGL Background Thread 3 ] DEBUG Engine               - isMobile: false
21:04:37.848 [FXGL Background Thread 3 ] DEBUG Engine               - isNative: false
21:04:37.848 [FXGL Background Thread 3 ] DEBUG Engine               - isPauseMusicWhenMinimized: true
21:04:37.848 [FXGL Background Thread 3 ] DEBUG Engine               - isPreserveResizeRatio: false
21:04:37.848 [FXGL Background Thread 3 ] DEBUG Engine               - isProfilingEnabled: false
21:04:37.848 [FXGL Background Thread 3 ] DEBUG Engine               - isScaleAffectedOnResize: true
21:04:37.848 [FXGL Background Thread 3 ] DEBUG Engine               - isSingleStep: false
21:04:37.848 [FXGL Background Thread 3 ] DEBUG Engine               - isUserProfileEnabled: false
21:04:37.848 [FXGL Background Thread 3 ] DEBUG Engine               - isWindows: true
21:04:37.848 [FXGL Background Thread 3 ] DEBUG Engine               - language: ObjectProperty [value: ENGLISH]
21:04:37.849 [FXGL Background Thread 3 ] DEBUG Engine               - menuKey: ESCAPE
21:04:37.849 [FXGL Background Thread 3 ] DEBUG Engine               - mouseSensitivity: 0.2
21:04:37.849 [FXGL Background Thread 3 ] DEBUG Engine               - notificationViewClass: class com.almasb.fxgl.notification.view.XboxNotificationView
21:04:37.849 [FXGL Background Thread 3 ] DEBUG Engine               - pixelsPerMeter: 50.0
21:04:37.849 [FXGL Background Thread 3 ] DEBUG Engine               - platform: WINDOWS
21:04:37.849 [FXGL Background Thread 3 ] DEBUG Engine               - prefHeightProperty: ReadOnlyDoubleProperty [value: 720.0]
21:04:37.849 [FXGL Background Thread 3 ] DEBUG Engine               - prefWidthProperty: ReadOnlyDoubleProperty [value: 1280.0]
21:04:37.849 [FXGL Background Thread 3 ] DEBUG Engine               - profileDir: profiles/
21:04:37.849 [FXGL Background Thread 3 ] DEBUG Engine               - profileName: StringProperty [value: DEFAULT]
21:04:37.849 [FXGL Background Thread 3 ] DEBUG Engine               - randomSeed: -1
21:04:37.849 [FXGL Background Thread 3 ] DEBUG Engine               - runtimeInfo: RuntimeInfo(platform=WINDOWS, version=17.2, build=20.08.2022 16.50)
21:04:37.849 [FXGL Background Thread 3 ] DEBUG Engine               - saveFileExt: sav
21:04:37.849 [FXGL Background Thread 3 ] DEBUG Engine               - scaledHeightProp$fxgl: DoubleProperty [bound, value: 720.0]
21:04:37.849 [FXGL Background Thread 3 ] DEBUG Engine               - scaledWidthProp$fxgl: DoubleProperty [bound, value: 1280.0]
21:04:37.850 [FXGL Background Thread 3 ] DEBUG Engine               - sceneFactory: com.almasb.fxgl.app.scene.SceneFactory@104e428a
21:04:37.850 [FXGL Background Thread 3 ] DEBUG Engine               - secondsIn24h: 60
21:04:37.850 [FXGL Background Thread 3 ] DEBUG Engine               - soundMenuBack: menu/back.wav
21:04:37.850 [FXGL Background Thread 3 ] DEBUG Engine               - soundMenuPress: menu/press.wav
21:04:37.850 [FXGL Background Thread 3 ] DEBUG Engine               - soundMenuSelect: menu/select.wav
21:04:37.850 [FXGL Background Thread 3 ] DEBUG Engine               - soundNotification: core/notification.wav
21:04:37.850 [FXGL Background Thread 3 ] DEBUG Engine               - stageStyle: DECORATED
21:04:37.850 [FXGL Background Thread 3 ] DEBUG Engine               - supportedLanguages: [ENGLISH, FRENCH, GERMAN, HUNGARIAN, RUSSIAN]
21:04:37.850 [FXGL Background Thread 3 ] DEBUG Engine               - ticksPerSecond: -1
21:04:37.850 [FXGL Background Thread 3 ] DEBUG Engine               - title: Basic Game App
21:04:37.850 [FXGL Background Thread 3 ] DEBUG Engine               - urlGithub: https://github.com/AlmasB/FXGL
21:04:37.850 [FXGL Background Thread 3 ] DEBUG Engine               - urlLeaderboard: http://fxgl-top.herokuapp.com/
21:04:37.850 [FXGL Background Thread 3 ] DEBUG Engine               - urlPOM: https://raw.githubusercontent.com/AlmasB/FXGL/release/README.md
21:04:37.850 [FXGL Background Thread 3 ] DEBUG Engine               - userAppClass: class org.example.Main
21:04:37.850 [FXGL Background Thread 3 ] DEBUG Engine               - version: 0.0
21:04:37.850 [FXGL Background Thread 3 ] DEBUG Engine               - versionCheckDays: 7
21:04:37.850 [FXGL Background Thread 3 ] DEBUG Engine               - width: 1280
21:04:37.850 [FXGL Background Thread 3 ] DEBUG Engine               - Logging services
21:04:37.850 [FXGL Background Thread 3 ] DEBUG Engine               - class com.almasb.fxgl.app.services.FXGLAssetLoaderService
21:04:37.850 [FXGL Background Thread 3 ] DEBUG Engine               - class com.almasb.fxgl.app.FXGLApplication$GameApplicationService
21:04:37.850 [FXGL Background Thread 3 ] DEBUG Engine               - class com.almasb.fxgl.app.services.FXGLDialogService
21:04:37.850 [FXGL Background Thread 3 ] DEBUG Engine               - class com.almasb.fxgl.app.services.IOTaskExecutorService
21:04:37.851 [FXGL Background Thread 3 ] DEBUG Engine               - class com.almasb.fxgl.io.FileSystemService
21:04:37.851 [FXGL Background Thread 3 ] DEBUG Engine               - class com.almasb.fxgl.localization.LocalizationService
21:04:37.851 [FXGL Background Thread 3 ] DEBUG Engine               - class com.almasb.fxgl.app.services.SystemBundleService
21:04:37.851 [FXGL Background Thread 3 ] DEBUG Engine               - class com.almasb.fxgl.profile.SaveLoadService
21:04:37.851 [FXGL Background Thread 3 ] DEBUG Engine               - class com.almasb.fxgl.ui.FXGLUIFactoryServiceProvider
21:04:37.851 [FXGL Background Thread 3 ] DEBUG Engine               - class com.almasb.fxgl.ui.FXGLDialogFactoryServiceProvider
21:04:37.851 [FXGL Background Thread 3 ] DEBUG Engine               - class com.almasb.fxgl.audio.AudioPlayer
21:04:37.851 [FXGL Background Thread 3 ] DEBUG Engine               - class com.almasb.fxgl.notification.impl.NotificationServiceProvider
21:04:37.851 [FXGL Background Thread 3 ] DEBUG Engine               - class com.almasb.fxgl.achievement.AchievementService
21:04:37.851 [FXGL Background Thread 3 ] DEBUG Engine               - class com.almasb.fxgl.cutscene.CutsceneService
21:04:37.851 [FXGL Background Thread 3 ] DEBUG Engine               - class com.almasb.fxgl.minigames.MiniGameService
21:04:37.851 [FXGL Background Thread 3 ] DEBUG Engine               - class com.almasb.fxgl.net.NetService
21:04:37.851 [FXGL Background Thread 3 ] DEBUG Engine               - class com.almasb.fxgl.app.services.UpdaterService
21:04:37.851 [FXGL Background Thread 3 ] DEBUG Engine               - class com.almasb.fxgl.dev.DevService
21:04:44.941 [JavaFX Application Thread] DEBUG FXGLApplication      - Exiting FXGL
21:04:44.941 [JavaFX Application Thread] DEBUG LoopRunner           - Stopping loop
21:04:44.941 [JavaFX Application Thread] DEBUG SystemBundleService  - Saving FXGL system data
21:04:44.943 [JavaFX Application Thread] DEBUG FileSystemAccess     - Writing to: C:\Users\elsal\OneDrive\Escritorio\restaurantSim\system\fxgl.bundle
21:04:44.945 [JavaFX Application Thread] DEBUG Async                - Shutting down background threads
21:04:44.945 [JavaFX Application Thread] DEBUG PrimaryStageWindow   - Closing main window
21:04:44.968 [JavaFX Application Thread] DEBUG Logger               - Closing Logger
