09:21:50.616 [main                     ] DEBUG Logger               - Configured Logger
09:21:50.667 [main                     ] DEBUG GameApplication      - Logging settings
Title: Basic Game App
Version: 0.0
Width: 600
Height: 600
Fullscreen: false
Intro: false
Profiling: false
Single step:false
App Mode: DEVELOPER
Menu Key: ESCAPE
Stage Style: DECORATED
Scene Factory: class com.almasb.fxgl.app.scene.SceneFactory

09:21:51.410 [JavaFX Application Thread] DEBUG FXGLApplication      - Initializing FXGL
09:21:51.419 [JavaFX Application Thread] INFO  Engine               - FXGL-17.2 (20.08.2022 16.50) on LINUX (J:17.0.12 FX:18)
09:21:51.419 [JavaFX Application Thread] DEBUG Engine               - JRE Vendor Name: JetBrains s.r.o.
09:21:51.420 [JavaFX Application Thread] DEBUG Engine               - Running on OS: Linux version 6.11.7-300.fc41.x86_64
09:21:51.420 [JavaFX Application Thread] DEBUG Engine               - Architecture: amd64
09:21:51.421 [JavaFX Application Thread] INFO  Engine               - Source code and latest versions at: https://github.com/AlmasB/FXGL
09:21:51.421 [JavaFX Application Thread] INFO  Engine               -       Ask questions and discuss at: https://github.com/AlmasB/FXGL/discussions
09:21:51.421 [JavaFX Application Thread] INFO  Engine               -              Join the FXGL chat at: https://gitter.im/AlmasB/FXGL
09:21:51.587 [JavaFX Application Thread] DEBUG PrimaryStageWindow   - Creating a JavaFX scene
09:21:51.695 [JavaFX Application Thread] DEBUG PrimaryStageWindow   - Target settings size: 600.0 x 600.0
09:21:51.696 [JavaFX Application Thread] DEBUG PrimaryStageWindow   - Scaled scene size:    600.0 x 600.0
09:21:51.696 [JavaFX Application Thread] DEBUG PrimaryStageWindow   - Scaled ratio: (1.0, 1.0)
09:21:51.698 [JavaFX Application Thread] DEBUG PrimaryStageWindow   - Set initial scene to FXGLStartupScene
09:21:51.709 [JavaFX Application Thread] DEBUG PrimaryStageWindow   - Opening main window
09:21:51.769 [JavaFX Application Thread] DEBUG PrimaryStageWindow   - Window border size: (2.0, 29.0)
09:21:51.769 [JavaFX Application Thread] DEBUG PrimaryStageWindow   - Scaled size: 600.0 x 600.0
09:21:51.770 [JavaFX Application Thread] DEBUG PrimaryStageWindow   - Scaled ratio: (1.0, 1.0)
09:21:51.770 [JavaFX Application Thread] DEBUG PrimaryStageWindow   - Scene size: 600.0 x 600.0
09:21:51.771 [JavaFX Application Thread] DEBUG PrimaryStageWindow   - Stage size: 602.0 x 629.0
09:21:51.781 [FXGL Background Thread 1 ] DEBUG Engine               - Initializing environment variables
09:21:51.830 [FXGL Background Thread 1 ] DEBUG FXGLAssetLoaderServi - User app class for loading assets: class org.example.Main
09:21:51.830 [FXGL Background Thread 1 ] DEBUG GameApplicationServi - Applying CSS: fxgl_dark.css
09:21:51.832 [FXGL Background Thread 1 ] DEBUG FXGLAssetLoaderServi - Loading from file system: jar:file:/home/rodrigo/.m2/repository/com/github/almasb/fxgl/17.2/fxgl-17.2.jar!/fxglassets/ui/css/fxgl_dark.css
09:21:51.892 [FXGL Background Thread 1 ] DEBUG GameApplicationServi - Initializing application scenes
09:21:52.032 [FXGL Background Thread 1 ] DEBUG GameWorld            - Game world initialized
09:21:52.094 [FXGL Background Thread 1 ] DEBUG PhysicsWorld         - Physics world initialized: appHeight=600, physics.ppm=50.0
09:21:52.094 [FXGL Background Thread 1 ] DEBUG PhysicsWorld         - Using strategy: BRUTE_FORCE
09:21:52.101 [FXGL Background Thread 1 ] DEBUG GameScene            - Game scene initialized: 600x600
09:21:52.117 [FXGL Background Thread 1 ] WARN  FXGL.DefaultMenu     - FXGLDefaultMenu is not designed for resolutions < 800x600
09:21:52.118 [FXGL Background Thread 1 ] DEBUG FXGL.DefaultMenu     - createMenuBodyGameMenu()
09:21:52.146 [FXGL Background Thread 1 ] DEBUG FXGL.DefaultMenu     - createOptionsMenu()
09:21:52.161 [FXGL Background Thread 1 ] DEBUG FXGLAssetLoaderServi - Loading from file system: jar:file:/home/rodrigo/.m2/repository/com/github/almasb/fxgl/17.2/fxgl-17.2.jar!/fxglassets/textures/particles/smoke.png
09:21:52.286 [FXGL Background Thread 1 ] DEBUG FXGLAssetLoaderServi - Loading from file system: jar:file:/home/rodrigo/.m2/repository/com/github/almasb/fxgl/17.2/fxgl-17.2.jar!/fxglassets/textures/particles/trace_horizontal.png
09:21:52.338 [FXGL Background Thread 1 ] DEBUG GameApplicationServi - Application scenes initialized
09:21:52.355 [FXGL Background Thread 1 ] DEBUG SystemBundleService  - Loading FXGL system data
09:21:52.362 [FXGL Background Thread 1 ] DEBUG FileSystemAccess     - Reading from: /home/rodrigo/Documentos/UP/concurrentes/RestaurantSim/RestaurantSim/system/fxgl.bundle
09:21:52.377 [FXGL Background Thread 1 ] DEBUG SystemBundleService  - Bundle FXGL: {}
09:21:52.377 [FXGL Background Thread 1 ] DEBUG UpdaterService       - Checking for updates
09:21:52.385 [FXGL Background Thread 4 ] DEBUG FXGLApplication      - Loading fonts
09:21:52.386 [FXGL Background Thread 4 ] DEBUG FXGLAssetLoaderServi - Loading from file system: jar:file:/home/rodrigo/.m2/repository/com/github/almasb/fxgl/17.2/fxgl-17.2.jar!/fxglassets/ui/fonts/VarelaRound-Regular.ttf
09:21:52.386 [FXGL Background Thread 1 ] DEBUG FXGLApplication      - Loading default localization
09:21:52.387 [FXGL Background Thread 1 ] DEBUG FXGLAssetLoaderServi - Loading from file system: jar:file:/home/rodrigo/.m2/repository/com/github/almasb/fxgl/17.2/fxgl-17.2.jar!/fxglassets/languages/english.lang
09:21:52.398 [FXGL Background Thread 4 ] DEBUG FXGLAssetLoaderServi - Loading from file system: jar:file:/home/rodrigo/.m2/repository/com/github/almasb/fxgl/17.2/fxgl-17.2.jar!/fxglassets/ui/fonts/Abel-Regular.ttf
09:21:52.401 [FXGL Background Thread 4 ] DEBUG FXGLAssetLoaderServi - Loading from file system: jar:file:/home/rodrigo/.m2/repository/com/github/almasb/fxgl/17.2/fxgl-17.2.jar!/fxglassets/ui/fonts/TerminalLandMono-Regular.otf
09:21:52.403 [FXGL Background Thread 4 ] DEBUG FXGLAssetLoaderServi - Loading from file system: jar:file:/home/rodrigo/.m2/repository/com/github/almasb/fxgl/17.2/fxgl-17.2.jar!/fxglassets/ui/fonts/Courier-Prime.ttf
09:21:52.409 [JavaFX Application Thread] DEBUG FXGLApplication      - Registering font factories with UI factory
09:21:52.412 [FXGL Background Thread 1 ] INFO  FXGLApplication      - FXGL initialization took: 0.630 sec
09:21:52.428 [JavaFX Application Thread] DEBUG Input                - Registered new binding: action0 - D
09:21:52.428 [JavaFX Application Thread] DEBUG Input                - Registered new binding: action1 - A
09:21:52.429 [JavaFX Application Thread] DEBUG Input                - Registered new binding: action2 - W
09:21:52.430 [JavaFX Application Thread] DEBUG Input                - Registered new binding: action3 - S
09:21:52.430 [JavaFX Application Thread] DEBUG FXGLAssetLoaderServi - Loading from file system: jar:file:/home/rodrigo/.m2/repository/com/github/almasb/fxgl/17.2/fxgl-17.2.jar!/fxglassets/textures/fxgl_icon.png
09:21:52.472 [JavaFX Application Thread] DEBUG FXGLAssetLoaderServi - Loading from file system: jar:file:/home/rodrigo/.m2/repository/com/github/almasb/fxgl/17.2/fxgl-17.2.jar!/fxglassets/textures/fxgl_default_cursor.png
09:21:52.475 [JavaFX Application Thread] DEBUG Input                - Registered new binding: Screenshot - CTRL+8
09:21:52.476 [JavaFX Application Thread] DEBUG Input                - Registered new binding: System info dump - CTRL+9
09:21:52.476 [JavaFX Application Thread] DEBUG Input                - Registered new binding: Restart - CTRL+R
09:21:52.477 [JavaFX Application Thread] DEBUG Input                - Registered new binding: Toggle Debug Camera - CTRL+7
09:21:52.480 [JavaFX Application Thread] DEBUG LoopRunner           - Starting loop
09:21:52.480 [JavaFX Application Thread] DEBUG LoopRunner           - Initializing JavaFX AnimationTimerLoop
09:21:52.482 [JavaFX Application Thread] DEBUG GameApplicationServi - Starting new game
09:21:52.483 [JavaFX Application Thread] DEBUG Input                - Clearing active input actions
09:21:52.502 [JavaFX Application Thread] DEBUG GameApplicationServi - Removing overlay from FXGLStartupScene and adding to FXGLLoadingScene
09:21:52.502 [JavaFX Application Thread] DEBUG PrimaryStageWindow   - FXGLStartupScene -> FXGLLoadingScene
09:21:52.503 [JavaFX Application Thread] DEBUG GameApplicationServi - Clearing previous game
09:21:52.503 [JavaFX Application Thread] DEBUG GameScene            - Clearing game scene
09:21:52.503 [JavaFX Application Thread] DEBUG GameWorld            - Clearing game world
09:21:52.503 [JavaFX Application Thread] DEBUG PhysicsWorld         - Clearing physics world
09:21:52.505 [FXGL Background Thread 1 ] DEBUG FXGLApplication      - Initializing game
09:21:52.509 [FXGL Background Thread 1 ] DEBUG FXGLAssetLoaderServi - Loading from file system: file:/home/rodrigo/Documentos/UP/concurrentes/RestaurantSim/RestaurantSim/target/classes/assets/textures/jean.png
09:21:52.551 [FXGL Background Thread 1 ] INFO  FXGLApplication      - Game initialization took: 0.046 sec
09:21:52.620 [JavaFX Application Thread] DEBUG Input                - Clearing active input actions
09:21:52.634 [JavaFX Application Thread] DEBUG GameApplicationServi - Removing overlay from FXGLLoadingScene and adding to GameScene
09:21:52.635 [JavaFX Application Thread] DEBUG PrimaryStageWindow   - FXGLLoadingScene -> GameScene
09:21:55.383 [FXGL Background Thread 3 ] DEBUG Engine               - Logging environment variables
09:21:55.383 [FXGL Background Thread 3 ] DEBUG Engine               - achievements: []
09:21:55.384 [FXGL Background Thread 3 ] DEBUG Engine               - actualHeight: 571.0
09:21:55.384 [FXGL Background Thread 3 ] DEBUG Engine               - actualHeightProperty: ReadOnlyDoubleProperty [value: 608.0]
09:21:55.384 [FXGL Background Thread 3 ] DEBUG Engine               - actualWidth: 598.0
09:21:55.384 [FXGL Background Thread 3 ] DEBUG Engine               - actualWidthProperty: ReadOnlyDoubleProperty [value: 598.0]
09:21:55.384 [FXGL Background Thread 3 ] DEBUG Engine               - appIcon: fxgl_icon.png
09:21:55.385 [FXGL Background Thread 3 ] DEBUG Engine               - applicationMode: DEVELOPER
09:21:55.385 [FXGL Background Thread 3 ] DEBUG Engine               - cSSList: [fxgl_dark.css]
09:21:55.385 [FXGL Background Thread 3 ] DEBUG Engine               - collisionDetectionStrategy: BRUTE_FORCE
09:21:55.385 [FXGL Background Thread 3 ] DEBUG Engine               - configClass: Optional.empty
09:21:55.385 [FXGL Background Thread 3 ] DEBUG Engine               - credits: []
09:21:55.385 [FXGL Background Thread 3 ] DEBUG Engine               - defaultCursor: CursorInfo(imageName=fxgl_default_cursor.png, hotspotX=7.0, hotspotY=6.0)
09:21:55.386 [FXGL Background Thread 3 ] DEBUG Engine               - devBBoxColorProperty: ObjectProperty [value: 0xff0000ff]
09:21:55.386 [FXGL Background Thread 3 ] DEBUG Engine               - devEnableDebugCameraProperty: BooleanProperty [value: false]
09:21:55.386 [FXGL Background Thread 3 ] DEBUG Engine               - devSensorColorProperty: ObjectProperty [value: 0xffff00ff]
09:21:55.386 [FXGL Background Thread 3 ] DEBUG Engine               - devShowBBoxProperty: BooleanProperty [value: false]
09:21:55.386 [FXGL Background Thread 3 ] DEBUG Engine               - devShowPositionProperty: BooleanProperty [value: false]
09:21:55.386 [FXGL Background Thread 3 ] DEBUG Engine               - enabledMenuItems: []
09:21:55.386 [FXGL Background Thread 3 ] DEBUG Engine               - engineServices: [class com.almasb.fxgl.app.services.FXGLAssetLoaderService, class com.almasb.fxgl.app.FXGLApplication$GameApplicationService, class com.almasb.fxgl.app.services.FXGLDialogService, class com.almasb.fxgl.app.services.IOTaskExecutorService, class com.almasb.fxgl.io.FileSystemService, class com.almasb.fxgl.localization.LocalizationService, class com.almasb.fxgl.app.services.SystemBundleService, class com.almasb.fxgl.profile.SaveLoadService, class com.almasb.fxgl.ui.FXGLUIFactoryServiceProvider, class com.almasb.fxgl.ui.FXGLDialogFactoryServiceProvider, class com.almasb.fxgl.audio.AudioPlayer, class com.almasb.fxgl.notification.impl.NotificationServiceProvider, class com.almasb.fxgl.achievement.AchievementService, class com.almasb.fxgl.cutscene.CutsceneService, class com.almasb.fxgl.minigames.MiniGameService, class com.almasb.fxgl.net.NetService, class com.almasb.fxgl.app.services.UpdaterService, class com.almasb.fxgl.dev.DevService]
09:21:55.386 [FXGL Background Thread 3 ] DEBUG Engine               - fontGame: Abel-Regular.ttf
09:21:55.387 [FXGL Background Thread 3 ] DEBUG Engine               - fontMono: TerminalLandMono-Regular.otf
09:21:55.387 [FXGL Background Thread 3 ] DEBUG Engine               - fontText: Courier-Prime.ttf
09:21:55.387 [FXGL Background Thread 3 ] DEBUG Engine               - fontUI: VarelaRound-Regular.ttf
09:21:55.387 [FXGL Background Thread 3 ] DEBUG Engine               - fullScreen: BooleanProperty [value: false]
09:21:55.387 [FXGL Background Thread 3 ] DEBUG Engine               - gameDifficulty: MEDIUM
09:21:55.387 [FXGL Background Thread 3 ] DEBUG Engine               - gameDifficultyProperty: ObjectProperty [value: MEDIUM]
09:21:55.387 [FXGL Background Thread 3 ] DEBUG Engine               - globalMusicVolume: 0.5
09:21:55.387 [FXGL Background Thread 3 ] DEBUG Engine               - globalMusicVolumeProperty: DoubleProperty [value: 0.5]
09:21:55.388 [FXGL Background Thread 3 ] DEBUG Engine               - globalSoundVolume: 0.5
09:21:55.388 [FXGL Background Thread 3 ] DEBUG Engine               - globalSoundVolumeProperty: DoubleProperty [value: 0.5]
09:21:55.388 [FXGL Background Thread 3 ] DEBUG Engine               - height: 600
09:21:55.388 [FXGL Background Thread 3 ] DEBUG Engine               - is3D: false
09:21:55.388 [FXGL Background Thread 3 ] DEBUG Engine               - isAndroid: false
09:21:55.388 [FXGL Background Thread 3 ] DEBUG Engine               - isBrowser: false
09:21:55.388 [FXGL Background Thread 3 ] DEBUG Engine               - isClickFeedbackEnabled: false
09:21:55.388 [FXGL Background Thread 3 ] DEBUG Engine               - isCloseConfirmation: false
09:21:55.389 [FXGL Background Thread 3 ] DEBUG Engine               - isDesktop: true
09:21:55.389 [FXGL Background Thread 3 ] DEBUG Engine               - isDeveloperMenuEnabled: false
09:21:55.389 [FXGL Background Thread 3 ] DEBUG Engine               - isEmbedded: false
09:21:55.389 [FXGL Background Thread 3 ] DEBUG Engine               - isEntityPreloadEnabled: true
09:21:55.389 [FXGL Background Thread 3 ] DEBUG Engine               - isExperimentalTiledLargeMap: false
09:21:55.389 [FXGL Background Thread 3 ] DEBUG Engine               - isFileSystemWriteAllowed: true
09:21:55.389 [FXGL Background Thread 3 ] DEBUG Engine               - isFullScreenAllowed: false
09:21:55.389 [FXGL Background Thread 3 ] DEBUG Engine               - isFullScreenFromStart: false
09:21:55.389 [FXGL Background Thread 3 ] DEBUG Engine               - isGameMenuEnabled: true
09:21:55.389 [FXGL Background Thread 3 ] DEBUG Engine               - isIOS: false
09:21:55.389 [FXGL Background Thread 3 ] DEBUG Engine               - isIntroEnabled: false
09:21:55.390 [FXGL Background Thread 3 ] DEBUG Engine               - isLinux: true
09:21:55.390 [FXGL Background Thread 3 ] DEBUG Engine               - isMac: false
09:21:55.390 [FXGL Background Thread 3 ] DEBUG Engine               - isMainMenuEnabled: false
09:21:55.390 [FXGL Background Thread 3 ] DEBUG Engine               - isManualResizeEnabled: false
09:21:55.390 [FXGL Background Thread 3 ] DEBUG Engine               - isMobile: false
09:21:55.390 [FXGL Background Thread 3 ] DEBUG Engine               - isNative: false
09:21:55.391 [FXGL Background Thread 3 ] DEBUG Engine               - isPauseMusicWhenMinimized: true
09:21:55.391 [FXGL Background Thread 3 ] DEBUG Engine               - isPreserveResizeRatio: false
09:21:55.391 [FXGL Background Thread 3 ] DEBUG Engine               - isProfilingEnabled: false
09:21:55.391 [FXGL Background Thread 3 ] DEBUG Engine               - isScaleAffectedOnResize: true
09:21:55.391 [FXGL Background Thread 3 ] DEBUG Engine               - isSingleStep: false
09:21:55.391 [FXGL Background Thread 3 ] DEBUG Engine               - isUserProfileEnabled: false
09:21:55.391 [FXGL Background Thread 3 ] DEBUG Engine               - isWindows: false
09:21:55.391 [FXGL Background Thread 3 ] DEBUG Engine               - language: ObjectProperty [value: ENGLISH]
09:21:55.391 [FXGL Background Thread 3 ] DEBUG Engine               - menuKey: ESCAPE
09:21:55.391 [FXGL Background Thread 3 ] DEBUG Engine               - mouseSensitivity: 0.2
09:21:55.391 [FXGL Background Thread 3 ] DEBUG Engine               - notificationViewClass: class com.almasb.fxgl.notification.view.XboxNotificationView
09:21:55.391 [FXGL Background Thread 3 ] DEBUG Engine               - pixelsPerMeter: 50.0
09:21:55.391 [FXGL Background Thread 3 ] DEBUG Engine               - platform: LINUX
09:21:55.392 [FXGL Background Thread 3 ] DEBUG Engine               - prefHeightProperty: ReadOnlyDoubleProperty [value: 600.0]
09:21:55.392 [FXGL Background Thread 3 ] DEBUG Engine               - prefWidthProperty: ReadOnlyDoubleProperty [value: 600.0]
09:21:55.392 [FXGL Background Thread 3 ] DEBUG Engine               - profileDir: profiles/
09:21:55.392 [FXGL Background Thread 3 ] DEBUG Engine               - profileName: StringProperty [value: DEFAULT]
09:21:55.392 [FXGL Background Thread 3 ] DEBUG Engine               - randomSeed: -1
09:21:55.392 [FXGL Background Thread 3 ] DEBUG Engine               - runtimeInfo: RuntimeInfo(platform=LINUX, version=17.2, build=20.08.2022 16.50)
09:21:55.392 [FXGL Background Thread 3 ] DEBUG Engine               - saveFileExt: sav
09:21:55.392 [FXGL Background Thread 3 ] DEBUG Engine               - scaledHeightProp$fxgl: DoubleProperty [bound, value: 608.0]
09:21:55.392 [FXGL Background Thread 3 ] DEBUG Engine               - scaledWidthProp$fxgl: DoubleProperty [bound, value: 598.0]
09:21:55.393 [FXGL Background Thread 3 ] DEBUG Engine               - sceneFactory: com.almasb.fxgl.app.scene.SceneFactory@42fd42e2
09:21:55.393 [FXGL Background Thread 3 ] DEBUG Engine               - secondsIn24h: 60
09:21:55.393 [FXGL Background Thread 3 ] DEBUG Engine               - soundMenuBack: menu/back.wav
09:21:55.393 [FXGL Background Thread 3 ] DEBUG Engine               - soundMenuPress: menu/press.wav
09:21:55.393 [FXGL Background Thread 3 ] DEBUG Engine               - soundMenuSelect: menu/select.wav
09:21:55.393 [FXGL Background Thread 3 ] DEBUG Engine               - soundNotification: core/notification.wav
09:21:55.393 [FXGL Background Thread 3 ] DEBUG Engine               - stageStyle: DECORATED
09:21:55.393 [FXGL Background Thread 3 ] DEBUG Engine               - supportedLanguages: [ENGLISH, FRENCH, GERMAN, HUNGARIAN, RUSSIAN]
09:21:55.393 [FXGL Background Thread 3 ] DEBUG Engine               - ticksPerSecond: -1
09:21:55.393 [FXGL Background Thread 3 ] DEBUG Engine               - title: Basic Game App
09:21:55.393 [FXGL Background Thread 3 ] DEBUG Engine               - urlGithub: https://github.com/AlmasB/FXGL
09:21:55.393 [FXGL Background Thread 3 ] DEBUG Engine               - urlLeaderboard: http://fxgl-top.herokuapp.com/
09:21:55.393 [FXGL Background Thread 3 ] DEBUG Engine               - urlPOM: https://raw.githubusercontent.com/AlmasB/FXGL/release/README.md
09:21:55.393 [FXGL Background Thread 3 ] DEBUG Engine               - userAppClass: class org.example.Main
09:21:55.393 [FXGL Background Thread 3 ] DEBUG Engine               - version: 0.0
09:21:55.393 [FXGL Background Thread 3 ] DEBUG Engine               - versionCheckDays: 7
09:21:55.394 [FXGL Background Thread 3 ] DEBUG Engine               - width: 600
09:21:55.394 [FXGL Background Thread 3 ] DEBUG Engine               - Logging services
09:21:55.394 [FXGL Background Thread 3 ] DEBUG Engine               - class com.almasb.fxgl.app.services.FXGLAssetLoaderService
09:21:55.394 [FXGL Background Thread 3 ] DEBUG Engine               - class com.almasb.fxgl.app.FXGLApplication$GameApplicationService
09:21:55.394 [FXGL Background Thread 3 ] DEBUG Engine               - class com.almasb.fxgl.app.services.FXGLDialogService
09:21:55.394 [FXGL Background Thread 3 ] DEBUG Engine               - class com.almasb.fxgl.app.services.IOTaskExecutorService
09:21:55.394 [FXGL Background Thread 3 ] DEBUG Engine               - class com.almasb.fxgl.io.FileSystemService
09:21:55.394 [FXGL Background Thread 3 ] DEBUG Engine               - class com.almasb.fxgl.localization.LocalizationService
09:21:55.394 [FXGL Background Thread 3 ] DEBUG Engine               - class com.almasb.fxgl.app.services.SystemBundleService
09:21:55.394 [FXGL Background Thread 3 ] DEBUG Engine               - class com.almasb.fxgl.profile.SaveLoadService
09:21:55.394 [FXGL Background Thread 3 ] DEBUG Engine               - class com.almasb.fxgl.ui.FXGLUIFactoryServiceProvider
09:21:55.394 [FXGL Background Thread 3 ] DEBUG Engine               - class com.almasb.fxgl.ui.FXGLDialogFactoryServiceProvider
09:21:55.394 [FXGL Background Thread 3 ] DEBUG Engine               - class com.almasb.fxgl.audio.AudioPlayer
09:21:55.394 [FXGL Background Thread 3 ] DEBUG Engine               - class com.almasb.fxgl.notification.impl.NotificationServiceProvider
09:21:55.394 [FXGL Background Thread 3 ] DEBUG Engine               - class com.almasb.fxgl.achievement.AchievementService
09:21:55.394 [FXGL Background Thread 3 ] DEBUG Engine               - class com.almasb.fxgl.cutscene.CutsceneService
09:21:55.394 [FXGL Background Thread 3 ] DEBUG Engine               - class com.almasb.fxgl.minigames.MiniGameService
09:21:55.394 [FXGL Background Thread 3 ] DEBUG Engine               - class com.almasb.fxgl.net.NetService
09:21:55.394 [FXGL Background Thread 3 ] DEBUG Engine               - class com.almasb.fxgl.app.services.UpdaterService
09:21:55.395 [FXGL Background Thread 3 ] DEBUG Engine               - class com.almasb.fxgl.dev.DevService
09:21:58.647 [JavaFX Application Thread] DEBUG FXGLApplication      - Exiting FXGL
09:21:58.647 [JavaFX Application Thread] DEBUG LoopRunner           - Stopping loop
09:21:58.647 [JavaFX Application Thread] DEBUG SystemBundleService  - Saving FXGL system data
09:21:58.649 [JavaFX Application Thread] DEBUG FileSystemAccess     - Writing to: /home/rodrigo/Documentos/UP/concurrentes/RestaurantSim/RestaurantSim/system/fxgl.bundle
09:21:58.652 [JavaFX Application Thread] DEBUG Async                - Shutting down background threads
09:21:58.652 [JavaFX Application Thread] DEBUG PrimaryStageWindow   - Closing main window
09:21:58.654 [JavaFX Application Thread] DEBUG Logger               - Closing Logger
