19:56:06.639 [main                     ] DEBUG Logger               - Configured Logger
19:56:06.663 [main                     ] DEBUG GameApplication      - Logging settings
Title: Basic Game App
Version: 0.0
Width: 600
Height: 600
Fullscreen: false
Intro: false
Profiling: false
Single step:false
App Mode: DEVELOPER
Menu Key: ESCAPE
Stage Style: DECORATED
Scene Factory: class com.almasb.fxgl.app.scene.SceneFactory

19:56:06.904 [JavaFX Application Thread] DEBUG FXGLApplication      - Initializing FXGL
19:56:06.910 [JavaFX Application Thread] INFO  Engine               - FXGL-17.2 (20.08.2022 16.50) on LINUX (J:17.0.12 FX:18)
19:56:06.911 [JavaFX Application Thread] DEBUG Engine               - JRE Vendor Name: JetBrains s.r.o.
19:56:06.911 [JavaFX Application Thread] DEBUG Engine               - Running on OS: Linux version 6.11.7-300.fc41.x86_64
19:56:06.911 [JavaFX Application Thread] DEBUG Engine               - Architecture: amd64
19:56:06.911 [JavaFX Application Thread] INFO  Engine               - Source code and latest versions at: https://github.com/AlmasB/FXGL
19:56:06.911 [JavaFX Application Thread] INFO  Engine               -       Ask questions and discuss at: https://github.com/AlmasB/FXGL/discussions
19:56:06.911 [JavaFX Application Thread] INFO  Engine               -              Join the FXGL chat at: https://gitter.im/AlmasB/FXGL
19:56:06.992 [JavaFX Application Thread] DEBUG PrimaryStageWindow   - Creating a JavaFX scene
19:56:07.047 [JavaFX Application Thread] DEBUG PrimaryStageWindow   - Target settings size: 600.0 x 600.0
19:56:07.048 [JavaFX Application Thread] DEBUG PrimaryStageWindow   - Scaled scene size:    600.0 x 600.0
19:56:07.048 [JavaFX Application Thread] DEBUG PrimaryStageWindow   - Scaled ratio: (1.0, 1.0)
19:56:07.049 [JavaFX Application Thread] DEBUG PrimaryStageWindow   - Set initial scene to FXGLStartupScene
19:56:07.054 [JavaFX Application Thread] DEBUG PrimaryStageWindow   - Opening main window
19:56:07.087 [JavaFX Application Thread] DEBUG PrimaryStageWindow   - Window border size: (2.0, 29.0)
19:56:07.088 [JavaFX Application Thread] DEBUG PrimaryStageWindow   - Scaled size: 600.0 x 600.0
19:56:07.088 [JavaFX Application Thread] DEBUG PrimaryStageWindow   - Scaled ratio: (1.0, 1.0)
19:56:07.089 [JavaFX Application Thread] DEBUG PrimaryStageWindow   - Scene size: 600.0 x 600.0
19:56:07.089 [JavaFX Application Thread] DEBUG PrimaryStageWindow   - Stage size: 602.0 x 629.0
19:56:07.095 [FXGL Background Thread 1 ] DEBUG Engine               - Initializing environment variables
19:56:07.125 [FXGL Background Thread 1 ] DEBUG FXGLAssetLoaderServi - User app class for loading assets: class org.example.Main
19:56:07.125 [FXGL Background Thread 1 ] DEBUG GameApplicationServi - Applying CSS: fxgl_dark.css
19:56:07.126 [FXGL Background Thread 1 ] DEBUG FXGLAssetLoaderServi - Loading from file system: jar:file:/home/rodrigo/.m2/repository/com/github/almasb/fxgl/17.2/fxgl-17.2.jar!/fxglassets/ui/css/fxgl_dark.css
19:56:07.162 [FXGL Background Thread 1 ] DEBUG GameApplicationServi - Initializing application scenes
19:56:07.214 [FXGL Background Thread 1 ] DEBUG GameWorld            - Game world initialized
19:56:07.246 [FXGL Background Thread 1 ] DEBUG PhysicsWorld         - Physics world initialized: appHeight=600, physics.ppm=50.0
19:56:07.246 [FXGL Background Thread 1 ] DEBUG PhysicsWorld         - Using strategy: BRUTE_FORCE
19:56:07.250 [FXGL Background Thread 1 ] DEBUG GameScene            - Game scene initialized: 600x600
19:56:07.258 [FXGL Background Thread 1 ] WARN  FXGL.DefaultMenu     - FXGLDefaultMenu is not designed for resolutions < 800x600
19:56:07.258 [FXGL Background Thread 1 ] DEBUG FXGL.DefaultMenu     - createMenuBodyGameMenu()
19:56:07.268 [FXGL Background Thread 1 ] DEBUG FXGL.DefaultMenu     - createOptionsMenu()
19:56:07.276 [FXGL Background Thread 1 ] DEBUG FXGLAssetLoaderServi - Loading from file system: jar:file:/home/rodrigo/.m2/repository/com/github/almasb/fxgl/17.2/fxgl-17.2.jar!/fxglassets/textures/particles/smoke.png
19:56:07.345 [FXGL Background Thread 1 ] DEBUG FXGLAssetLoaderServi - Loading from file system: jar:file:/home/rodrigo/.m2/repository/com/github/almasb/fxgl/17.2/fxgl-17.2.jar!/fxglassets/textures/particles/trace_horizontal.png
19:56:07.364 [FXGL Background Thread 1 ] DEBUG GameApplicationServi - Application scenes initialized
19:56:07.373 [FXGL Background Thread 1 ] DEBUG SystemBundleService  - Loading FXGL system data
19:56:07.376 [FXGL Background Thread 1 ] DEBUG FileSystemAccess     - Reading from: /home/rodrigo/Documentos/UP/concurrentes/RestaurantSim/RestaurantSim/system/fxgl.bundle
19:56:07.383 [FXGL Background Thread 1 ] DEBUG SystemBundleService  - Bundle FXGL: {}
19:56:07.383 [FXGL Background Thread 1 ] DEBUG UpdaterService       - Checking for updates
19:56:07.387 [FXGL Background Thread 4 ] DEBUG FXGLApplication      - Loading fonts
19:56:07.387 [FXGL Background Thread 1 ] DEBUG FXGLApplication      - Loading default localization
19:56:07.387 [FXGL Background Thread 4 ] DEBUG FXGLAssetLoaderServi - Loading from file system: jar:file:/home/rodrigo/.m2/repository/com/github/almasb/fxgl/17.2/fxgl-17.2.jar!/fxglassets/ui/fonts/VarelaRound-Regular.ttf
19:56:07.387 [FXGL Background Thread 1 ] DEBUG FXGLAssetLoaderServi - Loading from file system: jar:file:/home/rodrigo/.m2/repository/com/github/almasb/fxgl/17.2/fxgl-17.2.jar!/fxglassets/languages/english.lang
19:56:07.393 [FXGL Background Thread 4 ] DEBUG FXGLAssetLoaderServi - Loading from file system: jar:file:/home/rodrigo/.m2/repository/com/github/almasb/fxgl/17.2/fxgl-17.2.jar!/fxglassets/ui/fonts/Abel-Regular.ttf
19:56:07.394 [FXGL Background Thread 4 ] DEBUG FXGLAssetLoaderServi - Loading from file system: jar:file:/home/rodrigo/.m2/repository/com/github/almasb/fxgl/17.2/fxgl-17.2.jar!/fxglassets/ui/fonts/TerminalLandMono-Regular.otf
19:56:07.396 [FXGL Background Thread 4 ] DEBUG FXGLAssetLoaderServi - Loading from file system: jar:file:/home/rodrigo/.m2/repository/com/github/almasb/fxgl/17.2/fxgl-17.2.jar!/fxglassets/ui/fonts/Courier-Prime.ttf
19:56:07.398 [JavaFX Application Thread] DEBUG FXGLApplication      - Registering font factories with UI factory
19:56:07.399 [FXGL Background Thread 1 ] INFO  FXGLApplication      - FXGL initialization took: 0.304 sec
19:56:07.407 [JavaFX Application Thread] DEBUG Input                - Registered new binding: action0 - D
19:56:07.407 [JavaFX Application Thread] DEBUG Input                - Registered new binding: action1 - A
19:56:07.408 [JavaFX Application Thread] DEBUG Input                - Registered new binding: action2 - W
19:56:07.408 [JavaFX Application Thread] DEBUG Input                - Registered new binding: action3 - S
19:56:07.408 [JavaFX Application Thread] DEBUG FXGLAssetLoaderServi - Loading from file system: jar:file:/home/rodrigo/.m2/repository/com/github/almasb/fxgl/17.2/fxgl-17.2.jar!/fxglassets/textures/fxgl_icon.png
19:56:07.426 [JavaFX Application Thread] DEBUG FXGLAssetLoaderServi - Loading from file system: jar:file:/home/rodrigo/.m2/repository/com/github/almasb/fxgl/17.2/fxgl-17.2.jar!/fxglassets/textures/fxgl_default_cursor.png
19:56:07.428 [JavaFX Application Thread] DEBUG Input                - Registered new binding: Screenshot - CTRL+8
19:56:07.428 [JavaFX Application Thread] DEBUG Input                - Registered new binding: System info dump - CTRL+9
19:56:07.428 [JavaFX Application Thread] DEBUG Input                - Registered new binding: Restart - CTRL+R
19:56:07.429 [JavaFX Application Thread] DEBUG Input                - Registered new binding: Toggle Debug Camera - CTRL+7
19:56:07.430 [JavaFX Application Thread] DEBUG LoopRunner           - Starting loop
19:56:07.430 [JavaFX Application Thread] DEBUG LoopRunner           - Initializing JavaFX AnimationTimerLoop
19:56:07.431 [JavaFX Application Thread] DEBUG GameApplicationServi - Starting new game
19:56:07.431 [JavaFX Application Thread] DEBUG Input                - Clearing active input actions
19:56:07.439 [JavaFX Application Thread] DEBUG GameApplicationServi - Removing overlay from FXGLStartupScene and adding to FXGLLoadingScene
19:56:07.440 [JavaFX Application Thread] DEBUG PrimaryStageWindow   - FXGLStartupScene -> FXGLLoadingScene
19:56:07.440 [JavaFX Application Thread] DEBUG GameApplicationServi - Clearing previous game
19:56:07.440 [JavaFX Application Thread] DEBUG GameScene            - Clearing game scene
19:56:07.440 [JavaFX Application Thread] DEBUG GameWorld            - Clearing game world
19:56:07.440 [JavaFX Application Thread] DEBUG PhysicsWorld         - Clearing physics world
19:56:07.441 [FXGL Background Thread 1 ] DEBUG FXGLApplication      - Initializing game
19:56:07.443 [FXGL Background Thread 1 ] DEBUG FXGLAssetLoaderServi - Loading from file system: file:/home/rodrigo/Documentos/UP/concurrentes/RestaurantSim/RestaurantSim/target/classes/assets/textures/jean.png
19:56:07.456 [FXGL Background Thread 1 ] INFO  FXGLApplication      - Game initialization took: 0.015 sec
19:56:07.486 [JavaFX Application Thread] DEBUG Input                - Clearing active input actions
19:56:07.491 [JavaFX Application Thread] DEBUG GameApplicationServi - Removing overlay from FXGLLoadingScene and adding to GameScene
19:56:07.491 [JavaFX Application Thread] DEBUG PrimaryStageWindow   - FXGLLoadingScene -> GameScene
19:56:08.112 [FXGL Background Thread 2 ] INFO  UpdaterService       - Your current version:  17.2
19:56:08.113 [FXGL Background Thread 2 ] INFO  UpdaterService       - Latest stable version: 21.1
19:56:10.386 [FXGL Background Thread 3 ] DEBUG Engine               - Logging environment variables
19:56:10.386 [FXGL Background Thread 3 ] DEBUG Engine               - achievements: []
19:56:10.386 [FXGL Background Thread 3 ] DEBUG Engine               - actualHeight: 571.0
19:56:10.386 [FXGL Background Thread 3 ] DEBUG Engine               - actualHeightProperty: ReadOnlyDoubleProperty [value: 608.0]
19:56:10.387 [FXGL Background Thread 3 ] DEBUG Engine               - actualWidth: 598.0
19:56:10.387 [FXGL Background Thread 3 ] DEBUG Engine               - actualWidthProperty: ReadOnlyDoubleProperty [value: 598.0]
19:56:10.387 [FXGL Background Thread 3 ] DEBUG Engine               - appIcon: fxgl_icon.png
19:56:10.387 [FXGL Background Thread 3 ] DEBUG Engine               - applicationMode: DEVELOPER
19:56:10.387 [FXGL Background Thread 3 ] DEBUG Engine               - cSSList: [fxgl_dark.css]
19:56:10.387 [FXGL Background Thread 3 ] DEBUG Engine               - collisionDetectionStrategy: BRUTE_FORCE
19:56:10.387 [FXGL Background Thread 3 ] DEBUG Engine               - configClass: Optional.empty
19:56:10.387 [FXGL Background Thread 3 ] DEBUG Engine               - credits: []
19:56:10.388 [FXGL Background Thread 3 ] DEBUG Engine               - defaultCursor: CursorInfo(imageName=fxgl_default_cursor.png, hotspotX=7.0, hotspotY=6.0)
19:56:10.388 [FXGL Background Thread 3 ] DEBUG Engine               - devBBoxColorProperty: ObjectProperty [value: 0xff0000ff]
19:56:10.388 [FXGL Background Thread 3 ] DEBUG Engine               - devEnableDebugCameraProperty: BooleanProperty [value: false]
19:56:10.388 [FXGL Background Thread 3 ] DEBUG Engine               - devSensorColorProperty: ObjectProperty [value: 0xffff00ff]
19:56:10.388 [FXGL Background Thread 3 ] DEBUG Engine               - devShowBBoxProperty: BooleanProperty [value: false]
19:56:10.388 [FXGL Background Thread 3 ] DEBUG Engine               - devShowPositionProperty: BooleanProperty [value: false]
19:56:10.388 [FXGL Background Thread 3 ] DEBUG Engine               - enabledMenuItems: []
19:56:10.388 [FXGL Background Thread 3 ] DEBUG Engine               - engineServices: [class com.almasb.fxgl.app.services.FXGLAssetLoaderService, class com.almasb.fxgl.app.FXGLApplication$GameApplicationService, class com.almasb.fxgl.app.services.FXGLDialogService, class com.almasb.fxgl.app.services.IOTaskExecutorService, class com.almasb.fxgl.io.FileSystemService, class com.almasb.fxgl.localization.LocalizationService, class com.almasb.fxgl.app.services.SystemBundleService, class com.almasb.fxgl.profile.SaveLoadService, class com.almasb.fxgl.ui.FXGLUIFactoryServiceProvider, class com.almasb.fxgl.ui.FXGLDialogFactoryServiceProvider, class com.almasb.fxgl.audio.AudioPlayer, class com.almasb.fxgl.notification.impl.NotificationServiceProvider, class com.almasb.fxgl.achievement.AchievementService, class com.almasb.fxgl.cutscene.CutsceneService, class com.almasb.fxgl.minigames.MiniGameService, class com.almasb.fxgl.net.NetService, class com.almasb.fxgl.app.services.UpdaterService, class com.almasb.fxgl.dev.DevService]
19:56:10.388 [FXGL Background Thread 3 ] DEBUG Engine               - fontGame: Abel-Regular.ttf
19:56:10.389 [FXGL Background Thread 3 ] DEBUG Engine               - fontMono: TerminalLandMono-Regular.otf
19:56:10.389 [FXGL Background Thread 3 ] DEBUG Engine               - fontText: Courier-Prime.ttf
19:56:10.389 [FXGL Background Thread 3 ] DEBUG Engine               - fontUI: VarelaRound-Regular.ttf
19:56:10.389 [FXGL Background Thread 3 ] DEBUG Engine               - fullScreen: BooleanProperty [value: false]
19:56:10.389 [FXGL Background Thread 3 ] DEBUG Engine               - gameDifficulty: MEDIUM
19:56:10.389 [FXGL Background Thread 3 ] DEBUG Engine               - gameDifficultyProperty: ObjectProperty [value: MEDIUM]
19:56:10.389 [FXGL Background Thread 3 ] DEBUG Engine               - globalMusicVolume: 0.5
19:56:10.389 [FXGL Background Thread 3 ] DEBUG Engine               - globalMusicVolumeProperty: DoubleProperty [value: 0.5]
19:56:10.389 [FXGL Background Thread 3 ] DEBUG Engine               - globalSoundVolume: 0.5
19:56:10.389 [FXGL Background Thread 3 ] DEBUG Engine               - globalSoundVolumeProperty: DoubleProperty [value: 0.5]
19:56:10.389 [FXGL Background Thread 3 ] DEBUG Engine               - height: 600
19:56:10.390 [FXGL Background Thread 3 ] DEBUG Engine               - is3D: false
19:56:10.390 [FXGL Background Thread 3 ] DEBUG Engine               - isAndroid: false
19:56:10.390 [FXGL Background Thread 3 ] DEBUG Engine               - isBrowser: false
19:56:10.390 [FXGL Background Thread 3 ] DEBUG Engine               - isClickFeedbackEnabled: false
19:56:10.390 [FXGL Background Thread 3 ] DEBUG Engine               - isCloseConfirmation: false
19:56:10.390 [FXGL Background Thread 3 ] DEBUG Engine               - isDesktop: true
19:56:10.390 [FXGL Background Thread 3 ] DEBUG Engine               - isDeveloperMenuEnabled: false
19:56:10.390 [FXGL Background Thread 3 ] DEBUG Engine               - isEmbedded: false
19:56:10.390 [FXGL Background Thread 3 ] DEBUG Engine               - isEntityPreloadEnabled: true
19:56:10.390 [FXGL Background Thread 3 ] DEBUG Engine               - isExperimentalTiledLargeMap: false
19:56:10.390 [FXGL Background Thread 3 ] DEBUG Engine               - isFileSystemWriteAllowed: true
19:56:10.390 [FXGL Background Thread 3 ] DEBUG Engine               - isFullScreenAllowed: false
19:56:10.390 [FXGL Background Thread 3 ] DEBUG Engine               - isFullScreenFromStart: false
19:56:10.390 [FXGL Background Thread 3 ] DEBUG Engine               - isGameMenuEnabled: true
19:56:10.390 [FXGL Background Thread 3 ] DEBUG Engine               - isIOS: false
19:56:10.390 [FXGL Background Thread 3 ] DEBUG Engine               - isIntroEnabled: false
19:56:10.390 [FXGL Background Thread 3 ] DEBUG Engine               - isLinux: true
19:56:10.390 [FXGL Background Thread 3 ] DEBUG Engine               - isMac: false
19:56:10.391 [FXGL Background Thread 3 ] DEBUG Engine               - isMainMenuEnabled: false
19:56:10.391 [FXGL Background Thread 3 ] DEBUG Engine               - isManualResizeEnabled: false
19:56:10.391 [FXGL Background Thread 3 ] DEBUG Engine               - isMobile: false
19:56:10.391 [FXGL Background Thread 3 ] DEBUG Engine               - isNative: false
19:56:10.391 [FXGL Background Thread 3 ] DEBUG Engine               - isPauseMusicWhenMinimized: true
19:56:10.391 [FXGL Background Thread 3 ] DEBUG Engine               - isPreserveResizeRatio: false
19:56:10.391 [FXGL Background Thread 3 ] DEBUG Engine               - isProfilingEnabled: false
19:56:10.391 [FXGL Background Thread 3 ] DEBUG Engine               - isScaleAffectedOnResize: true
19:56:10.391 [FXGL Background Thread 3 ] DEBUG Engine               - isSingleStep: false
19:56:10.391 [FXGL Background Thread 3 ] DEBUG Engine               - isUserProfileEnabled: false
19:56:10.391 [FXGL Background Thread 3 ] DEBUG Engine               - isWindows: false
19:56:10.391 [FXGL Background Thread 3 ] DEBUG Engine               - language: ObjectProperty [value: ENGLISH]
19:56:10.391 [FXGL Background Thread 3 ] DEBUG Engine               - menuKey: ESCAPE
19:56:10.391 [FXGL Background Thread 3 ] DEBUG Engine               - mouseSensitivity: 0.2
19:56:10.391 [FXGL Background Thread 3 ] DEBUG Engine               - notificationViewClass: class com.almasb.fxgl.notification.view.XboxNotificationView
19:56:10.391 [FXGL Background Thread 3 ] DEBUG Engine               - pixelsPerMeter: 50.0
19:56:10.392 [FXGL Background Thread 3 ] DEBUG Engine               - platform: LINUX
19:56:10.392 [FXGL Background Thread 3 ] DEBUG Engine               - prefHeightProperty: ReadOnlyDoubleProperty [value: 600.0]
19:56:10.392 [FXGL Background Thread 3 ] DEBUG Engine               - prefWidthProperty: ReadOnlyDoubleProperty [value: 600.0]
19:56:10.392 [FXGL Background Thread 3 ] DEBUG Engine               - profileDir: profiles/
19:56:10.392 [FXGL Background Thread 3 ] DEBUG Engine               - profileName: StringProperty [value: DEFAULT]
19:56:10.392 [FXGL Background Thread 3 ] DEBUG Engine               - randomSeed: -1
19:56:10.392 [FXGL Background Thread 3 ] DEBUG Engine               - runtimeInfo: RuntimeInfo(platform=LINUX, version=17.2, build=20.08.2022 16.50)
19:56:10.392 [FXGL Background Thread 3 ] DEBUG Engine               - saveFileExt: sav
19:56:10.392 [FXGL Background Thread 3 ] DEBUG Engine               - scaledHeightProp$fxgl: DoubleProperty [bound, value: 608.0]
19:56:10.392 [FXGL Background Thread 3 ] DEBUG Engine               - scaledWidthProp$fxgl: DoubleProperty [bound, value: 598.0]
19:56:10.392 [FXGL Background Thread 3 ] DEBUG Engine               - sceneFactory: com.almasb.fxgl.app.scene.SceneFactory@634d08d5
19:56:10.392 [FXGL Background Thread 3 ] DEBUG Engine               - secondsIn24h: 60
19:56:10.392 [FXGL Background Thread 3 ] DEBUG Engine               - soundMenuBack: menu/back.wav
19:56:10.392 [FXGL Background Thread 3 ] DEBUG Engine               - soundMenuPress: menu/press.wav
19:56:10.392 [FXGL Background Thread 3 ] DEBUG Engine               - soundMenuSelect: menu/select.wav
19:56:10.393 [FXGL Background Thread 3 ] DEBUG Engine               - soundNotification: core/notification.wav
19:56:10.393 [FXGL Background Thread 3 ] DEBUG Engine               - stageStyle: DECORATED
19:56:10.393 [FXGL Background Thread 3 ] DEBUG Engine               - supportedLanguages: [ENGLISH, FRENCH, GERMAN, HUNGARIAN, RUSSIAN]
19:56:10.393 [FXGL Background Thread 3 ] DEBUG Engine               - ticksPerSecond: -1
19:56:10.393 [FXGL Background Thread 3 ] DEBUG Engine               - title: Basic Game App
19:56:10.393 [FXGL Background Thread 3 ] DEBUG Engine               - urlGithub: https://github.com/AlmasB/FXGL
19:56:10.393 [FXGL Background Thread 3 ] DEBUG Engine               - urlLeaderboard: http://fxgl-top.herokuapp.com/
19:56:10.393 [FXGL Background Thread 3 ] DEBUG Engine               - urlPOM: https://raw.githubusercontent.com/AlmasB/FXGL/release/README.md
19:56:10.393 [FXGL Background Thread 3 ] DEBUG Engine               - userAppClass: class org.example.Main
19:56:10.393 [FXGL Background Thread 3 ] DEBUG Engine               - version: 0.0
19:56:10.393 [FXGL Background Thread 3 ] DEBUG Engine               - versionCheckDays: 7
19:56:10.393 [FXGL Background Thread 3 ] DEBUG Engine               - width: 600
19:56:10.393 [FXGL Background Thread 3 ] DEBUG Engine               - Logging services
19:56:10.393 [FXGL Background Thread 3 ] DEBUG Engine               - class com.almasb.fxgl.app.services.FXGLAssetLoaderService
19:56:10.393 [FXGL Background Thread 3 ] DEBUG Engine               - class com.almasb.fxgl.app.FXGLApplication$GameApplicationService
19:56:10.393 [FXGL Background Thread 3 ] DEBUG Engine               - class com.almasb.fxgl.app.services.FXGLDialogService
19:56:10.393 [FXGL Background Thread 3 ] DEBUG Engine               - class com.almasb.fxgl.app.services.IOTaskExecutorService
19:56:10.393 [FXGL Background Thread 3 ] DEBUG Engine               - class com.almasb.fxgl.io.FileSystemService
19:56:10.393 [FXGL Background Thread 3 ] DEBUG Engine               - class com.almasb.fxgl.localization.LocalizationService
19:56:10.393 [FXGL Background Thread 3 ] DEBUG Engine               - class com.almasb.fxgl.app.services.SystemBundleService
19:56:10.393 [FXGL Background Thread 3 ] DEBUG Engine               - class com.almasb.fxgl.profile.SaveLoadService
19:56:10.393 [FXGL Background Thread 3 ] DEBUG Engine               - class com.almasb.fxgl.ui.FXGLUIFactoryServiceProvider
19:56:10.393 [FXGL Background Thread 3 ] DEBUG Engine               - class com.almasb.fxgl.ui.FXGLDialogFactoryServiceProvider
19:56:10.394 [FXGL Background Thread 3 ] DEBUG Engine               - class com.almasb.fxgl.audio.AudioPlayer
19:56:10.394 [FXGL Background Thread 3 ] DEBUG Engine               - class com.almasb.fxgl.notification.impl.NotificationServiceProvider
19:56:10.394 [FXGL Background Thread 3 ] DEBUG Engine               - class com.almasb.fxgl.achievement.AchievementService
19:56:10.394 [FXGL Background Thread 3 ] DEBUG Engine               - class com.almasb.fxgl.cutscene.CutsceneService
19:56:10.394 [FXGL Background Thread 3 ] DEBUG Engine               - class com.almasb.fxgl.minigames.MiniGameService
19:56:10.394 [FXGL Background Thread 3 ] DEBUG Engine               - class com.almasb.fxgl.net.NetService
19:56:10.394 [FXGL Background Thread 3 ] DEBUG Engine               - class com.almasb.fxgl.app.services.UpdaterService
19:56:10.394 [FXGL Background Thread 3 ] DEBUG Engine               - class com.almasb.fxgl.dev.DevService
19:56:10.514 [JavaFX Application Thread] DEBUG FXGLApplication      - Exiting FXGL
19:56:10.514 [JavaFX Application Thread] DEBUG LoopRunner           - Stopping loop
19:56:10.514 [JavaFX Application Thread] DEBUG SystemBundleService  - Saving FXGL system data
19:56:10.516 [JavaFX Application Thread] DEBUG FileSystemAccess     - Writing to: /home/rodrigo/Documentos/UP/concurrentes/RestaurantSim/RestaurantSim/system/fxgl.bundle
19:56:10.517 [JavaFX Application Thread] DEBUG Async                - Shutting down background threads
19:56:10.517 [JavaFX Application Thread] DEBUG PrimaryStageWindow   - Closing main window
19:56:10.519 [JavaFX Application Thread] DEBUG Logger               - Closing Logger
