20:22:42.311 [main                     ] DEBUG Logger               - Configured Logger
20:22:42.335 [main                     ] DEBUG GameApplication      - Logging settings
Title: Basic Game App
Version: 0.0
Width: 600
Height: 600
Fullscreen: false
Intro: false
Profiling: false
Single step:false
App Mode: DEVELOPER
Menu Key: ESCAPE
Stage Style: DECORATED
Scene Factory: class com.almasb.fxgl.app.scene.SceneFactory

20:22:42.582 [JavaFX Application Thread] DEBUG FXGLApplication      - Initializing FXGL
20:22:42.587 [JavaFX Application Thread] INFO  Engine               - FXGL-17.2 (20.08.2022 16.50) on LINUX (J:17.0.12 FX:18)
20:22:42.588 [JavaFX Application Thread] DEBUG Engine               - JRE Vendor Name: JetBrains s.r.o.
20:22:42.588 [JavaFX Application Thread] DEBUG Engine               - Running on OS: Linux version 6.11.7-300.fc41.x86_64
20:22:42.588 [JavaFX Application Thread] DEBUG Engine               - Architecture: amd64
20:22:42.588 [JavaFX Application Thread] INFO  Engine               - Source code and latest versions at: https://github.com/AlmasB/FXGL
20:22:42.588 [JavaFX Application Thread] INFO  Engine               -       Ask questions and discuss at: https://github.com/AlmasB/FXGL/discussions
20:22:42.589 [JavaFX Application Thread] INFO  Engine               -              Join the FXGL chat at: https://gitter.im/AlmasB/FXGL
20:22:42.674 [JavaFX Application Thread] DEBUG PrimaryStageWindow   - Creating a JavaFX scene
20:22:42.747 [JavaFX Application Thread] DEBUG PrimaryStageWindow   - Target settings size: 600.0 x 600.0
20:22:42.747 [JavaFX Application Thread] DEBUG PrimaryStageWindow   - Scaled scene size:    600.0 x 600.0
20:22:42.747 [JavaFX Application Thread] DEBUG PrimaryStageWindow   - Scaled ratio: (1.0, 1.0)
20:22:42.748 [JavaFX Application Thread] DEBUG PrimaryStageWindow   - Set initial scene to FXGLStartupScene
20:22:42.755 [JavaFX Application Thread] DEBUG PrimaryStageWindow   - Opening main window
20:22:42.795 [JavaFX Application Thread] DEBUG PrimaryStageWindow   - Window border size: (2.0, 29.0)
20:22:42.795 [JavaFX Application Thread] DEBUG PrimaryStageWindow   - Scaled size: 600.0 x 600.0
20:22:42.795 [JavaFX Application Thread] DEBUG PrimaryStageWindow   - Scaled ratio: (1.0, 1.0)
20:22:42.796 [JavaFX Application Thread] DEBUG PrimaryStageWindow   - Scene size: 600.0 x 600.0
20:22:42.796 [JavaFX Application Thread] DEBUG PrimaryStageWindow   - Stage size: 602.0 x 629.0
20:22:42.802 [FXGL Background Thread 1 ] DEBUG Engine               - Initializing environment variables
20:22:42.832 [FXGL Background Thread 1 ] DEBUG FXGLAssetLoaderServi - User app class for loading assets: class org.example.Main
20:22:42.832 [FXGL Background Thread 1 ] DEBUG GameApplicationServi - Applying CSS: fxgl_dark.css
20:22:42.833 [FXGL Background Thread 1 ] DEBUG FXGLAssetLoaderServi - Loading from file system: jar:file:/home/rodrigo/.m2/repository/com/github/almasb/fxgl/17.2/fxgl-17.2.jar!/fxglassets/ui/css/fxgl_dark.css
20:22:42.869 [FXGL Background Thread 1 ] DEBUG GameApplicationServi - Initializing application scenes
20:22:42.922 [FXGL Background Thread 1 ] DEBUG GameWorld            - Game world initialized
20:22:42.954 [FXGL Background Thread 1 ] DEBUG PhysicsWorld         - Physics world initialized: appHeight=600, physics.ppm=50.0
20:22:42.954 [FXGL Background Thread 1 ] DEBUG PhysicsWorld         - Using strategy: BRUTE_FORCE
20:22:42.957 [FXGL Background Thread 1 ] DEBUG GameScene            - Game scene initialized: 600x600
20:22:42.965 [FXGL Background Thread 1 ] WARN  FXGL.DefaultMenu     - FXGLDefaultMenu is not designed for resolutions < 800x600
20:22:42.965 [FXGL Background Thread 1 ] DEBUG FXGL.DefaultMenu     - createMenuBodyGameMenu()
20:22:42.977 [FXGL Background Thread 1 ] DEBUG FXGL.DefaultMenu     - createOptionsMenu()
20:22:42.985 [FXGL Background Thread 1 ] DEBUG FXGLAssetLoaderServi - Loading from file system: jar:file:/home/rodrigo/.m2/repository/com/github/almasb/fxgl/17.2/fxgl-17.2.jar!/fxglassets/textures/particles/smoke.png
20:22:43.053 [FXGL Background Thread 1 ] DEBUG FXGLAssetLoaderServi - Loading from file system: jar:file:/home/rodrigo/.m2/repository/com/github/almasb/fxgl/17.2/fxgl-17.2.jar!/fxglassets/textures/particles/trace_horizontal.png
20:22:43.096 [FXGL Background Thread 1 ] DEBUG GameApplicationServi - Application scenes initialized
20:22:43.106 [FXGL Background Thread 1 ] DEBUG SystemBundleService  - Loading FXGL system data
20:22:43.109 [FXGL Background Thread 1 ] DEBUG FileSystemAccess     - Reading from: /home/rodrigo/Documentos/UP/concurrentes/RestaurantSim/RestaurantSim/system/fxgl.bundle
20:22:43.116 [FXGL Background Thread 1 ] DEBUG SystemBundleService  - Bundle FXGL: {}
20:22:43.117 [FXGL Background Thread 1 ] DEBUG UpdaterService       - Checking for updates
20:22:43.120 [FXGL Background Thread 4 ] DEBUG FXGLApplication      - Loading fonts
20:22:43.120 [FXGL Background Thread 1 ] DEBUG FXGLApplication      - Loading default localization
20:22:43.120 [FXGL Background Thread 4 ] DEBUG FXGLAssetLoaderServi - Loading from file system: jar:file:/home/rodrigo/.m2/repository/com/github/almasb/fxgl/17.2/fxgl-17.2.jar!/fxglassets/ui/fonts/VarelaRound-Regular.ttf
20:22:43.120 [FXGL Background Thread 1 ] DEBUG FXGLAssetLoaderServi - Loading from file system: jar:file:/home/rodrigo/.m2/repository/com/github/almasb/fxgl/17.2/fxgl-17.2.jar!/fxglassets/languages/english.lang
20:22:43.127 [FXGL Background Thread 4 ] DEBUG FXGLAssetLoaderServi - Loading from file system: jar:file:/home/rodrigo/.m2/repository/com/github/almasb/fxgl/17.2/fxgl-17.2.jar!/fxglassets/ui/fonts/Abel-Regular.ttf
20:22:43.128 [FXGL Background Thread 4 ] DEBUG FXGLAssetLoaderServi - Loading from file system: jar:file:/home/rodrigo/.m2/repository/com/github/almasb/fxgl/17.2/fxgl-17.2.jar!/fxglassets/ui/fonts/TerminalLandMono-Regular.otf
20:22:43.129 [FXGL Background Thread 4 ] DEBUG FXGLAssetLoaderServi - Loading from file system: jar:file:/home/rodrigo/.m2/repository/com/github/almasb/fxgl/17.2/fxgl-17.2.jar!/fxglassets/ui/fonts/Courier-Prime.ttf
20:22:43.131 [FXGL Background Thread 1 ] INFO  FXGLApplication      - FXGL initialization took: 0.329 sec
20:22:43.131 [JavaFX Application Thread] DEBUG FXGLApplication      - Registering font factories with UI factory
20:22:43.138 [JavaFX Application Thread] DEBUG Input                - Registered new binding: action0 - D
20:22:43.138 [JavaFX Application Thread] DEBUG Input                - Registered new binding: action1 - A
20:22:43.138 [JavaFX Application Thread] DEBUG Input                - Registered new binding: action2 - W
20:22:43.139 [JavaFX Application Thread] DEBUG Input                - Registered new binding: action3 - S
20:22:43.139 [JavaFX Application Thread] DEBUG FXGLAssetLoaderServi - Loading from file system: jar:file:/home/rodrigo/.m2/repository/com/github/almasb/fxgl/17.2/fxgl-17.2.jar!/fxglassets/textures/fxgl_icon.png
20:22:43.159 [JavaFX Application Thread] DEBUG FXGLAssetLoaderServi - Loading from file system: jar:file:/home/rodrigo/.m2/repository/com/github/almasb/fxgl/17.2/fxgl-17.2.jar!/fxglassets/textures/fxgl_default_cursor.png
20:22:43.160 [JavaFX Application Thread] DEBUG Input                - Registered new binding: Screenshot - CTRL+8
20:22:43.161 [JavaFX Application Thread] DEBUG Input                - Registered new binding: System info dump - CTRL+9
20:22:43.161 [JavaFX Application Thread] DEBUG Input                - Registered new binding: Restart - CTRL+R
20:22:43.161 [JavaFX Application Thread] DEBUG Input                - Registered new binding: Toggle Debug Camera - CTRL+7
20:22:43.162 [JavaFX Application Thread] DEBUG LoopRunner           - Starting loop
20:22:43.162 [JavaFX Application Thread] DEBUG LoopRunner           - Initializing JavaFX AnimationTimerLoop
20:22:43.163 [JavaFX Application Thread] DEBUG GameApplicationServi - Starting new game
20:22:43.164 [JavaFX Application Thread] DEBUG Input                - Clearing active input actions
20:22:43.171 [JavaFX Application Thread] DEBUG GameApplicationServi - Removing overlay from FXGLStartupScene and adding to FXGLLoadingScene
20:22:43.171 [JavaFX Application Thread] DEBUG PrimaryStageWindow   - FXGLStartupScene -> FXGLLoadingScene
20:22:43.172 [JavaFX Application Thread] DEBUG GameApplicationServi - Clearing previous game
20:22:43.172 [JavaFX Application Thread] DEBUG GameScene            - Clearing game scene
20:22:43.172 [JavaFX Application Thread] DEBUG GameWorld            - Clearing game world
20:22:43.172 [JavaFX Application Thread] DEBUG PhysicsWorld         - Clearing physics world
20:22:43.173 [FXGL Background Thread 1 ] DEBUG FXGLApplication      - Initializing game
20:22:43.175 [FXGL Background Thread 1 ] DEBUG FXGLAssetLoaderServi - Loading from file system: file:/home/rodrigo/Documentos/UP/concurrentes/RestaurantSim/RestaurantSim/target/classes/assets/textures/jean.png
20:22:43.196 [FXGL Background Thread 1 ] INFO  FXGLApplication      - Game initialization took: 0.023 sec
20:22:43.220 [JavaFX Application Thread] DEBUG Input                - Clearing active input actions
20:22:43.225 [JavaFX Application Thread] DEBUG GameApplicationServi - Removing overlay from FXGLLoadingScene and adding to GameScene
20:22:43.226 [JavaFX Application Thread] DEBUG PrimaryStageWindow   - FXGLLoadingScene -> GameScene
20:22:43.563 [FXGL Background Thread 2 ] INFO  UpdaterService       - Your current version:  17.2
20:22:43.563 [FXGL Background Thread 2 ] INFO  UpdaterService       - Latest stable version: 21.1
20:22:46.119 [FXGL Background Thread 3 ] DEBUG Engine               - Logging environment variables
20:22:46.120 [FXGL Background Thread 3 ] DEBUG Engine               - achievements: []
20:22:46.120 [FXGL Background Thread 3 ] DEBUG Engine               - actualHeight: 571.0
20:22:46.121 [FXGL Background Thread 3 ] DEBUG Engine               - actualHeightProperty: ReadOnlyDoubleProperty [value: 608.0]
20:22:46.121 [FXGL Background Thread 3 ] DEBUG Engine               - actualWidth: 598.0
20:22:46.121 [FXGL Background Thread 3 ] DEBUG Engine               - actualWidthProperty: ReadOnlyDoubleProperty [value: 598.0]
20:22:46.121 [FXGL Background Thread 3 ] DEBUG Engine               - appIcon: fxgl_icon.png
20:22:46.121 [FXGL Background Thread 3 ] DEBUG Engine               - applicationMode: DEVELOPER
20:22:46.121 [FXGL Background Thread 3 ] DEBUG Engine               - cSSList: [fxgl_dark.css]
20:22:46.121 [FXGL Background Thread 3 ] DEBUG Engine               - collisionDetectionStrategy: BRUTE_FORCE
20:22:46.121 [FXGL Background Thread 3 ] DEBUG Engine               - configClass: Optional.empty
20:22:46.121 [FXGL Background Thread 3 ] DEBUG Engine               - credits: []
20:22:46.121 [FXGL Background Thread 3 ] DEBUG Engine               - defaultCursor: CursorInfo(imageName=fxgl_default_cursor.png, hotspotX=7.0, hotspotY=6.0)
20:22:46.122 [FXGL Background Thread 3 ] DEBUG Engine               - devBBoxColorProperty: ObjectProperty [value: 0xff0000ff]
20:22:46.122 [FXGL Background Thread 3 ] DEBUG Engine               - devEnableDebugCameraProperty: BooleanProperty [value: false]
20:22:46.122 [FXGL Background Thread 3 ] DEBUG Engine               - devSensorColorProperty: ObjectProperty [value: 0xffff00ff]
20:22:46.122 [FXGL Background Thread 3 ] DEBUG Engine               - devShowBBoxProperty: BooleanProperty [value: false]
20:22:46.122 [FXGL Background Thread 3 ] DEBUG Engine               - devShowPositionProperty: BooleanProperty [value: false]
20:22:46.122 [FXGL Background Thread 3 ] DEBUG Engine               - enabledMenuItems: []
20:22:46.122 [FXGL Background Thread 3 ] DEBUG Engine               - engineServices: [class com.almasb.fxgl.app.services.FXGLAssetLoaderService, class com.almasb.fxgl.app.FXGLApplication$GameApplicationService, class com.almasb.fxgl.app.services.FXGLDialogService, class com.almasb.fxgl.app.services.IOTaskExecutorService, class com.almasb.fxgl.io.FileSystemService, class com.almasb.fxgl.localization.LocalizationService, class com.almasb.fxgl.app.services.SystemBundleService, class com.almasb.fxgl.profile.SaveLoadService, class com.almasb.fxgl.ui.FXGLUIFactoryServiceProvider, class com.almasb.fxgl.ui.FXGLDialogFactoryServiceProvider, class com.almasb.fxgl.audio.AudioPlayer, class com.almasb.fxgl.notification.impl.NotificationServiceProvider, class com.almasb.fxgl.achievement.AchievementService, class com.almasb.fxgl.cutscene.CutsceneService, class com.almasb.fxgl.minigames.MiniGameService, class com.almasb.fxgl.net.NetService, class com.almasb.fxgl.app.services.UpdaterService, class com.almasb.fxgl.dev.DevService]
20:22:46.122 [FXGL Background Thread 3 ] DEBUG Engine               - fontGame: Abel-Regular.ttf
20:22:46.123 [FXGL Background Thread 3 ] DEBUG Engine               - fontMono: TerminalLandMono-Regular.otf
20:22:46.123 [FXGL Background Thread 3 ] DEBUG Engine               - fontText: Courier-Prime.ttf
20:22:46.123 [FXGL Background Thread 3 ] DEBUG Engine               - fontUI: VarelaRound-Regular.ttf
20:22:46.123 [FXGL Background Thread 3 ] DEBUG Engine               - fullScreen: BooleanProperty [value: false]
20:22:46.123 [FXGL Background Thread 3 ] DEBUG Engine               - gameDifficulty: MEDIUM
20:22:46.123 [FXGL Background Thread 3 ] DEBUG Engine               - gameDifficultyProperty: ObjectProperty [value: MEDIUM]
20:22:46.123 [FXGL Background Thread 3 ] DEBUG Engine               - globalMusicVolume: 0.5
20:22:46.123 [FXGL Background Thread 3 ] DEBUG Engine               - globalMusicVolumeProperty: DoubleProperty [value: 0.5]
20:22:46.123 [FXGL Background Thread 3 ] DEBUG Engine               - globalSoundVolume: 0.5
20:22:46.123 [FXGL Background Thread 3 ] DEBUG Engine               - globalSoundVolumeProperty: DoubleProperty [value: 0.5]
20:22:46.123 [FXGL Background Thread 3 ] DEBUG Engine               - height: 600
20:22:46.123 [FXGL Background Thread 3 ] DEBUG Engine               - is3D: false
20:22:46.123 [FXGL Background Thread 3 ] DEBUG Engine               - isAndroid: false
20:22:46.124 [FXGL Background Thread 3 ] DEBUG Engine               - isBrowser: false
20:22:46.124 [FXGL Background Thread 3 ] DEBUG Engine               - isClickFeedbackEnabled: false
20:22:46.124 [FXGL Background Thread 3 ] DEBUG Engine               - isCloseConfirmation: false
20:22:46.124 [FXGL Background Thread 3 ] DEBUG Engine               - isDesktop: true
20:22:46.124 [FXGL Background Thread 3 ] DEBUG Engine               - isDeveloperMenuEnabled: false
20:22:46.124 [FXGL Background Thread 3 ] DEBUG Engine               - isEmbedded: false
20:22:46.124 [FXGL Background Thread 3 ] DEBUG Engine               - isEntityPreloadEnabled: true
20:22:46.124 [FXGL Background Thread 3 ] DEBUG Engine               - isExperimentalTiledLargeMap: false
20:22:46.124 [FXGL Background Thread 3 ] DEBUG Engine               - isFileSystemWriteAllowed: true
20:22:46.124 [FXGL Background Thread 3 ] DEBUG Engine               - isFullScreenAllowed: false
20:22:46.124 [FXGL Background Thread 3 ] DEBUG Engine               - isFullScreenFromStart: false
20:22:46.124 [FXGL Background Thread 3 ] DEBUG Engine               - isGameMenuEnabled: true
20:22:46.124 [FXGL Background Thread 3 ] DEBUG Engine               - isIOS: false
20:22:46.124 [FXGL Background Thread 3 ] DEBUG Engine               - isIntroEnabled: false
20:22:46.124 [FXGL Background Thread 3 ] DEBUG Engine               - isLinux: true
20:22:46.124 [FXGL Background Thread 3 ] DEBUG Engine               - isMac: false
20:22:46.125 [FXGL Background Thread 3 ] DEBUG Engine               - isMainMenuEnabled: false
20:22:46.125 [FXGL Background Thread 3 ] DEBUG Engine               - isManualResizeEnabled: false
20:22:46.125 [FXGL Background Thread 3 ] DEBUG Engine               - isMobile: false
20:22:46.125 [FXGL Background Thread 3 ] DEBUG Engine               - isNative: false
20:22:46.125 [FXGL Background Thread 3 ] DEBUG Engine               - isPauseMusicWhenMinimized: true
20:22:46.125 [FXGL Background Thread 3 ] DEBUG Engine               - isPreserveResizeRatio: false
20:22:46.125 [FXGL Background Thread 3 ] DEBUG Engine               - isProfilingEnabled: false
20:22:46.125 [FXGL Background Thread 3 ] DEBUG Engine               - isScaleAffectedOnResize: true
20:22:46.125 [FXGL Background Thread 3 ] DEBUG Engine               - isSingleStep: false
20:22:46.125 [FXGL Background Thread 3 ] DEBUG Engine               - isUserProfileEnabled: false
20:22:46.125 [FXGL Background Thread 3 ] DEBUG Engine               - isWindows: false
20:22:46.125 [FXGL Background Thread 3 ] DEBUG Engine               - language: ObjectProperty [value: ENGLISH]
20:22:46.125 [FXGL Background Thread 3 ] DEBUG Engine               - menuKey: ESCAPE
20:22:46.125 [FXGL Background Thread 3 ] DEBUG Engine               - mouseSensitivity: 0.2
20:22:46.125 [FXGL Background Thread 3 ] DEBUG Engine               - notificationViewClass: class com.almasb.fxgl.notification.view.XboxNotificationView
20:22:46.125 [FXGL Background Thread 3 ] DEBUG Engine               - pixelsPerMeter: 50.0
20:22:46.125 [FXGL Background Thread 3 ] DEBUG Engine               - platform: LINUX
20:22:46.125 [FXGL Background Thread 3 ] DEBUG Engine               - prefHeightProperty: ReadOnlyDoubleProperty [value: 600.0]
20:22:46.126 [FXGL Background Thread 3 ] DEBUG Engine               - prefWidthProperty: ReadOnlyDoubleProperty [value: 600.0]
20:22:46.126 [FXGL Background Thread 3 ] DEBUG Engine               - profileDir: profiles/
20:22:46.126 [FXGL Background Thread 3 ] DEBUG Engine               - profileName: StringProperty [value: DEFAULT]
20:22:46.126 [FXGL Background Thread 3 ] DEBUG Engine               - randomSeed: -1
20:22:46.126 [FXGL Background Thread 3 ] DEBUG Engine               - runtimeInfo: RuntimeInfo(platform=LINUX, version=17.2, build=20.08.2022 16.50)
20:22:46.126 [FXGL Background Thread 3 ] DEBUG Engine               - saveFileExt: sav
20:22:46.126 [FXGL Background Thread 3 ] DEBUG Engine               - scaledHeightProp$fxgl: DoubleProperty [bound, value: 608.0]
20:22:46.126 [FXGL Background Thread 3 ] DEBUG Engine               - scaledWidthProp$fxgl: DoubleProperty [bound, value: 598.0]
20:22:46.126 [FXGL Background Thread 3 ] DEBUG Engine               - sceneFactory: com.almasb.fxgl.app.scene.SceneFactory@75738a5c
20:22:46.126 [FXGL Background Thread 3 ] DEBUG Engine               - secondsIn24h: 60
20:22:46.126 [FXGL Background Thread 3 ] DEBUG Engine               - soundMenuBack: menu/back.wav
20:22:46.126 [FXGL Background Thread 3 ] DEBUG Engine               - soundMenuPress: menu/press.wav
20:22:46.126 [FXGL Background Thread 3 ] DEBUG Engine               - soundMenuSelect: menu/select.wav
20:22:46.126 [FXGL Background Thread 3 ] DEBUG Engine               - soundNotification: core/notification.wav
20:22:46.126 [FXGL Background Thread 3 ] DEBUG Engine               - stageStyle: DECORATED
20:22:46.126 [FXGL Background Thread 3 ] DEBUG Engine               - supportedLanguages: [ENGLISH, FRENCH, GERMAN, HUNGARIAN, RUSSIAN]
20:22:46.126 [FXGL Background Thread 3 ] DEBUG Engine               - ticksPerSecond: -1
20:22:46.127 [FXGL Background Thread 3 ] DEBUG Engine               - title: Basic Game App
20:22:46.127 [FXGL Background Thread 3 ] DEBUG Engine               - urlGithub: https://github.com/AlmasB/FXGL
20:22:46.127 [FXGL Background Thread 3 ] DEBUG Engine               - urlLeaderboard: http://fxgl-top.herokuapp.com/
20:22:46.127 [FXGL Background Thread 3 ] DEBUG Engine               - urlPOM: https://raw.githubusercontent.com/AlmasB/FXGL/release/README.md
20:22:46.127 [FXGL Background Thread 3 ] DEBUG Engine               - userAppClass: class org.example.Main
20:22:46.127 [FXGL Background Thread 3 ] DEBUG Engine               - version: 0.0
20:22:46.127 [FXGL Background Thread 3 ] DEBUG Engine               - versionCheckDays: 7
20:22:46.127 [FXGL Background Thread 3 ] DEBUG Engine               - width: 600
20:22:46.127 [FXGL Background Thread 3 ] DEBUG Engine               - Logging services
20:22:46.127 [FXGL Background Thread 3 ] DEBUG Engine               - class com.almasb.fxgl.app.services.FXGLAssetLoaderService
20:22:46.127 [FXGL Background Thread 3 ] DEBUG Engine               - class com.almasb.fxgl.app.FXGLApplication$GameApplicationService
20:22:46.127 [FXGL Background Thread 3 ] DEBUG Engine               - class com.almasb.fxgl.app.services.FXGLDialogService
20:22:46.127 [FXGL Background Thread 3 ] DEBUG Engine               - class com.almasb.fxgl.app.services.IOTaskExecutorService
20:22:46.127 [FXGL Background Thread 3 ] DEBUG Engine               - class com.almasb.fxgl.io.FileSystemService
20:22:46.127 [FXGL Background Thread 3 ] DEBUG Engine               - class com.almasb.fxgl.localization.LocalizationService
20:22:46.127 [FXGL Background Thread 3 ] DEBUG Engine               - class com.almasb.fxgl.app.services.SystemBundleService
20:22:46.127 [FXGL Background Thread 3 ] DEBUG Engine               - class com.almasb.fxgl.profile.SaveLoadService
20:22:46.127 [FXGL Background Thread 3 ] DEBUG Engine               - class com.almasb.fxgl.ui.FXGLUIFactoryServiceProvider
20:22:46.127 [FXGL Background Thread 3 ] DEBUG Engine               - class com.almasb.fxgl.ui.FXGLDialogFactoryServiceProvider
20:22:46.127 [FXGL Background Thread 3 ] DEBUG Engine               - class com.almasb.fxgl.audio.AudioPlayer
20:22:46.127 [FXGL Background Thread 3 ] DEBUG Engine               - class com.almasb.fxgl.notification.impl.NotificationServiceProvider
20:22:46.127 [FXGL Background Thread 3 ] DEBUG Engine               - class com.almasb.fxgl.achievement.AchievementService
20:22:46.127 [FXGL Background Thread 3 ] DEBUG Engine               - class com.almasb.fxgl.cutscene.CutsceneService
20:22:46.127 [FXGL Background Thread 3 ] DEBUG Engine               - class com.almasb.fxgl.minigames.MiniGameService
20:22:46.127 [FXGL Background Thread 3 ] DEBUG Engine               - class com.almasb.fxgl.net.NetService
20:22:46.128 [FXGL Background Thread 3 ] DEBUG Engine               - class com.almasb.fxgl.app.services.UpdaterService
20:22:46.128 [FXGL Background Thread 3 ] DEBUG Engine               - class com.almasb.fxgl.dev.DevService
20:22:48.659 [JavaFX Application Thread] DEBUG FXGLApplication      - Exiting FXGL
20:22:48.659 [JavaFX Application Thread] DEBUG LoopRunner           - Stopping loop
20:22:48.660 [JavaFX Application Thread] DEBUG SystemBundleService  - Saving FXGL system data
20:22:48.661 [JavaFX Application Thread] DEBUG FileSystemAccess     - Writing to: /home/rodrigo/Documentos/UP/concurrentes/RestaurantSim/RestaurantSim/system/fxgl.bundle
20:22:48.663 [JavaFX Application Thread] DEBUG Async                - Shutting down background threads
20:22:48.663 [JavaFX Application Thread] DEBUG PrimaryStageWindow   - Closing main window
20:22:48.664 [JavaFX Application Thread] DEBUG Logger               - Closing Logger
