13:41:29.234 [main                     ] DEBUG Logger               - Configured Logger
13:41:29.291 [main                     ] DEBUG GameApplication      - Logging settings
Title: Basic Game App
Version: 0.0
Width: 1280
Height: 720
Fullscreen: false
Intro: false
Profiling: false
Single step:false
App Mode: DEVELOPER
Menu Key: ESCAPE
Stage Style: DECORATED
Scene Factory: class com.almasb.fxgl.app.scene.SceneFactory

13:41:30.019 [JavaFX Application Thread] DEBUG FXGLApplication      - Initializing FXGL
13:41:30.032 [JavaFX Application Thread] INFO  Engine               - FXGL-17.2 (20.08.2022 16.50) on WINDOWS (J:17.0.12 FX:18)
13:41:30.033 [JavaFX Application Thread] DEBUG Engine               - JRE Vendor Name: Oracle Corporation
13:41:30.034 [JavaFX Application Thread] DEBUG Engine               - Running on OS: Windows 11 version 10.0
13:41:30.034 [JavaFX Application Thread] DEBUG Engine               - Architecture: amd64
13:41:30.034 [JavaFX Application Thread] INFO  Engine               - Source code and latest versions at: https://github.com/AlmasB/FXGL
13:41:30.034 [JavaFX Application Thread] INFO  Engine               -       Ask questions and discuss at: https://github.com/AlmasB/FXGL/discussions
13:41:30.035 [JavaFX Application Thread] INFO  Engine               -              Join the FXGL chat at: https://gitter.im/AlmasB/FXGL
13:41:30.300 [JavaFX Application Thread] DEBUG PrimaryStageWindow   - Creating a JavaFX scene
13:41:30.404 [JavaFX Application Thread] DEBUG PrimaryStageWindow   - Target settings size: 1280.0 x 720.0
13:41:30.405 [JavaFX Application Thread] DEBUG PrimaryStageWindow   - Scaled scene size:    1280.0 x 720.0
13:41:30.405 [JavaFX Application Thread] DEBUG PrimaryStageWindow   - Scaled ratio: (1.0, 1.0)
13:41:30.407 [JavaFX Application Thread] DEBUG PrimaryStageWindow   - Set initial scene to FXGLStartupScene
13:41:30.427 [JavaFX Application Thread] DEBUG PrimaryStageWindow   - Opening main window
13:41:30.611 [JavaFX Application Thread] DEBUG PrimaryStageWindow   - Window border size: (16.0, 39.0)
13:41:30.612 [JavaFX Application Thread] DEBUG PrimaryStageWindow   - Scaled size: 1280.0 x 720.0
13:41:30.612 [JavaFX Application Thread] DEBUG PrimaryStageWindow   - Scaled ratio: (1.0, 1.0)
13:41:30.613 [JavaFX Application Thread] DEBUG PrimaryStageWindow   - Scene size: 1280.0 x 720.0
13:41:30.613 [JavaFX Application Thread] DEBUG PrimaryStageWindow   - Stage size: 1296.0 x 759.0
13:41:30.675 [FXGL Background Thread 1 ] DEBUG Engine               - Initializing environment variables
13:41:30.750 [FXGL Background Thread 1 ] DEBUG FXGLAssetLoaderServi - User app class for loading assets: class org.example.Main
13:41:30.751 [FXGL Background Thread 1 ] DEBUG GameApplicationServi - Applying CSS: fxgl_dark.css
13:41:30.752 [FXGL Background Thread 1 ] DEBUG FXGLAssetLoaderServi - Loading from file system: jar:file:/C:/Users/elsal/.m2/repository/com/github/almasb/fxgl/17.2/fxgl-17.2.jar!/fxglassets/ui/css/fxgl_dark.css
13:41:30.841 [FXGL Background Thread 1 ] DEBUG GameApplicationServi - Initializing application scenes
13:41:31.036 [FXGL Background Thread 1 ] DEBUG GameWorld            - Game world initialized
13:41:31.160 [FXGL Background Thread 1 ] DEBUG PhysicsWorld         - Physics world initialized: appHeight=720, physics.ppm=50.0
13:41:31.161 [FXGL Background Thread 1 ] DEBUG PhysicsWorld         - Using strategy: BRUTE_FORCE
13:41:31.174 [FXGL Background Thread 1 ] DEBUG GameScene            - Game scene initialized: 1280x720
13:41:31.203 [FXGL Background Thread 1 ] DEBUG FXGL.DefaultMenu     - createMenuBodyGameMenu()
13:41:31.243 [FXGL Background Thread 1 ] DEBUG FXGL.DefaultMenu     - createOptionsMenu()
13:41:31.275 [FXGL Background Thread 1 ] DEBUG FXGLAssetLoaderServi - Loading from file system: jar:file:/C:/Users/elsal/.m2/repository/com/github/almasb/fxgl/17.2/fxgl-17.2.jar!/fxglassets/textures/particles/smoke.png
13:41:31.489 [FXGL Background Thread 1 ] DEBUG FXGLAssetLoaderServi - Loading from file system: jar:file:/C:/Users/elsal/.m2/repository/com/github/almasb/fxgl/17.2/fxgl-17.2.jar!/fxglassets/textures/particles/trace_horizontal.png
13:41:31.553 [FXGL Background Thread 1 ] DEBUG GameApplicationServi - Application scenes initialized
13:41:31.585 [FXGL Background Thread 1 ] DEBUG SystemBundleService  - Loading FXGL system data
13:41:31.596 [FXGL Background Thread 1 ] DEBUG FileSystemAccess     - Reading from: C:\Users\elsal\OneDrive\Escritorio\restaurantSim\system\fxgl.bundle
13:41:31.611 [FXGL Background Thread 1 ] DEBUG SystemBundleService  - Bundle FXGL: {}
13:41:31.612 [FXGL Background Thread 1 ] DEBUG UpdaterService       - Checking for updates
13:41:31.627 [FXGL Background Thread 1 ] DEBUG FXGLApplication      - Loading default localization
13:41:31.628 [FXGL Background Thread 1 ] DEBUG FXGLAssetLoaderServi - Loading from file system: jar:file:/C:/Users/elsal/.m2/repository/com/github/almasb/fxgl/17.2/fxgl-17.2.jar!/fxglassets/languages/english.lang
13:41:31.628 [FXGL Background Thread 4 ] DEBUG FXGLApplication      - Loading fonts
13:41:31.634 [FXGL Background Thread 4 ] DEBUG FXGLAssetLoaderServi - Loading from file system: jar:file:/C:/Users/elsal/.m2/repository/com/github/almasb/fxgl/17.2/fxgl-17.2.jar!/fxglassets/ui/fonts/VarelaRound-Regular.ttf
13:41:31.691 [FXGL Background Thread 1 ] INFO  FXGLApplication      - FXGL initialization took: 1.016 sec
13:41:31.716 [JavaFX Application Thread] DEBUG Input                - Registered new binding: action0 - D
13:41:31.717 [JavaFX Application Thread] DEBUG Input                - Registered new binding: action1 - A
13:41:31.718 [JavaFX Application Thread] DEBUG Input                - Registered new binding: action2 - W
13:41:31.721 [JavaFX Application Thread] DEBUG Input                - Registered new binding: action3 - S
13:41:31.722 [JavaFX Application Thread] DEBUG FXGLAssetLoaderServi - Loading from file system: jar:file:/C:/Users/elsal/.m2/repository/com/github/almasb/fxgl/17.2/fxgl-17.2.jar!/fxglassets/textures/fxgl_icon.png
13:41:31.757 [JavaFX Application Thread] DEBUG FXGLAssetLoaderServi - Loading from file system: jar:file:/C:/Users/elsal/.m2/repository/com/github/almasb/fxgl/17.2/fxgl-17.2.jar!/fxglassets/textures/fxgl_default_cursor.png
13:41:31.761 [JavaFX Application Thread] DEBUG Input                - Registered new binding: Screenshot - CTRL+8
13:41:31.763 [JavaFX Application Thread] DEBUG Input                - Registered new binding: System info dump - CTRL+9
13:41:31.764 [JavaFX Application Thread] DEBUG Input                - Registered new binding: Restart - CTRL+R
13:41:31.765 [JavaFX Application Thread] DEBUG Input                - Registered new binding: Toggle Debug Camera - CTRL+7
13:41:31.770 [JavaFX Application Thread] DEBUG LoopRunner           - Starting loop
13:41:31.771 [JavaFX Application Thread] DEBUG LoopRunner           - Initializing JavaFX AnimationTimerLoop
13:41:31.774 [JavaFX Application Thread] DEBUG GameApplicationServi - Starting new game
13:41:31.775 [JavaFX Application Thread] DEBUG Input                - Clearing active input actions
13:41:31.797 [JavaFX Application Thread] DEBUG GameApplicationServi - Removing overlay from FXGLStartupScene and adding to FXGLLoadingScene
13:41:31.798 [JavaFX Application Thread] DEBUG PrimaryStageWindow   - FXGLStartupScene -> FXGLLoadingScene
13:41:31.798 [JavaFX Application Thread] DEBUG GameApplicationServi - Clearing previous game
13:41:31.798 [JavaFX Application Thread] DEBUG GameScene            - Clearing game scene
13:41:31.798 [JavaFX Application Thread] DEBUG GameWorld            - Clearing game world
13:41:31.799 [JavaFX Application Thread] DEBUG PhysicsWorld         - Clearing physics world
13:41:31.801 [FXGL Background Thread 1 ] DEBUG FXGLApplication      - Initializing game
13:41:31.834 [FXGL Background Thread 1 ] INFO  FXGLApplication      - Game initialization took: 0.034 sec
13:41:31.906 [JavaFX Application Thread] DEBUG Input                - Clearing active input actions
13:41:31.918 [JavaFX Application Thread] DEBUG GameApplicationServi - Removing overlay from FXGLLoadingScene and adding to GameScene
13:41:31.920 [JavaFX Application Thread] DEBUG PrimaryStageWindow   - FXGLLoadingScene -> GameScene
13:41:32.117 [JavaFX Application Thread] DEBUG FXGLApplication      - Exiting FXGL
13:41:32.117 [JavaFX Application Thread] DEBUG LoopRunner           - Stopping loop
13:41:32.117 [JavaFX Application Thread] DEBUG SystemBundleService  - Saving FXGL system data
13:41:32.121 [JavaFX Application Thread] DEBUG FileSystemAccess     - Writing to: C:\Users\elsal\OneDrive\Escritorio\restaurantSim\system\fxgl.bundle
13:41:32.127 [JavaFX Application Thread] DEBUG Async                - Shutting down background threads
13:41:32.127 [JavaFX Application Thread] DEBUG PrimaryStageWindow   - Closing main window
13:41:32.202 [JavaFX Application Thread] DEBUG Logger               - Closing Logger
