13:42:51.143 [main                     ] DEBUG Logger               - Configured Logger
13:42:51.203 [main                     ] DEBUG GameApplication      - Logging settings
Title: Basic Game App
Version: 0.0
Width: 1280
Height: 720
Fullscreen: false
Intro: false
Profiling: false
Single step:false
App Mode: DEVELOPER
Menu Key: ESCAPE
Stage Style: DECORATED
Scene Factory: class com.almasb.fxgl.app.scene.SceneFactory

13:42:52.286 [JavaFX Application Thread] DEBUG FXGLApplication      - Initializing FXGL
13:42:52.299 [JavaFX Application Thread] INFO  Engine               - FXGL-17.2 (20.08.2022 16.50) on WINDOWS (J:17.0.12 FX:18)
13:42:52.300 [JavaFX Application Thread] DEBUG Engine               - JRE Vendor Name: Oracle Corporation
13:42:52.301 [JavaFX Application Thread] DEBUG Engine               - Running on OS: Windows 11 version 10.0
13:42:52.302 [JavaFX Application Thread] DEBUG Engine               - Architecture: amd64
13:42:52.302 [JavaFX Application Thread] INFO  Engine               - Source code and latest versions at: https://github.com/AlmasB/FXGL
13:42:52.303 [JavaFX Application Thread] INFO  Engine               -       Ask questions and discuss at: https://github.com/AlmasB/FXGL/discussions
13:42:52.303 [JavaFX Application Thread] INFO  Engine               -              Join the FXGL chat at: https://gitter.im/AlmasB/FXGL
13:42:52.572 [JavaFX Application Thread] DEBUG PrimaryStageWindow   - Creating a JavaFX scene
13:42:52.699 [JavaFX Application Thread] DEBUG PrimaryStageWindow   - Target settings size: 1280.0 x 720.0
13:42:52.703 [JavaFX Application Thread] DEBUG PrimaryStageWindow   - Scaled scene size:    1280.0 x 720.0
13:42:52.704 [JavaFX Application Thread] DEBUG PrimaryStageWindow   - Scaled ratio: (1.0, 1.0)
13:42:52.708 [JavaFX Application Thread] DEBUG PrimaryStageWindow   - Set initial scene to FXGLStartupScene
13:42:52.727 [JavaFX Application Thread] DEBUG PrimaryStageWindow   - Opening main window
13:42:52.927 [JavaFX Application Thread] DEBUG PrimaryStageWindow   - Window border size: (16.0, 39.0)
13:42:52.928 [JavaFX Application Thread] DEBUG PrimaryStageWindow   - Scaled size: 1280.0 x 720.0
13:42:52.929 [JavaFX Application Thread] DEBUG PrimaryStageWindow   - Scaled ratio: (1.0, 1.0)
13:42:52.929 [JavaFX Application Thread] DEBUG PrimaryStageWindow   - Scene size: 1280.0 x 720.0
13:42:52.930 [JavaFX Application Thread] DEBUG PrimaryStageWindow   - Stage size: 1296.0 x 759.0
13:42:53.010 [FXGL Background Thread 1 ] DEBUG Engine               - Initializing environment variables
13:42:53.093 [FXGL Background Thread 1 ] DEBUG FXGLAssetLoaderServi - User app class for loading assets: class org.example.Main
13:42:53.093 [FXGL Background Thread 1 ] DEBUG GameApplicationServi - Applying CSS: fxgl_dark.css
13:42:53.095 [FXGL Background Thread 1 ] DEBUG FXGLAssetLoaderServi - Loading from file system: jar:file:/C:/Users/elsal/.m2/repository/com/github/almasb/fxgl/17.2/fxgl-17.2.jar!/fxglassets/ui/css/fxgl_dark.css
13:42:53.182 [FXGL Background Thread 1 ] DEBUG GameApplicationServi - Initializing application scenes
13:42:53.369 [FXGL Background Thread 1 ] DEBUG GameWorld            - Game world initialized
13:42:53.487 [FXGL Background Thread 1 ] DEBUG PhysicsWorld         - Physics world initialized: appHeight=720, physics.ppm=50.0
13:42:53.489 [FXGL Background Thread 1 ] DEBUG PhysicsWorld         - Using strategy: BRUTE_FORCE
13:42:53.498 [FXGL Background Thread 1 ] DEBUG GameScene            - Game scene initialized: 1280x720
13:42:53.527 [FXGL Background Thread 1 ] DEBUG FXGL.DefaultMenu     - createMenuBodyGameMenu()
13:42:53.564 [FXGL Background Thread 1 ] DEBUG FXGL.DefaultMenu     - createOptionsMenu()
13:42:53.592 [FXGL Background Thread 1 ] DEBUG FXGLAssetLoaderServi - Loading from file system: jar:file:/C:/Users/elsal/.m2/repository/com/github/almasb/fxgl/17.2/fxgl-17.2.jar!/fxglassets/textures/particles/smoke.png
13:42:53.805 [FXGL Background Thread 1 ] DEBUG FXGLAssetLoaderServi - Loading from file system: jar:file:/C:/Users/elsal/.m2/repository/com/github/almasb/fxgl/17.2/fxgl-17.2.jar!/fxglassets/textures/particles/trace_horizontal.png
13:42:53.857 [FXGL Background Thread 1 ] DEBUG GameApplicationServi - Application scenes initialized
13:42:53.886 [FXGL Background Thread 1 ] DEBUG SystemBundleService  - Loading FXGL system data
13:42:53.896 [FXGL Background Thread 1 ] DEBUG FileSystemAccess     - Reading from: C:\Users\elsal\OneDrive\Escritorio\restaurantSim\system\fxgl.bundle
13:42:53.912 [FXGL Background Thread 1 ] DEBUG SystemBundleService  - Bundle FXGL: {}
13:42:53.913 [FXGL Background Thread 1 ] DEBUG UpdaterService       - Checking for updates
13:42:53.926 [FXGL Background Thread 1 ] DEBUG FXGLApplication      - Loading default localization
13:42:53.927 [FXGL Background Thread 1 ] DEBUG FXGLAssetLoaderServi - Loading from file system: jar:file:/C:/Users/elsal/.m2/repository/com/github/almasb/fxgl/17.2/fxgl-17.2.jar!/fxglassets/languages/english.lang
13:42:53.942 [FXGL Background Thread 4 ] DEBUG FXGLApplication      - Loading fonts
13:42:53.942 [FXGL Background Thread 4 ] DEBUG FXGLAssetLoaderServi - Loading from file system: jar:file:/C:/Users/elsal/.m2/repository/com/github/almasb/fxgl/17.2/fxgl-17.2.jar!/fxglassets/ui/fonts/VarelaRound-Regular.ttf
13:42:53.953 [JavaFX Application Thread] DEBUG FXGLApplication      - Exiting FXGL
13:42:53.953 [JavaFX Application Thread] DEBUG LoopRunner           - Stopping loop
13:42:53.953 [JavaFX Application Thread] DEBUG LoopRunner           - Initializing JavaFX AnimationTimerLoop
13:42:53.957 [JavaFX Application Thread] DEBUG SystemBundleService  - Saving FXGL system data
13:42:53.961 [JavaFX Application Thread] DEBUG FileSystemAccess     - Writing to: C:\Users\elsal\OneDrive\Escritorio\restaurantSim\system\fxgl.bundle
13:42:53.965 [JavaFX Application Thread] DEBUG Async                - Shutting down background threads
13:42:53.966 [JavaFX Application Thread] DEBUG PrimaryStageWindow   - Closing main window
13:42:54.079 [JavaFX Application Thread] DEBUG Logger               - Closing Logger
13:42:54.090 [FXGL Background Thread 1 ] INFO  FXGLApplication      - FXGL initialization took: 1.080 sec
