20:37:02.569 [main                     ] DEBUG Logger               - Configured Logger
20:37:02.617 [main                     ] DEBUG GameApplication      - Logging settings
Title: Basic Game App
Version: 0.0
Width: 1280
Height: 720
Fullscreen: false
Intro: false
Profiling: false
Single step:false
App Mode: DEVELOPER
Menu Key: ESCAPE
Stage Style: DECORATED
Scene Factory: class com.almasb.fxgl.app.scene.SceneFactory

20:37:03.149 [JavaFX Application Thread] DEBUG FXGLApplication      - Initializing FXGL
20:37:03.169 [JavaFX Application Thread] INFO  Engine               - FXGL-17.2 (20.08.2022 16.50) on WINDOWS (J:17.0.12 FX:18)
20:37:03.169 [JavaFX Application Thread] DEBUG Engine               - JRE Vendor Name: Oracle Corporation
20:37:03.169 [JavaFX Application Thread] DEBUG Engine               - Running on OS: Windows 11 version 10.0
20:37:03.170 [JavaFX Application Thread] DEBUG Engine               - Architecture: amd64
20:37:03.170 [JavaFX Application Thread] INFO  Engine               - Source code and latest versions at: https://github.com/AlmasB/FXGL
20:37:03.170 [JavaFX Application Thread] INFO  Engine               -       Ask questions and discuss at: https://github.com/AlmasB/FXGL/discussions
20:37:03.170 [JavaFX Application Thread] INFO  Engine               -              Join the FXGL chat at: https://gitter.im/AlmasB/FXGL
20:37:03.340 [JavaFX Application Thread] DEBUG PrimaryStageWindow   - Creating a JavaFX scene
20:37:03.432 [JavaFX Application Thread] DEBUG PrimaryStageWindow   - Target settings size: 1280.0 x 720.0
20:37:03.432 [JavaFX Application Thread] DEBUG PrimaryStageWindow   - Scaled scene size:    1280.0 x 720.0
20:37:03.433 [JavaFX Application Thread] DEBUG PrimaryStageWindow   - Scaled ratio: (1.0, 1.0)
20:37:03.434 [JavaFX Application Thread] DEBUG PrimaryStageWindow   - Set initial scene to FXGLStartupScene
20:37:03.450 [JavaFX Application Thread] DEBUG PrimaryStageWindow   - Opening main window
20:37:03.617 [JavaFX Application Thread] DEBUG PrimaryStageWindow   - Window border size: (16.0, 39.0)
20:37:03.617 [JavaFX Application Thread] DEBUG PrimaryStageWindow   - Scaled size: 1280.0 x 720.0
20:37:03.617 [JavaFX Application Thread] DEBUG PrimaryStageWindow   - Scaled ratio: (1.0, 1.0)
20:37:03.618 [JavaFX Application Thread] DEBUG PrimaryStageWindow   - Scene size: 1280.0 x 720.0
20:37:03.618 [JavaFX Application Thread] DEBUG PrimaryStageWindow   - Stage size: 1296.0 x 759.0
20:37:03.633 [FXGL Background Thread 1 ] DEBUG Engine               - Initializing environment variables
20:37:03.688 [FXGL Background Thread 1 ] DEBUG FXGLAssetLoaderServi - User app class for loading assets: class org.example.Main
20:37:03.688 [FXGL Background Thread 1 ] DEBUG GameApplicationServi - Applying CSS: fxgl_dark.css
20:37:03.690 [FXGL Background Thread 1 ] DEBUG FXGLAssetLoaderServi - Loading from file system: jar:file:/C:/Users/elsal/.m2/repository/com/github/almasb/fxgl/17.2/fxgl-17.2.jar!/fxglassets/ui/css/fxgl_dark.css
20:37:03.754 [FXGL Background Thread 1 ] DEBUG GameApplicationServi - Initializing application scenes
20:37:03.892 [FXGL Background Thread 1 ] DEBUG GameWorld            - Game world initialized
20:37:03.963 [FXGL Background Thread 1 ] DEBUG PhysicsWorld         - Physics world initialized: appHeight=720, physics.ppm=50.0
20:37:03.963 [FXGL Background Thread 1 ] DEBUG PhysicsWorld         - Using strategy: BRUTE_FORCE
20:37:03.969 [FXGL Background Thread 1 ] DEBUG GameScene            - Game scene initialized: 1280x720
20:37:03.991 [FXGL Background Thread 1 ] DEBUG FXGL.DefaultMenu     - createMenuBodyGameMenu()
20:37:04.017 [FXGL Background Thread 1 ] DEBUG FXGL.DefaultMenu     - createOptionsMenu()
20:37:04.035 [FXGL Background Thread 1 ] DEBUG FXGLAssetLoaderServi - Loading from file system: jar:file:/C:/Users/elsal/.m2/repository/com/github/almasb/fxgl/17.2/fxgl-17.2.jar!/fxglassets/textures/particles/smoke.png
20:37:04.156 [FXGL Background Thread 1 ] DEBUG FXGLAssetLoaderServi - Loading from file system: jar:file:/C:/Users/elsal/.m2/repository/com/github/almasb/fxgl/17.2/fxgl-17.2.jar!/fxglassets/textures/particles/trace_horizontal.png
20:37:04.187 [FXGL Background Thread 1 ] DEBUG GameApplicationServi - Application scenes initialized
20:37:04.208 [FXGL Background Thread 1 ] DEBUG SystemBundleService  - Loading FXGL system data
20:37:04.215 [FXGL Background Thread 1 ] DEBUG FileSystemAccess     - Reading from: C:\Users\elsal\OneDrive\Escritorio\restaurantSim\system\fxgl.bundle
20:37:04.225 [FXGL Background Thread 1 ] DEBUG SystemBundleService  - Bundle FXGL: {}
20:37:04.226 [FXGL Background Thread 1 ] DEBUG UpdaterService       - Checking for updates
20:37:04.236 [FXGL Background Thread 1 ] DEBUG FXGLApplication      - Loading default localization
20:37:04.237 [FXGL Background Thread 1 ] DEBUG FXGLAssetLoaderServi - Loading from file system: jar:file:/C:/Users/elsal/.m2/repository/com/github/almasb/fxgl/17.2/fxgl-17.2.jar!/fxglassets/languages/english.lang
20:37:04.265 [FXGL Background Thread 1 ] INFO  FXGLApplication      - FXGL initialization took: 0.631 sec
20:37:04.267 [JavaFX Application Thread] DEBUG FXGLAssetLoaderServi - Loading from file system: jar:file:/C:/Users/elsal/.m2/repository/com/github/almasb/fxgl/17.2/fxgl-17.2.jar!/fxglassets/textures/fxgl_icon.png
20:37:04.290 [FXGL Background Thread 4 ] DEBUG FXGLApplication      - Loading fonts
20:37:04.292 [FXGL Background Thread 4 ] DEBUG FXGLAssetLoaderServi - Loading from file system: jar:file:/C:/Users/elsal/.m2/repository/com/github/almasb/fxgl/17.2/fxgl-17.2.jar!/fxglassets/ui/fonts/VarelaRound-Regular.ttf
20:37:04.295 [JavaFX Application Thread] DEBUG FXGLAssetLoaderServi - Loading from file system: jar:file:/C:/Users/elsal/.m2/repository/com/github/almasb/fxgl/17.2/fxgl-17.2.jar!/fxglassets/textures/fxgl_default_cursor.png
20:37:04.312 [JavaFX Application Thread] DEBUG Input                - Registered new binding: Screenshot - CTRL+8
20:37:04.313 [JavaFX Application Thread] DEBUG Input                - Registered new binding: System info dump - CTRL+9
20:37:04.313 [JavaFX Application Thread] DEBUG Input                - Registered new binding: Restart - CTRL+R
20:37:04.315 [JavaFX Application Thread] DEBUG Input                - Registered new binding: Toggle Debug Camera - CTRL+7
20:37:04.318 [JavaFX Application Thread] DEBUG LoopRunner           - Starting loop
20:37:04.318 [JavaFX Application Thread] DEBUG LoopRunner           - Initializing JavaFX AnimationTimerLoop
20:37:04.320 [JavaFX Application Thread] DEBUG GameApplicationServi - Starting new game
20:37:04.321 [JavaFX Application Thread] DEBUG Input                - Clearing active input actions
20:37:04.336 [JavaFX Application Thread] DEBUG GameApplicationServi - Removing overlay from FXGLStartupScene and adding to FXGLLoadingScene
20:37:04.336 [JavaFX Application Thread] DEBUG PrimaryStageWindow   - FXGLStartupScene -> FXGLLoadingScene
20:37:04.336 [JavaFX Application Thread] DEBUG GameApplicationServi - Clearing previous game
20:37:04.336 [JavaFX Application Thread] DEBUG GameScene            - Clearing game scene
20:37:04.336 [JavaFX Application Thread] DEBUG GameWorld            - Clearing game world
20:37:04.337 [JavaFX Application Thread] DEBUG PhysicsWorld         - Clearing physics world
20:37:04.344 [FXGL Background Thread 1 ] DEBUG FXGLApplication      - Initializing game
20:37:04.345 [FXGL Background Thread 1 ] DEBUG FXGLAssetLoaderServi - Loading from file system: file:/C:/Users/elsal/OneDrive/Escritorio/restaurantSim/target/classes/assets/textures/background.png
20:37:04.414 [FXGL Background Thread 1 ] INFO  FXGLApplication      - Game initialization took: 0.070 sec
20:37:04.416 [JavaFX Application Thread] DEBUG Input                - Clearing active input actions
20:37:04.424 [JavaFX Application Thread] DEBUG GameApplicationServi - Removing overlay from FXGLLoadingScene and adding to GameScene
20:37:04.425 [JavaFX Application Thread] DEBUG PrimaryStageWindow   - FXGLLoadingScene -> GameScene
20:37:04.536 [JavaFX Application Thread] DEBUG FXGLAssetLoaderServi - Loading from file system: file:/C:/Users/elsal/OneDrive/Escritorio/restaurantSim/target/classes/assets/textures/table.png
20:37:04.606 [JavaFX Application Thread] DEBUG FXGLAssetLoaderServi - Loading from file system: file:/C:/Users/elsal/OneDrive/Escritorio/restaurantSim/target/classes/assets/textures/recepcionist.png
20:37:04.621 [JavaFX Application Thread] DEBUG FXGLAssetLoaderServi - Loading from file system: file:/C:/Users/elsal/OneDrive/Escritorio/restaurantSim/target/classes/assets/textures/waitress.png
20:37:04.634 [JavaFX Application Thread] DEBUG FXGLAssetLoaderServi - Loading from file system: file:/C:/Users/elsal/OneDrive/Escritorio/restaurantSim/target/classes/assets/textures/kitchener.png
20:37:04.645 [JavaFX Application Thread] DEBUG FXGLAssetLoaderServi - Loading from file system: file:/C:/Users/elsal/OneDrive/Escritorio/restaurantSim/target/classes/assets/textures/commensal.png
20:37:04.709 [FXGL Background Thread 4 ] DEBUG FXGLAssetLoaderServi - Loading from file system: jar:file:/C:/Users/elsal/.m2/repository/com/github/almasb/fxgl/17.2/fxgl-17.2.jar!/fxglassets/ui/fonts/Abel-Regular.ttf
20:37:04.730 [FXGL Background Thread 4 ] DEBUG FXGLAssetLoaderServi - Loading from file system: jar:file:/C:/Users/elsal/.m2/repository/com/github/almasb/fxgl/17.2/fxgl-17.2.jar!/fxglassets/ui/fonts/TerminalLandMono-Regular.otf
20:37:04.738 [FXGL Background Thread 4 ] DEBUG FXGLAssetLoaderServi - Loading from file system: jar:file:/C:/Users/elsal/.m2/repository/com/github/almasb/fxgl/17.2/fxgl-17.2.jar!/fxglassets/ui/fonts/Courier-Prime.ttf
20:37:04.751 [JavaFX Application Thread] DEBUG FXGLApplication      - Registering font factories with UI factory
20:37:05.051 [JavaFX Application Thread] DEBUG FXGLApplication      - Exiting FXGL
20:37:05.051 [JavaFX Application Thread] DEBUG LoopRunner           - Stopping loop
20:37:05.051 [JavaFX Application Thread] DEBUG SystemBundleService  - Saving FXGL system data
20:37:05.054 [JavaFX Application Thread] DEBUG FileSystemAccess     - Writing to: C:\Users\elsal\OneDrive\Escritorio\restaurantSim\system\fxgl.bundle
20:37:05.057 [JavaFX Application Thread] DEBUG Async                - Shutting down background threads
20:37:05.057 [JavaFX Application Thread] DEBUG PrimaryStageWindow   - Closing main window
20:37:05.078 [JavaFX Application Thread] DEBUG Logger               - Closing Logger
