11:26:04.805 [main                     ] DEBUG Logger               - Configured Logger
11:26:04.836 [main                     ] DEBUG GameApplication      - Logging settings
Title: Basic Game App
Version: 0.0
Width: 1280
Height: 720
Fullscreen: false
Intro: false
Profiling: false
Single step:false
App Mode: DEVELOPER
Menu Key: ESCAPE
Stage Style: DECORATED
Scene Factory: class com.almasb.fxgl.app.scene.SceneFactory

11:26:05.479 [JavaFX Application Thread] DEBUG FXGLApplication      - Initializing FXGL
11:26:05.495 [JavaFX Application Thread] INFO  Engine               - FXGL-17.2 (20.08.2022 16.50) on WINDOWS (J:17.0.12 FX:18)
11:26:05.496 [JavaFX Application Thread] DEBUG Engine               - JRE Vendor Name: Oracle Corporation
11:26:05.497 [JavaFX Application Thread] DEBUG Engine               - Running on OS: Windows 11 version 10.0
11:26:05.498 [JavaFX Application Thread] DEBUG Engine               - Architecture: amd64
11:26:05.498 [JavaFX Application Thread] INFO  Engine               - Source code and latest versions at: https://github.com/AlmasB/FXGL
11:26:05.499 [JavaFX Application Thread] INFO  Engine               -       Ask questions and discuss at: https://github.com/AlmasB/FXGL/discussions
11:26:05.500 [JavaFX Application Thread] INFO  Engine               -              Join the FXGL chat at: https://gitter.im/AlmasB/FXGL
11:26:05.724 [JavaFX Application Thread] DEBUG PrimaryStageWindow   - Creating a JavaFX scene
11:26:05.807 [JavaFX Application Thread] DEBUG PrimaryStageWindow   - Target settings size: 1280.0 x 720.0
11:26:05.808 [JavaFX Application Thread] DEBUG PrimaryStageWindow   - Scaled scene size:    1280.0 x 720.0
11:26:05.809 [JavaFX Application Thread] DEBUG PrimaryStageWindow   - Scaled ratio: (1.0, 1.0)
11:26:05.811 [JavaFX Application Thread] DEBUG PrimaryStageWindow   - Set initial scene to FXGLStartupScene
11:26:05.827 [JavaFX Application Thread] DEBUG PrimaryStageWindow   - Opening main window
11:26:05.975 [JavaFX Application Thread] DEBUG PrimaryStageWindow   - Window border size: (16.0, 39.0)
11:26:05.975 [JavaFX Application Thread] DEBUG PrimaryStageWindow   - Scaled size: 1280.0 x 720.0
11:26:05.976 [JavaFX Application Thread] DEBUG PrimaryStageWindow   - Scaled ratio: (1.0, 1.0)
11:26:05.976 [JavaFX Application Thread] DEBUG PrimaryStageWindow   - Scene size: 1280.0 x 720.0
11:26:05.976 [JavaFX Application Thread] DEBUG PrimaryStageWindow   - Stage size: 1296.0 x 759.0
11:26:05.993 [FXGL Background Thread 1 ] DEBUG Engine               - Initializing environment variables
11:26:06.079 [FXGL Background Thread 1 ] DEBUG FXGLAssetLoaderServi - User app class for loading assets: class org.example.Main
11:26:06.080 [FXGL Background Thread 1 ] DEBUG GameApplicationServi - Applying CSS: fxgl_dark.css
11:26:06.083 [FXGL Background Thread 1 ] DEBUG FXGLAssetLoaderServi - Loading from file system: jar:file:/C:/Users/elsal/.m2/repository/com/github/almasb/fxgl/17.2/fxgl-17.2.jar!/fxglassets/ui/css/fxgl_dark.css
11:26:06.168 [FXGL Background Thread 1 ] DEBUG GameApplicationServi - Initializing application scenes
11:26:06.286 [FXGL Background Thread 1 ] DEBUG GameWorld            - Game world initialized
11:26:06.378 [FXGL Background Thread 1 ] DEBUG PhysicsWorld         - Physics world initialized: appHeight=720, physics.ppm=50.0
11:26:06.378 [FXGL Background Thread 1 ] DEBUG PhysicsWorld         - Using strategy: BRUTE_FORCE
11:26:06.385 [FXGL Background Thread 1 ] DEBUG GameScene            - Game scene initialized: 1280x720
11:26:06.409 [FXGL Background Thread 1 ] DEBUG FXGL.DefaultMenu     - createMenuBodyGameMenu()
11:26:06.438 [FXGL Background Thread 1 ] DEBUG FXGL.DefaultMenu     - createOptionsMenu()
11:26:06.456 [FXGL Background Thread 1 ] DEBUG FXGLAssetLoaderServi - Loading from file system: jar:file:/C:/Users/elsal/.m2/repository/com/github/almasb/fxgl/17.2/fxgl-17.2.jar!/fxglassets/textures/particles/smoke.png
11:26:06.620 [FXGL Background Thread 1 ] DEBUG FXGLAssetLoaderServi - Loading from file system: jar:file:/C:/Users/elsal/.m2/repository/com/github/almasb/fxgl/17.2/fxgl-17.2.jar!/fxglassets/textures/particles/trace_horizontal.png
11:26:06.660 [FXGL Background Thread 1 ] DEBUG GameApplicationServi - Application scenes initialized
11:26:06.680 [FXGL Background Thread 1 ] DEBUG SystemBundleService  - Loading FXGL system data
11:26:06.687 [FXGL Background Thread 1 ] DEBUG FileSystemAccess     - Reading from: C:\Users\elsal\OneDrive\Escritorio\restaurantSim\system\fxgl.bundle
11:26:06.699 [FXGL Background Thread 1 ] DEBUG SystemBundleService  - Bundle FXGL: {}
11:26:06.699 [FXGL Background Thread 1 ] DEBUG UpdaterService       - Checking for updates
11:26:06.708 [FXGL Background Thread 1 ] DEBUG FXGLApplication      - Loading default localization
11:26:06.708 [FXGL Background Thread 4 ] DEBUG FXGLApplication      - Loading fonts
11:26:06.709 [FXGL Background Thread 4 ] DEBUG FXGLAssetLoaderServi - Loading from file system: jar:file:/C:/Users/elsal/.m2/repository/com/github/almasb/fxgl/17.2/fxgl-17.2.jar!/fxglassets/ui/fonts/VarelaRound-Regular.ttf
11:26:06.711 [FXGL Background Thread 1 ] DEBUG FXGLAssetLoaderServi - Loading from file system: jar:file:/C:/Users/elsal/.m2/repository/com/github/almasb/fxgl/17.2/fxgl-17.2.jar!/fxglassets/languages/english.lang
11:26:06.759 [FXGL Background Thread 1 ] INFO  FXGLApplication      - FXGL initialization took: 0.764 sec
11:26:06.765 [JavaFX Application Thread] DEBUG FXGLAssetLoaderServi - Loading from file system: jar:file:/C:/Users/elsal/.m2/repository/com/github/almasb/fxgl/17.2/fxgl-17.2.jar!/fxglassets/textures/fxgl_icon.png
11:26:06.794 [JavaFX Application Thread] DEBUG FXGLAssetLoaderServi - Loading from file system: jar:file:/C:/Users/elsal/.m2/repository/com/github/almasb/fxgl/17.2/fxgl-17.2.jar!/fxglassets/textures/fxgl_default_cursor.png
11:26:06.814 [JavaFX Application Thread] DEBUG Input                - Registered new binding: Screenshot - CTRL+8
11:26:06.815 [JavaFX Application Thread] DEBUG Input                - Registered new binding: System info dump - CTRL+9
11:26:06.816 [JavaFX Application Thread] DEBUG Input                - Registered new binding: Restart - CTRL+R
11:26:06.818 [JavaFX Application Thread] DEBUG Input                - Registered new binding: Toggle Debug Camera - CTRL+7
11:26:06.821 [JavaFX Application Thread] DEBUG LoopRunner           - Starting loop
11:26:06.821 [JavaFX Application Thread] DEBUG LoopRunner           - Initializing JavaFX AnimationTimerLoop
11:26:06.823 [JavaFX Application Thread] DEBUG GameApplicationServi - Starting new game
11:26:06.824 [JavaFX Application Thread] DEBUG Input                - Clearing active input actions
11:26:06.849 [JavaFX Application Thread] DEBUG GameApplicationServi - Removing overlay from FXGLStartupScene and adding to FXGLLoadingScene
11:26:06.850 [JavaFX Application Thread] DEBUG PrimaryStageWindow   - FXGLStartupScene -> FXGLLoadingScene
11:26:06.850 [JavaFX Application Thread] DEBUG GameApplicationServi - Clearing previous game
11:26:06.850 [JavaFX Application Thread] DEBUG GameScene            - Clearing game scene
11:26:06.850 [JavaFX Application Thread] DEBUG GameWorld            - Clearing game world
11:26:06.850 [JavaFX Application Thread] DEBUG PhysicsWorld         - Clearing physics world
11:26:06.857 [FXGL Background Thread 1 ] DEBUG FXGLApplication      - Initializing game
11:26:06.864 [FXGL Background Thread 1 ] DEBUG FXGLAssetLoaderServi - Loading from file system: file:/C:/Users/elsal/OneDrive/Escritorio/restaurantSim/target/classes/assets/textures/background.png
11:26:06.932 [FXGL Background Thread 1 ] INFO  FXGLApplication      - Game initialization took: 0.074 sec
11:26:06.936 [JavaFX Application Thread] DEBUG Input                - Clearing active input actions
11:26:06.952 [JavaFX Application Thread] DEBUG GameApplicationServi - Removing overlay from FXGLLoadingScene and adding to GameScene
11:26:06.952 [JavaFX Application Thread] DEBUG PrimaryStageWindow   - FXGLLoadingScene -> GameScene
11:26:07.070 [Thread-6                 ] DEBUG LoopRunner           - Stopping loop
11:26:07.074 [Thread-6                 ] FATAL FXGLApplication      - Uncaught Exception:
java.lang.RuntimeException: java.lang.NullPointerException: Cannot invoke "models.Order.getFinished()" because "this.orders[i]" is null
	at threads.Waiter.run(Waiter.java:22)
Caused by: java.lang.NullPointerException: Cannot invoke "models.Order.getFinished()" because "this.orders[i]" is null
	at models.MonitorOrders.getFood(MonitorOrders.java:51)
	at threads.Waiter.findTable(Waiter.java:36)
	at threads.Waiter.run(Waiter.java:20)

11:26:07.074 [Thread-6                 ] FATAL FXGLApplication      - Application will now exit
11:26:07.114 [Thread-6                 ] DEBUG PrimaryStageWindow   - Push state: ErrorSubScene
11:26:07.114 [Thread-6                 ] DEBUG Input                - Clearing active input actions
11:26:07.143 [JavaFX Application Thread] DEBUG FXGLAssetLoaderServi - Loading from file system: file:/C:/Users/elsal/OneDrive/Escritorio/restaurantSim/target/classes/assets/textures/table.png
11:26:07.220 [FXGL Background Thread 4 ] DEBUG FXGLAssetLoaderServi - Loading from file system: jar:file:/C:/Users/elsal/.m2/repository/com/github/almasb/fxgl/17.2/fxgl-17.2.jar!/fxglassets/ui/fonts/Abel-Regular.ttf
11:26:07.250 [FXGL Background Thread 4 ] DEBUG FXGLAssetLoaderServi - Loading from file system: jar:file:/C:/Users/elsal/.m2/repository/com/github/almasb/fxgl/17.2/fxgl-17.2.jar!/fxglassets/ui/fonts/TerminalLandMono-Regular.otf
11:26:07.260 [FXGL Background Thread 4 ] DEBUG FXGLAssetLoaderServi - Loading from file system: jar:file:/C:/Users/elsal/.m2/repository/com/github/almasb/fxgl/17.2/fxgl-17.2.jar!/fxglassets/ui/fonts/Courier-Prime.ttf
11:26:07.262 [JavaFX Application Thread] DEBUG LoopRunner           - Pausing loop
11:26:07.371 [JavaFX Application Thread] DEBUG FXGLAssetLoaderServi - Loading from file system: file:/C:/Users/elsal/OneDrive/Escritorio/restaurantSim/target/classes/assets/textures/recepcionist.png
11:26:07.381 [JavaFX Application Thread] DEBUG FXGLAssetLoaderServi - Loading from file system: file:/C:/Users/elsal/OneDrive/Escritorio/restaurantSim/target/classes/assets/textures/commensal.png
11:26:07.393 [JavaFX Application Thread] DEBUG FXGLApplication      - Registering font factories with UI factory
11:26:08.204 [FXGL Background Thread 2 ] INFO  UpdaterService       - Your current version:  17.2
11:26:08.204 [FXGL Background Thread 2 ] INFO  UpdaterService       - Latest stable version: 21.1
11:26:09.704 [FXGL Background Thread 3 ] DEBUG Engine               - Logging environment variables
11:26:09.705 [FXGL Background Thread 3 ] DEBUG Engine               - achievements: []
11:26:09.705 [FXGL Background Thread 3 ] DEBUG Engine               - actualHeight: 720.0
11:26:09.705 [FXGL Background Thread 3 ] DEBUG Engine               - actualHeightProperty: ReadOnlyDoubleProperty [value: 720.0]
11:26:09.705 [FXGL Background Thread 3 ] DEBUG Engine               - actualWidth: 1280.0
11:26:09.705 [FXGL Background Thread 3 ] DEBUG Engine               - actualWidthProperty: ReadOnlyDoubleProperty [value: 1280.0]
11:26:09.705 [FXGL Background Thread 3 ] DEBUG Engine               - appIcon: fxgl_icon.png
11:26:09.705 [FXGL Background Thread 3 ] DEBUG Engine               - applicationMode: DEVELOPER
11:26:09.705 [FXGL Background Thread 3 ] DEBUG Engine               - cSSList: [fxgl_dark.css]
11:26:09.706 [FXGL Background Thread 3 ] DEBUG Engine               - collisionDetectionStrategy: BRUTE_FORCE
11:26:09.706 [FXGL Background Thread 3 ] DEBUG Engine               - configClass: Optional.empty
11:26:09.706 [FXGL Background Thread 3 ] DEBUG Engine               - credits: []
11:26:09.706 [FXGL Background Thread 3 ] DEBUG Engine               - defaultCursor: CursorInfo(imageName=fxgl_default_cursor.png, hotspotX=7.0, hotspotY=6.0)
11:26:09.707 [FXGL Background Thread 3 ] DEBUG Engine               - devBBoxColorProperty: ObjectProperty [value: 0xff0000ff]
11:26:09.707 [FXGL Background Thread 3 ] DEBUG Engine               - devEnableDebugCameraProperty: BooleanProperty [value: false]
11:26:09.707 [FXGL Background Thread 3 ] DEBUG Engine               - devSensorColorProperty: ObjectProperty [value: 0xffff00ff]
11:26:09.707 [FXGL Background Thread 3 ] DEBUG Engine               - devShowBBoxProperty: BooleanProperty [value: false]
11:26:09.707 [FXGL Background Thread 3 ] DEBUG Engine               - devShowPositionProperty: BooleanProperty [value: false]
11:26:09.707 [FXGL Background Thread 3 ] DEBUG Engine               - enabledMenuItems: []
11:26:09.708 [FXGL Background Thread 3 ] DEBUG Engine               - engineServices: [class com.almasb.fxgl.app.services.FXGLAssetLoaderService, class com.almasb.fxgl.app.FXGLApplication$GameApplicationService, class com.almasb.fxgl.app.services.FXGLDialogService, class com.almasb.fxgl.app.services.IOTaskExecutorService, class com.almasb.fxgl.io.FileSystemService, class com.almasb.fxgl.localization.LocalizationService, class com.almasb.fxgl.app.services.SystemBundleService, class com.almasb.fxgl.profile.SaveLoadService, class com.almasb.fxgl.ui.FXGLUIFactoryServiceProvider, class com.almasb.fxgl.ui.FXGLDialogFactoryServiceProvider, class com.almasb.fxgl.audio.AudioPlayer, class com.almasb.fxgl.notification.impl.NotificationServiceProvider, class com.almasb.fxgl.achievement.AchievementService, class com.almasb.fxgl.cutscene.CutsceneService, class com.almasb.fxgl.minigames.MiniGameService, class com.almasb.fxgl.net.NetService, class com.almasb.fxgl.app.services.UpdaterService, class com.almasb.fxgl.dev.DevService]
11:26:09.708 [FXGL Background Thread 3 ] DEBUG Engine               - fontGame: Abel-Regular.ttf
11:26:09.708 [FXGL Background Thread 3 ] DEBUG Engine               - fontMono: TerminalLandMono-Regular.otf
11:26:09.708 [FXGL Background Thread 3 ] DEBUG Engine               - fontText: Courier-Prime.ttf
11:26:09.708 [FXGL Background Thread 3 ] DEBUG Engine               - fontUI: VarelaRound-Regular.ttf
11:26:09.708 [FXGL Background Thread 3 ] DEBUG Engine               - fullScreen: BooleanProperty [value: false]
11:26:09.708 [FXGL Background Thread 3 ] DEBUG Engine               - gameDifficulty: MEDIUM
11:26:09.708 [FXGL Background Thread 3 ] DEBUG Engine               - gameDifficultyProperty: ObjectProperty [value: MEDIUM]
11:26:09.708 [FXGL Background Thread 3 ] DEBUG Engine               - globalMusicVolume: 0.5
11:26:09.709 [FXGL Background Thread 3 ] DEBUG Engine               - globalMusicVolumeProperty: DoubleProperty [value: 0.5]
11:26:09.709 [FXGL Background Thread 3 ] DEBUG Engine               - globalSoundVolume: 0.5
11:26:09.709 [FXGL Background Thread 3 ] DEBUG Engine               - globalSoundVolumeProperty: DoubleProperty [value: 0.5]
11:26:09.709 [FXGL Background Thread 3 ] DEBUG Engine               - height: 720
11:26:09.709 [FXGL Background Thread 3 ] DEBUG Engine               - is3D: false
11:26:09.709 [FXGL Background Thread 3 ] DEBUG Engine               - isAndroid: false
11:26:09.709 [FXGL Background Thread 3 ] DEBUG Engine               - isBrowser: false
11:26:09.709 [FXGL Background Thread 3 ] DEBUG Engine               - isClickFeedbackEnabled: false
11:26:09.709 [FXGL Background Thread 3 ] DEBUG Engine               - isCloseConfirmation: false
11:26:09.709 [FXGL Background Thread 3 ] DEBUG Engine               - isDesktop: true
11:26:09.710 [FXGL Background Thread 3 ] DEBUG Engine               - isDeveloperMenuEnabled: false
11:26:09.710 [FXGL Background Thread 3 ] DEBUG Engine               - isEmbedded: false
11:26:09.710 [FXGL Background Thread 3 ] DEBUG Engine               - isEntityPreloadEnabled: true
11:26:09.710 [FXGL Background Thread 3 ] DEBUG Engine               - isExperimentalTiledLargeMap: false
11:26:09.710 [FXGL Background Thread 3 ] DEBUG Engine               - isFileSystemWriteAllowed: true
11:26:09.710 [FXGL Background Thread 3 ] DEBUG Engine               - isFullScreenAllowed: false
11:26:09.710 [FXGL Background Thread 3 ] DEBUG Engine               - isFullScreenFromStart: false
11:26:09.710 [FXGL Background Thread 3 ] DEBUG Engine               - isGameMenuEnabled: true
11:26:09.710 [FXGL Background Thread 3 ] DEBUG Engine               - isIOS: false
11:26:09.710 [FXGL Background Thread 3 ] DEBUG Engine               - isIntroEnabled: false
11:26:09.711 [FXGL Background Thread 3 ] DEBUG Engine               - isLinux: false
11:26:09.711 [FXGL Background Thread 3 ] DEBUG Engine               - isMac: false
11:26:09.711 [FXGL Background Thread 3 ] DEBUG Engine               - isMainMenuEnabled: false
11:26:09.711 [FXGL Background Thread 3 ] DEBUG Engine               - isManualResizeEnabled: false
11:26:09.711 [FXGL Background Thread 3 ] DEBUG Engine               - isMobile: false
11:26:09.711 [FXGL Background Thread 3 ] DEBUG Engine               - isNative: false
11:26:09.711 [FXGL Background Thread 3 ] DEBUG Engine               - isPauseMusicWhenMinimized: true
11:26:09.711 [FXGL Background Thread 3 ] DEBUG Engine               - isPreserveResizeRatio: false
11:26:09.711 [FXGL Background Thread 3 ] DEBUG Engine               - isProfilingEnabled: false
11:26:09.711 [FXGL Background Thread 3 ] DEBUG Engine               - isScaleAffectedOnResize: true
11:26:09.711 [FXGL Background Thread 3 ] DEBUG Engine               - isSingleStep: false
11:26:09.711 [FXGL Background Thread 3 ] DEBUG Engine               - isUserProfileEnabled: false
11:26:09.711 [FXGL Background Thread 3 ] DEBUG Engine               - isWindows: true
11:26:09.711 [FXGL Background Thread 3 ] DEBUG Engine               - language: ObjectProperty [value: ENGLISH]
11:26:09.712 [FXGL Background Thread 3 ] DEBUG Engine               - menuKey: ESCAPE
11:26:09.712 [FXGL Background Thread 3 ] DEBUG Engine               - mouseSensitivity: 0.2
11:26:09.712 [FXGL Background Thread 3 ] DEBUG Engine               - notificationViewClass: class com.almasb.fxgl.notification.view.XboxNotificationView
11:26:09.712 [FXGL Background Thread 3 ] DEBUG Engine               - pixelsPerMeter: 50.0
11:26:09.712 [FXGL Background Thread 3 ] DEBUG Engine               - platform: WINDOWS
11:26:09.712 [FXGL Background Thread 3 ] DEBUG Engine               - prefHeightProperty: ReadOnlyDoubleProperty [value: 720.0]
11:26:09.712 [FXGL Background Thread 3 ] DEBUG Engine               - prefWidthProperty: ReadOnlyDoubleProperty [value: 1280.0]
11:26:09.712 [FXGL Background Thread 3 ] DEBUG Engine               - profileDir: profiles/
11:26:09.712 [FXGL Background Thread 3 ] DEBUG Engine               - profileName: StringProperty [value: DEFAULT]
11:26:09.712 [FXGL Background Thread 3 ] DEBUG Engine               - randomSeed: -1
11:26:09.713 [FXGL Background Thread 3 ] DEBUG Engine               - runtimeInfo: RuntimeInfo(platform=WINDOWS, version=17.2, build=20.08.2022 16.50)
11:26:09.713 [FXGL Background Thread 3 ] DEBUG Engine               - saveFileExt: sav
11:26:09.713 [FXGL Background Thread 3 ] DEBUG Engine               - scaledHeightProp$fxgl: DoubleProperty [bound, value: 720.0]
11:26:09.713 [FXGL Background Thread 3 ] DEBUG Engine               - scaledWidthProp$fxgl: DoubleProperty [bound, value: 1280.0]
11:26:09.713 [FXGL Background Thread 3 ] DEBUG Engine               - sceneFactory: com.almasb.fxgl.app.scene.SceneFactory@1b0a41c1
11:26:09.713 [FXGL Background Thread 3 ] DEBUG Engine               - secondsIn24h: 60
11:26:09.713 [FXGL Background Thread 3 ] DEBUG Engine               - soundMenuBack: menu/back.wav
11:26:09.714 [FXGL Background Thread 3 ] DEBUG Engine               - soundMenuPress: menu/press.wav
11:26:09.714 [FXGL Background Thread 3 ] DEBUG Engine               - soundMenuSelect: menu/select.wav
11:26:09.714 [FXGL Background Thread 3 ] DEBUG Engine               - soundNotification: core/notification.wav
11:26:09.714 [FXGL Background Thread 3 ] DEBUG Engine               - stageStyle: DECORATED
11:26:09.714 [FXGL Background Thread 3 ] DEBUG Engine               - supportedLanguages: [ENGLISH, FRENCH, GERMAN, HUNGARIAN, RUSSIAN]
11:26:09.714 [FXGL Background Thread 3 ] DEBUG Engine               - ticksPerSecond: -1
11:26:09.714 [FXGL Background Thread 3 ] DEBUG Engine               - title: Basic Game App
11:26:09.714 [FXGL Background Thread 3 ] DEBUG Engine               - urlGithub: https://github.com/AlmasB/FXGL
11:26:09.714 [FXGL Background Thread 3 ] DEBUG Engine               - urlLeaderboard: http://fxgl-top.herokuapp.com/
11:26:09.714 [FXGL Background Thread 3 ] DEBUG Engine               - urlPOM: https://raw.githubusercontent.com/AlmasB/FXGL/release/README.md
11:26:09.714 [FXGL Background Thread 3 ] DEBUG Engine               - userAppClass: class org.example.Main
11:26:09.714 [FXGL Background Thread 3 ] DEBUG Engine               - version: 0.0
11:26:09.714 [FXGL Background Thread 3 ] DEBUG Engine               - versionCheckDays: 7
11:26:09.714 [FXGL Background Thread 3 ] DEBUG Engine               - width: 1280
11:26:09.716 [FXGL Background Thread 3 ] DEBUG Engine               - Logging services
11:26:09.717 [FXGL Background Thread 3 ] DEBUG Engine               - class com.almasb.fxgl.app.services.FXGLAssetLoaderService
11:26:09.717 [FXGL Background Thread 3 ] DEBUG Engine               - class com.almasb.fxgl.app.FXGLApplication$GameApplicationService
11:26:09.717 [FXGL Background Thread 3 ] DEBUG Engine               - class com.almasb.fxgl.app.services.FXGLDialogService
11:26:09.717 [FXGL Background Thread 3 ] DEBUG Engine               - class com.almasb.fxgl.app.services.IOTaskExecutorService
11:26:09.717 [FXGL Background Thread 3 ] DEBUG Engine               - class com.almasb.fxgl.io.FileSystemService
11:26:09.717 [FXGL Background Thread 3 ] DEBUG Engine               - class com.almasb.fxgl.localization.LocalizationService
11:26:09.717 [FXGL Background Thread 3 ] DEBUG Engine               - class com.almasb.fxgl.app.services.SystemBundleService
11:26:09.717 [FXGL Background Thread 3 ] DEBUG Engine               - class com.almasb.fxgl.profile.SaveLoadService
11:26:09.717 [FXGL Background Thread 3 ] DEBUG Engine               - class com.almasb.fxgl.ui.FXGLUIFactoryServiceProvider
11:26:09.717 [FXGL Background Thread 3 ] DEBUG Engine               - class com.almasb.fxgl.ui.FXGLDialogFactoryServiceProvider
11:26:09.717 [FXGL Background Thread 3 ] DEBUG Engine               - class com.almasb.fxgl.audio.AudioPlayer
11:26:09.717 [FXGL Background Thread 3 ] DEBUG Engine               - class com.almasb.fxgl.notification.impl.NotificationServiceProvider
11:26:09.717 [FXGL Background Thread 3 ] DEBUG Engine               - class com.almasb.fxgl.achievement.AchievementService
11:26:09.717 [FXGL Background Thread 3 ] DEBUG Engine               - class com.almasb.fxgl.cutscene.CutsceneService
11:26:09.717 [FXGL Background Thread 3 ] DEBUG Engine               - class com.almasb.fxgl.minigames.MiniGameService
11:26:09.718 [FXGL Background Thread 3 ] DEBUG Engine               - class com.almasb.fxgl.net.NetService
11:26:09.718 [FXGL Background Thread 3 ] DEBUG Engine               - class com.almasb.fxgl.app.services.UpdaterService
11:26:09.718 [FXGL Background Thread 3 ] DEBUG Engine               - class com.almasb.fxgl.dev.DevService
11:26:18.280 [JavaFX Application Thread] DEBUG LoopRunner           - Resuming loop
11:26:19.962 [JavaFX Application Thread] DEBUG FXGLApplication      - Exiting FXGL
11:26:19.962 [JavaFX Application Thread] DEBUG Async                - Shutting down background threads
11:26:19.962 [JavaFX Application Thread] DEBUG PrimaryStageWindow   - Closing main window
11:26:19.996 [JavaFX Application Thread] DEBUG Logger               - Closing Logger
