13:44:54.283 [main                     ] DEBUG Logger               - Configured Logger
13:44:54.338 [main                     ] DEBUG GameApplication      - Logging settings
Title: Basic Game App
Version: 0.0
Width: 1280
Height: 720
Fullscreen: false
Intro: false
Profiling: false
Single step:false
App Mode: DEVELOPER
Menu Key: ESCAPE
Stage Style: DECORATED
Scene Factory: class com.almasb.fxgl.app.scene.SceneFactory

13:44:55.096 [JavaFX Application Thread] DEBUG FXGLApplication      - Initializing FXGL
13:44:55.108 [JavaFX Application Thread] INFO  Engine               - FXGL-17.2 (20.08.2022 16.50) on WINDOWS (J:17.0.12 FX:18)
13:44:55.109 [JavaFX Application Thread] DEBUG Engine               - JRE Vendor Name: Oracle Corporation
13:44:55.109 [JavaFX Application Thread] DEBUG Engine               - Running on OS: Windows 11 version 10.0
13:44:55.110 [JavaFX Application Thread] DEBUG Engine               - Architecture: amd64
13:44:55.110 [JavaFX Application Thread] INFO  Engine               - Source code and latest versions at: https://github.com/AlmasB/FXGL
13:44:55.110 [JavaFX Application Thread] INFO  Engine               -       Ask questions and discuss at: https://github.com/AlmasB/FXGL/discussions
13:44:55.110 [JavaFX Application Thread] INFO  Engine               -              Join the FXGL chat at: https://gitter.im/AlmasB/FXGL
13:44:55.367 [JavaFX Application Thread] DEBUG PrimaryStageWindow   - Creating a JavaFX scene
13:44:55.467 [JavaFX Application Thread] DEBUG PrimaryStageWindow   - Target settings size: 1280.0 x 720.0
13:44:55.467 [JavaFX Application Thread] DEBUG PrimaryStageWindow   - Scaled scene size:    1280.0 x 720.0
13:44:55.468 [JavaFX Application Thread] DEBUG PrimaryStageWindow   - Scaled ratio: (1.0, 1.0)
13:44:55.470 [JavaFX Application Thread] DEBUG PrimaryStageWindow   - Set initial scene to FXGLStartupScene
13:44:55.491 [JavaFX Application Thread] DEBUG PrimaryStageWindow   - Opening main window
13:44:55.685 [JavaFX Application Thread] DEBUG PrimaryStageWindow   - Window border size: (16.0, 39.0)
13:44:55.686 [JavaFX Application Thread] DEBUG PrimaryStageWindow   - Scaled size: 1280.0 x 720.0
13:44:55.686 [JavaFX Application Thread] DEBUG PrimaryStageWindow   - Scaled ratio: (1.0, 1.0)
13:44:55.687 [JavaFX Application Thread] DEBUG PrimaryStageWindow   - Scene size: 1280.0 x 720.0
13:44:55.687 [JavaFX Application Thread] DEBUG PrimaryStageWindow   - Stage size: 1296.0 x 759.0
13:44:55.755 [FXGL Background Thread 1 ] DEBUG Engine               - Initializing environment variables
13:44:55.827 [FXGL Background Thread 1 ] DEBUG FXGLAssetLoaderServi - User app class for loading assets: class org.example.Main
13:44:55.827 [FXGL Background Thread 1 ] DEBUG GameApplicationServi - Applying CSS: fxgl_dark.css
13:44:55.829 [FXGL Background Thread 1 ] DEBUG FXGLAssetLoaderServi - Loading from file system: jar:file:/C:/Users/elsal/.m2/repository/com/github/almasb/fxgl/17.2/fxgl-17.2.jar!/fxglassets/ui/css/fxgl_dark.css
13:44:55.918 [FXGL Background Thread 1 ] DEBUG GameApplicationServi - Initializing application scenes
13:44:56.042 [FXGL Background Thread 1 ] DEBUG GameWorld            - Game world initialized
13:44:56.165 [FXGL Background Thread 1 ] DEBUG PhysicsWorld         - Physics world initialized: appHeight=720, physics.ppm=50.0
13:44:56.167 [FXGL Background Thread 1 ] DEBUG PhysicsWorld         - Using strategy: BRUTE_FORCE
13:44:56.178 [FXGL Background Thread 1 ] DEBUG GameScene            - Game scene initialized: 1280x720
13:44:56.207 [FXGL Background Thread 1 ] DEBUG FXGL.DefaultMenu     - createMenuBodyGameMenu()
13:44:56.245 [FXGL Background Thread 1 ] DEBUG FXGL.DefaultMenu     - createOptionsMenu()
13:44:56.273 [FXGL Background Thread 1 ] DEBUG FXGLAssetLoaderServi - Loading from file system: jar:file:/C:/Users/elsal/.m2/repository/com/github/almasb/fxgl/17.2/fxgl-17.2.jar!/fxglassets/textures/particles/smoke.png
13:44:56.488 [FXGL Background Thread 1 ] DEBUG FXGLAssetLoaderServi - Loading from file system: jar:file:/C:/Users/elsal/.m2/repository/com/github/almasb/fxgl/17.2/fxgl-17.2.jar!/fxglassets/textures/particles/trace_horizontal.png
13:44:56.539 [FXGL Background Thread 1 ] DEBUG GameApplicationServi - Application scenes initialized
13:44:56.570 [FXGL Background Thread 1 ] DEBUG SystemBundleService  - Loading FXGL system data
13:44:56.581 [FXGL Background Thread 1 ] DEBUG FileSystemAccess     - Reading from: C:\Users\elsal\OneDrive\Escritorio\restaurantSim\system\fxgl.bundle
13:44:56.597 [FXGL Background Thread 1 ] DEBUG SystemBundleService  - Bundle FXGL: {}
13:44:56.597 [FXGL Background Thread 1 ] DEBUG UpdaterService       - Checking for updates
13:44:56.611 [FXGL Background Thread 1 ] DEBUG FXGLApplication      - Loading default localization
13:44:56.613 [FXGL Background Thread 1 ] DEBUG FXGLAssetLoaderServi - Loading from file system: jar:file:/C:/Users/elsal/.m2/repository/com/github/almasb/fxgl/17.2/fxgl-17.2.jar!/fxglassets/languages/english.lang
13:44:56.621 [FXGL Background Thread 4 ] DEBUG FXGLApplication      - Loading fonts
13:44:56.622 [FXGL Background Thread 4 ] DEBUG FXGLAssetLoaderServi - Loading from file system: jar:file:/C:/Users/elsal/.m2/repository/com/github/almasb/fxgl/17.2/fxgl-17.2.jar!/fxglassets/ui/fonts/VarelaRound-Regular.ttf
13:44:56.695 [FXGL Background Thread 1 ] INFO  FXGLApplication      - FXGL initialization took: 0.939 sec
13:44:56.724 [JavaFX Application Thread] DEBUG Input                - Registered new binding: action0 - D
13:44:56.727 [JavaFX Application Thread] DEBUG Input                - Registered new binding: action1 - A
13:44:56.727 [JavaFX Application Thread] DEBUG Input                - Registered new binding: action2 - W
13:44:56.729 [JavaFX Application Thread] DEBUG Input                - Registered new binding: action3 - S
13:44:56.730 [JavaFX Application Thread] DEBUG FXGLAssetLoaderServi - Loading from file system: jar:file:/C:/Users/elsal/.m2/repository/com/github/almasb/fxgl/17.2/fxgl-17.2.jar!/fxglassets/textures/fxgl_icon.png
13:44:56.786 [JavaFX Application Thread] DEBUG FXGLAssetLoaderServi - Loading from file system: jar:file:/C:/Users/elsal/.m2/repository/com/github/almasb/fxgl/17.2/fxgl-17.2.jar!/fxglassets/textures/fxgl_default_cursor.png
13:44:56.795 [JavaFX Application Thread] DEBUG Input                - Registered new binding: Screenshot - CTRL+8
13:44:56.796 [JavaFX Application Thread] DEBUG Input                - Registered new binding: System info dump - CTRL+9
13:44:56.796 [JavaFX Application Thread] DEBUG Input                - Registered new binding: Restart - CTRL+R
13:44:56.797 [JavaFX Application Thread] DEBUG Input                - Registered new binding: Toggle Debug Camera - CTRL+7
13:44:56.803 [JavaFX Application Thread] DEBUG LoopRunner           - Starting loop
13:44:56.804 [JavaFX Application Thread] DEBUG LoopRunner           - Initializing JavaFX AnimationTimerLoop
13:44:56.807 [JavaFX Application Thread] DEBUG GameApplicationServi - Starting new game
13:44:56.809 [JavaFX Application Thread] DEBUG Input                - Clearing active input actions
13:44:56.833 [JavaFX Application Thread] DEBUG GameApplicationServi - Removing overlay from FXGLStartupScene and adding to FXGLLoadingScene
13:44:56.834 [JavaFX Application Thread] DEBUG PrimaryStageWindow   - FXGLStartupScene -> FXGLLoadingScene
13:44:56.834 [JavaFX Application Thread] DEBUG GameApplicationServi - Clearing previous game
13:44:56.834 [JavaFX Application Thread] DEBUG GameScene            - Clearing game scene
13:44:56.834 [JavaFX Application Thread] DEBUG GameWorld            - Clearing game world
13:44:56.834 [JavaFX Application Thread] DEBUG PhysicsWorld         - Clearing physics world
13:44:56.844 [FXGL Background Thread 1 ] DEBUG FXGLApplication      - Initializing game
13:44:56.866 [FXGL Background Thread 1 ] INFO  FXGLApplication      - Game initialization took: 0.020 sec
13:44:56.977 [JavaFX Application Thread] DEBUG Input                - Clearing active input actions
13:44:56.989 [JavaFX Application Thread] DEBUG GameApplicationServi - Removing overlay from FXGLLoadingScene and adding to GameScene
13:44:56.990 [JavaFX Application Thread] DEBUG PrimaryStageWindow   - FXGLLoadingScene -> GameScene
13:44:57.118 [FXGL Background Thread 4 ] DEBUG FXGLAssetLoaderServi - Loading from file system: jar:file:/C:/Users/elsal/.m2/repository/com/github/almasb/fxgl/17.2/fxgl-17.2.jar!/fxglassets/ui/fonts/Abel-Regular.ttf
13:44:57.128 [FXGL Background Thread 4 ] DEBUG FXGLAssetLoaderServi - Loading from file system: jar:file:/C:/Users/elsal/.m2/repository/com/github/almasb/fxgl/17.2/fxgl-17.2.jar!/fxglassets/ui/fonts/TerminalLandMono-Regular.otf
13:44:57.162 [FXGL Background Thread 4 ] DEBUG FXGLAssetLoaderServi - Loading from file system: jar:file:/C:/Users/elsal/.m2/repository/com/github/almasb/fxgl/17.2/fxgl-17.2.jar!/fxglassets/ui/fonts/Courier-Prime.ttf
13:44:57.190 [JavaFX Application Thread] DEBUG FXGLApplication      - Registering font factories with UI factory
13:44:57.950 [JavaFX Application Thread] DEBUG FXGLApplication      - Exiting FXGL
13:44:57.951 [JavaFX Application Thread] DEBUG LoopRunner           - Stopping loop
13:44:57.951 [JavaFX Application Thread] DEBUG SystemBundleService  - Saving FXGL system data
13:44:57.955 [JavaFX Application Thread] DEBUG FileSystemAccess     - Writing to: C:\Users\elsal\OneDrive\Escritorio\restaurantSim\system\fxgl.bundle
13:44:57.958 [JavaFX Application Thread] DEBUG Async                - Shutting down background threads
13:44:57.958 [JavaFX Application Thread] DEBUG PrimaryStageWindow   - Closing main window
13:44:57.997 [JavaFX Application Thread] DEBUG Logger               - Closing Logger
